#
# There is insufficient memory for the Java Runtime Environment to continue.
# Native memory allocation (malloc) failed to allocate 1241520 bytes for Chunk::new
# Possible reasons:
#   The system is out of physical RAM or swap space
#   The process is running with CompressedOops enabled, and the Java Heap may be blocking the growth of the native heap
# Possible solutions:
#   Reduce memory load on the system
#   Increase physical memory or swap space
#   Check if swap backing store is full
#   Decrease Java heap size (-Xmx/-Xms)
#   Decrease number of Java threads
#   Decrease Java thread stack sizes (-Xss)
#   Set larger code cache with -XX:ReservedCodeCacheSize=
#   JVM is running with Unscaled Compressed Oops mode in which the Java heap is
#     placed in the first 4GB address space. The Java Heap base address is the
#     maximum limit for the native heap growth. Please use -XX:HeapBaseMinAddress
#     to set the Java Heap base and to place the Java Heap above 4GB virtual address.
# This output file may be truncated or incomplete.
#
#  Out of Memory Error (arena.cpp:189), pid=19808, tid=8824
#
# JRE version: OpenJDK Runtime Environment (17.0.6) (build 17.0.6+0-b2043.56-10027231)
# Java VM: OpenJDK 64-Bit Server VM (17.0.6+0-b2043.56-10027231, mixed mode, tiered, compressed oops, compressed class ptrs, g1 gc, windows-amd64)
# No core dump will be written. Minidumps are not enabled by default on client versions of Windows
#

---------------  S U M M A R Y ------------

Command Line: --add-opens=java.base/java.util=ALL-UNNAMED --add-opens=java.base/java.lang=ALL-UNNAMED --add-opens=java.base/java.lang.invoke=ALL-UNNAMED --add-opens=java.prefs/java.util.prefs=ALL-UNNAMED --add-opens=java.base/java.nio.charset=ALL-UNNAMED --add-opens=java.base/java.net=ALL-UNNAMED --add-opens=java.base/java.util.concurrent.atomic=ALL-UNNAMED -Xmx2048m -Dfile.encoding=UTF-8 -Duser.country=US -Duser.language=en -Duser.variant org.gradle.launcher.daemon.bootstrap.GradleDaemon 8.0

Host: Intel(R) Core(TM) i5-6200U CPU @ 2.30GHz, 4 cores, 7G,  Windows 11 , 64 bit Build 25997 (10.0.25997.1000)
Time: Thu Nov 30 11:19:25 2023 SE Asia Standard Time elapsed time: 15.061618 seconds (0d 0h 0m 15s)

---------------  T H R E A D  ---------------

Current thread (0x0000027bd086ea40):  JavaThread "C2 CompilerThread0" daemon [_thread_in_native, id=8824, stack(0x0000009e38900000,0x0000009e38a00000)]


Current CompileTask:
C2:  15061 4283       4       org.codehaus.groovy.runtime.metaclass.MetaMethodIndex::addMethodToList (131 bytes)

Stack: [0x0000009e38900000,0x0000009e38a00000]
Native frames: (J=compiled Java code, j=interpreted, Vv=VM code, C=native code)
V  [jvm.dll+0x683c9a]
V  [jvm.dll+0x8427a4]
V  [jvm.dll+0x843f9e]
V  [jvm.dll+0x844603]
V  [jvm.dll+0x249b75]
V  [jvm.dll+0xabcac]
V  [jvm.dll+0xac27c]
V  [jvm.dll+0x368857]
V  [jvm.dll+0x332f31]
V  [jvm.dll+0x3323da]
V  [jvm.dll+0x21c201]
V  [jvm.dll+0x21b621]
V  [jvm.dll+0x1a4fdd]
V  [jvm.dll+0x22b098]
V  [jvm.dll+0x229159]
V  [jvm.dll+0x7f81ec]
V  [jvm.dll+0x7f274a]
V  [jvm.dll+0x682ad5]
C  [ucrtbase.dll+0x6e350]
C  [KERNEL32.DLL+0x11f67]
C  [ntdll.dll+0x54730]


---------------  P R O C E S S  ---------------

Threads class SMR info:
_java_thread_list=0x0000027bd5ce3450, length=37, elements={
0x0000027bb728e3e0, 0x0000027bd0845f80, 0x0000027bd1413070, 0x0000027bd0865ce0,
0x0000027bd08685b0, 0x0000027bd08699e0, 0x0000027bd086b220, 0x0000027bd086ea40,
0x0000027bd1441570, 0x0000027bd14a1140, 0x0000027bd15e4580, 0x0000027bd15eca60,
0x0000027bd3f67010, 0x0000027bd20ab380, 0x0000027bd3d34030, 0x0000027bd3ef8040,
0x0000027bd2d6d5f0, 0x0000027bd2ada210, 0x0000027bd2c46540, 0x0000027bd26c4510,
0x0000027bd26c66c0, 0x0000027bd26c49e0, 0x0000027bd26c7ed0, 0x0000027bd26c4eb0,
0x0000027bd26c7060, 0x0000027bd26c5380, 0x0000027bd26c5d20, 0x0000027bd26c7a00,
0x0000027bd26c6b90, 0x0000027bd26c7530, 0x0000027bd26c61f0, 0x0000027bd5623f00,
0x0000027bd56243d0, 0x0000027bd5626580, 0x0000027bd56273f0, 0x0000027bd5621880,
0x0000027bd5626f20
}

Java Threads: ( => current thread )
  0x0000027bb728e3e0 JavaThread "main" [_thread_blocked, id=16772, stack(0x0000009e37c00000,0x0000009e37d00000)]
  0x0000027bd0845f80 JavaThread "Reference Handler" daemon [_thread_blocked, id=15148, stack(0x0000009e38300000,0x0000009e38400000)]
  0x0000027bd1413070 JavaThread "Finalizer" daemon [_thread_blocked, id=15656, stack(0x0000009e38400000,0x0000009e38500000)]
  0x0000027bd0865ce0 JavaThread "Signal Dispatcher" daemon [_thread_blocked, id=5468, stack(0x0000009e38500000,0x0000009e38600000)]
  0x0000027bd08685b0 JavaThread "Attach Listener" daemon [_thread_blocked, id=19692, stack(0x0000009e38600000,0x0000009e38700000)]
  0x0000027bd08699e0 JavaThread "Service Thread" daemon [_thread_blocked, id=19132, stack(0x0000009e38700000,0x0000009e38800000)]
  0x0000027bd086b220 JavaThread "Monitor Deflation Thread" daemon [_thread_blocked, id=14640, stack(0x0000009e38800000,0x0000009e38900000)]
=>0x0000027bd086ea40 JavaThread "C2 CompilerThread0" daemon [_thread_in_native, id=8824, stack(0x0000009e38900000,0x0000009e38a00000)]
  0x0000027bd1441570 JavaThread "C1 CompilerThread0" daemon [_thread_in_native, id=8976, stack(0x0000009e38a00000,0x0000009e38b00000)]
  0x0000027bd14a1140 JavaThread "Sweeper thread" daemon [_thread_blocked, id=17152, stack(0x0000009e38b00000,0x0000009e38c00000)]
  0x0000027bd15e4580 JavaThread "Common-Cleaner" daemon [_thread_blocked, id=11872, stack(0x0000009e38c00000,0x0000009e38d00000)]
  0x0000027bd15eca60 JavaThread "Notification Thread" daemon [_thread_blocked, id=18348, stack(0x0000009e38d00000,0x0000009e38e00000)]
  0x0000027bd3f67010 JavaThread "Daemon health stats" [_thread_blocked, id=2604, stack(0x0000009e39300000,0x0000009e39400000)]
  0x0000027bd20ab380 JavaThread "Incoming local TCP Connector on port 58010" [_thread_in_native, id=11472, stack(0x0000009e39100000,0x0000009e39200000)]
  0x0000027bd3d34030 JavaThread "Daemon periodic checks" [_thread_blocked, id=9940, stack(0x0000009e39400000,0x0000009e39500000)]
  0x0000027bd3ef8040 JavaThread "Daemon" [_thread_blocked, id=13096, stack(0x0000009e39500000,0x0000009e39600000)]
  0x0000027bd2d6d5f0 JavaThread "Handler for socket connection from /127.0.0.1:58010 to /127.0.0.1:58011" [_thread_in_native, id=20920, stack(0x0000009e39600000,0x0000009e39700000)]
  0x0000027bd2ada210 JavaThread "Cancel handler" [_thread_blocked, id=1276, stack(0x0000009e39700000,0x0000009e39800000)]
  0x0000027bd2c46540 JavaThread "Daemon worker" [_thread_in_native, id=14112, stack(0x0000009e39800000,0x0000009e39900000)]
  0x0000027bd26c4510 JavaThread "Asynchronous log dispatcher for DefaultDaemonConnection: socket connection from /127.0.0.1:58010 to /127.0.0.1:58011" [_thread_blocked, id=16588, stack(0x0000009e39900000,0x0000009e39a00000)]
  0x0000027bd26c66c0 JavaThread "Stdin handler" [_thread_blocked, id=6028, stack(0x0000009e39a00000,0x0000009e39b00000)]
  0x0000027bd26c49e0 JavaThread "Daemon client event forwarder" [_thread_blocked, id=8584, stack(0x0000009e39b00000,0x0000009e39c00000)]
  0x0000027bd26c7ed0 JavaThread "Cache worker for journal cache (C:\Users\ASUS\.gradle\caches\journal-1)" [_thread_blocked, id=4640, stack(0x0000009e39c00000,0x0000009e39d00000)]
  0x0000027bd26c4eb0 JavaThread "File lock request listener" [_thread_in_native, id=6356, stack(0x0000009e39d00000,0x0000009e39e00000)]
  0x0000027bd26c7060 JavaThread "Cache worker for file hash cache (C:\Users\ASUS\.gradle\caches\8.0\fileHashes)" [_thread_blocked, id=16736, stack(0x0000009e39e00000,0x0000009e39f00000)]
  0x0000027bd26c5380 JavaThread "File watcher server" daemon [_thread_in_native, id=20024, stack(0x0000009e39f00000,0x0000009e3a000000)]
  0x0000027bd26c5d20 JavaThread "File watcher consumer" daemon [_thread_blocked, id=8936, stack(0x0000009e3a000000,0x0000009e3a100000)]
  0x0000027bd26c7a00 JavaThread "jar transforms" [_thread_blocked, id=1640, stack(0x0000009e3a100000,0x0000009e3a200000)]
  0x0000027bd26c6b90 JavaThread "jar transforms Thread 2" [_thread_blocked, id=18084, stack(0x0000009e3a200000,0x0000009e3a300000)]
  0x0000027bd26c7530 JavaThread "jar transforms Thread 3" [_thread_blocked, id=17256, stack(0x0000009e3a300000,0x0000009e3a400000)]
  0x0000027bd26c61f0 JavaThread "jar transforms Thread 4" [_thread_blocked, id=9772, stack(0x0000009e3a400000,0x0000009e3a500000)]
  0x0000027bd5623f00 JavaThread "Cache worker for checksums cache (C:\Users\ASUS\AndroidStudioProjects\freesoul\.gradle\8.0\checksums)" [_thread_blocked, id=6432, stack(0x0000009e3a500000,0x0000009e3a600000)]
  0x0000027bd56243d0 JavaThread "Cache worker for cache directory md-rule (C:\Users\ASUS\.gradle\caches\8.0\md-rule)" [_thread_blocked, id=19912, stack(0x0000009e3a600000,0x0000009e3a700000)]
  0x0000027bd5626580 JavaThread "Cache worker for file content cache (C:\Users\ASUS\.gradle\caches\8.0\fileContent)" [_thread_blocked, id=18732, stack(0x0000009e3a700000,0x0000009e3a800000)]
  0x0000027bd56273f0 JavaThread "Cache worker for file hash cache (C:\Users\ASUS\AndroidStudioProjects\freesoul\.gradle\8.0\fileHashes)" [_thread_blocked, id=18064, stack(0x0000009e3a800000,0x0000009e3a900000)]
  0x0000027bd5621880 JavaThread "Cache worker for cache directory md-supplier (C:\Users\ASUS\.gradle\caches\8.0\md-supplier)" [_thread_blocked, id=6740, stack(0x0000009e3a900000,0x0000009e3aa00000)]
  0x0000027bd5626f20 JavaThread "Cache worker for execution history cache (C:\Users\ASUS\.gradle\caches\8.0\executionHistory)" [_thread_blocked, id=16752, stack(0x0000009e3aa00000,0x0000009e3ab00000)]

Other Threads:
  0x0000027bd083e940 VMThread "VM Thread" [stack: 0x0000009e38200000,0x0000009e38300000] [id=7040]
  0x0000027bd15bf5c0 WatcherThread [stack: 0x0000009e38e00000,0x0000009e38f00000] [id=18624]
  0x0000027bb72e6880 GCTaskThread "GC Thread#0" [stack: 0x0000009e37d00000,0x0000009e37e00000] [id=10632]
  0x0000027bd193d820 GCTaskThread "GC Thread#1" [stack: 0x0000009e38f00000,0x0000009e39000000] [id=14052]
  0x0000027bd1bb8050 GCTaskThread "GC Thread#2" [stack: 0x0000009e39000000,0x0000009e39100000] [id=6576]
  0x0000027bd1647220 GCTaskThread "GC Thread#3" [stack: 0x0000009e39200000,0x0000009e39300000] [id=2624]
  0x0000027bb72f93b0 ConcurrentGCThread "G1 Main Marker" [stack: 0x0000009e37e00000,0x0000009e37f00000] [id=9728]
  0x0000027bb72fb480 ConcurrentGCThread "G1 Conc#0" [stack: 0x0000009e37f00000,0x0000009e38000000] [id=6996]
  0x0000027bb733d9c0 ConcurrentGCThread "G1 Refine#0" [stack: 0x0000009e38000000,0x0000009e38100000] [id=7868]
  0x0000027bb733e2f0 ConcurrentGCThread "G1 Service" [stack: 0x0000009e38100000,0x0000009e38200000] [id=14744]

Threads with active compile tasks:
C2 CompilerThread0    15139 4283       4       org.codehaus.groovy.runtime.metaclass.MetaMethodIndex::addMethodToList (131 bytes)
C1 CompilerThread0    15139 4358       3       org.gradle.internal.reflect.JavaPropertyReflectionUtil::doesNotHaveTypeVariable (107 bytes)

VM state: not at safepoint (normal execution)

VM Mutex/Monitor currently owned by a thread: None

Heap address: 0x0000000080000000, size: 2048 MB, Compressed Oops mode: 32-bit

CDS archive(s) not mapped
Compressed class space mapped at: 0x0000000100000000-0x0000000140000000, reserved size: 1073741824
Narrow klass base: 0x0000000000000000, Narrow klass shift: 3, Narrow klass range: 0x140000000

GC Precious Log:
 CPUs: 4 total, 4 available
 Memory: 8088M
 Large Page Support: Disabled
 NUMA Support: Disabled
 Compressed Oops: Enabled (32-bit)
 Heap Region Size: 1M
 Heap Min Capacity: 8M
 Heap Initial Capacity: 128M
 Heap Max Capacity: 2G
 Pre-touch: Disabled
 Parallel Workers: 4
 Concurrent Workers: 1
 Concurrent Refinement Workers: 4
 Periodic GC: Disabled

Heap:
 garbage-first heap   total 116736K, used 76855K [0x0000000080000000, 0x0000000100000000)
  region size 1024K, 13 young (13312K), 3 survivors (3072K)
 Metaspace       used 48859K, committed 49344K, reserved 1097728K
  class space    used 6377K, committed 6592K, reserved 1048576K

Heap Regions: E=young(eden), S=young(survivor), O=old, HS=humongous(starts), HC=humongous(continues), CS=collection set, F=free, OA=open archive, CA=closed archive, TAMS=top-at-mark-start (previous, next)
|   0|0x0000000080000000, 0x0000000080100000, 0x0000000080100000|100%| O|  |TAMS 0x0000000080100000, 0x0000000080000000| Untracked 
|   1|0x0000000080100000, 0x0000000080200000, 0x0000000080200000|100%| O|  |TAMS 0x0000000080200000, 0x0000000080100000| Untracked 
|   2|0x0000000080200000, 0x0000000080300000, 0x0000000080300000|100%|HS|  |TAMS 0x0000000080300000, 0x0000000080200000| Complete 
|   3|0x0000000080300000, 0x0000000080400000, 0x0000000080400000|100%|HC|  |TAMS 0x0000000080400000, 0x0000000080300000| Complete 
|   4|0x0000000080400000, 0x0000000080500000, 0x0000000080500000|100%|HC|  |TAMS 0x0000000080500000, 0x0000000080400000| Complete 
|   5|0x0000000080500000, 0x0000000080600000, 0x0000000080600000|100%|HC|  |TAMS 0x0000000080600000, 0x0000000080500000| Complete 
|   6|0x0000000080600000, 0x0000000080700000, 0x0000000080700000|100%| O|  |TAMS 0x0000000080700000, 0x0000000080600000| Untracked 
|   7|0x0000000080700000, 0x0000000080800000, 0x0000000080800000|100%| O|  |TAMS 0x0000000080800000, 0x0000000080700000| Untracked 
|   8|0x0000000080800000, 0x0000000080900000, 0x0000000080900000|100%| O|  |TAMS 0x0000000080900000, 0x0000000080800000| Untracked 
|   9|0x0000000080900000, 0x0000000080a00000, 0x0000000080a00000|100%| O|  |TAMS 0x0000000080a00000, 0x0000000080900000| Untracked 
|  10|0x0000000080a00000, 0x0000000080b00000, 0x0000000080b00000|100%| O|  |TAMS 0x0000000080b00000, 0x0000000080a00000| Untracked 
|  11|0x0000000080b00000, 0x0000000080c00000, 0x0000000080c00000|100%| O|  |TAMS 0x0000000080c00000, 0x0000000080b00000| Untracked 
|  12|0x0000000080c00000, 0x0000000080d00000, 0x0000000080d00000|100%| O|  |TAMS 0x0000000080d00000, 0x0000000080c00000| Untracked 
|  13|0x0000000080d00000, 0x0000000080e00000, 0x0000000080e00000|100%| O|  |TAMS 0x0000000080e00000, 0x0000000080d00000| Untracked 
|  14|0x0000000080e00000, 0x0000000080f00000, 0x0000000080f00000|100%| O|  |TAMS 0x0000000080f00000, 0x0000000080e00000| Untracked 
|  15|0x0000000080f00000, 0x0000000081000000, 0x0000000081000000|100%| O|  |TAMS 0x0000000081000000, 0x0000000080f00000| Untracked 
|  16|0x0000000081000000, 0x0000000081100000, 0x0000000081100000|100%| O|  |TAMS 0x0000000081100000, 0x0000000081000000| Untracked 
|  17|0x0000000081100000, 0x0000000081200000, 0x0000000081200000|100%| O|  |TAMS 0x0000000081200000, 0x0000000081100000| Untracked 
|  18|0x0000000081200000, 0x0000000081300000, 0x0000000081300000|100%| O|  |TAMS 0x0000000081300000, 0x0000000081200000| Untracked 
|  19|0x0000000081300000, 0x0000000081400000, 0x0000000081400000|100%| O|  |TAMS 0x0000000081400000, 0x0000000081300000| Untracked 
|  20|0x0000000081400000, 0x0000000081500000, 0x0000000081500000|100%| O|  |TAMS 0x0000000081500000, 0x0000000081400000| Untracked 
|  21|0x0000000081500000, 0x0000000081600000, 0x0000000081600000|100%|HS|  |TAMS 0x0000000081600000, 0x0000000081500000| Complete 
|  22|0x0000000081600000, 0x0000000081700000, 0x0000000081700000|100%|HC|  |TAMS 0x0000000081700000, 0x0000000081600000| Complete 
|  23|0x0000000081700000, 0x0000000081800000, 0x0000000081800000|100%|HS|  |TAMS 0x0000000081800000, 0x0000000081700000| Complete 
|  24|0x0000000081800000, 0x0000000081900000, 0x0000000081900000|100%|HC|  |TAMS 0x0000000081900000, 0x0000000081800000| Complete 
|  25|0x0000000081900000, 0x0000000081a00000, 0x0000000081a00000|100%|HC|  |TAMS 0x0000000081a00000, 0x0000000081900000| Complete 
|  26|0x0000000081a00000, 0x0000000081b00000, 0x0000000081b00000|100%|HS|  |TAMS 0x0000000081b00000, 0x0000000081a00000| Complete 
|  27|0x0000000081b00000, 0x0000000081c00000, 0x0000000081c00000|100%|HC|  |TAMS 0x0000000081c00000, 0x0000000081b00000| Complete 
|  28|0x0000000081c00000, 0x0000000081d00000, 0x0000000081d00000|100%|HC|  |TAMS 0x0000000081d00000, 0x0000000081c00000| Complete 
|  29|0x0000000081d00000, 0x0000000081e00000, 0x0000000081e00000|100%|HS|  |TAMS 0x0000000081e00000, 0x0000000081d00000| Complete 
|  30|0x0000000081e00000, 0x0000000081f00000, 0x0000000081f00000|100%|HC|  |TAMS 0x0000000081f00000, 0x0000000081e00000| Complete 
|  31|0x0000000081f00000, 0x0000000082000000, 0x0000000082000000|100%|HC|  |TAMS 0x0000000082000000, 0x0000000081f00000| Complete 
|  32|0x0000000082000000, 0x0000000082100000, 0x0000000082100000|100%|HC|  |TAMS 0x0000000082100000, 0x0000000082000000| Complete 
|  33|0x0000000082100000, 0x0000000082200000, 0x0000000082200000|100%|HC|  |TAMS 0x0000000082200000, 0x0000000082100000| Complete 
|  34|0x0000000082200000, 0x0000000082300000, 0x0000000082300000|100%|HC|  |TAMS 0x0000000082300000, 0x0000000082200000| Complete 
|  35|0x0000000082300000, 0x0000000082400000, 0x0000000082400000|100%|HC|  |TAMS 0x0000000082400000, 0x0000000082300000| Complete 
|  36|0x0000000082400000, 0x0000000082500000, 0x0000000082500000|100%|HC|  |TAMS 0x0000000082500000, 0x0000000082400000| Complete 
|  37|0x0000000082500000, 0x0000000082600000, 0x0000000082600000|100%|HC|  |TAMS 0x0000000082600000, 0x0000000082500000| Complete 
|  38|0x0000000082600000, 0x0000000082700000, 0x0000000082700000|100%|HC|  |TAMS 0x0000000082700000, 0x0000000082600000| Complete 
|  39|0x0000000082700000, 0x0000000082800000, 0x0000000082800000|100%|HC|  |TAMS 0x0000000082800000, 0x0000000082700000| Complete 
|  40|0x0000000082800000, 0x0000000082900000, 0x0000000082900000|100%|HC|  |TAMS 0x0000000082900000, 0x0000000082800000| Complete 
|  41|0x0000000082900000, 0x0000000082a00000, 0x0000000082a00000|100%| O|  |TAMS 0x0000000082a00000, 0x0000000082900000| Untracked 
|  42|0x0000000082a00000, 0x0000000082b00000, 0x0000000082b00000|100%|HS|  |TAMS 0x0000000082b00000, 0x0000000082a00000| Complete 
|  43|0x0000000082b00000, 0x0000000082c00000, 0x0000000082c00000|100%|HC|  |TAMS 0x0000000082c00000, 0x0000000082b00000| Complete 
|  44|0x0000000082c00000, 0x0000000082d00000, 0x0000000082d00000|100%| O|  |TAMS 0x0000000082d00000, 0x0000000082c00000| Untracked 
|  45|0x0000000082d00000, 0x0000000082e00000, 0x0000000082e00000|100%| O|  |TAMS 0x0000000082e00000, 0x0000000082d00000| Untracked 
|  46|0x0000000082e00000, 0x0000000082f00000, 0x0000000082f00000|100%| O|  |TAMS 0x0000000082f00000, 0x0000000082e00000| Untracked 
|  47|0x0000000082f00000, 0x0000000083000000, 0x0000000083000000|100%| O|  |TAMS 0x0000000083000000, 0x0000000082f00000| Untracked 
|  48|0x0000000083000000, 0x0000000083100000, 0x0000000083100000|100%| O|  |TAMS 0x0000000083100000, 0x0000000083000000| Untracked 
|  49|0x0000000083100000, 0x0000000083200000, 0x0000000083200000|100%| O|  |TAMS 0x0000000083200000, 0x0000000083100000| Untracked 
|  50|0x0000000083200000, 0x0000000083300000, 0x0000000083300000|100%| O|  |TAMS 0x0000000083300000, 0x0000000083200000| Untracked 
|  51|0x0000000083300000, 0x0000000083400000, 0x0000000083400000|100%| O|  |TAMS 0x0000000083400000, 0x0000000083300000| Untracked 
|  52|0x0000000083400000, 0x0000000083500000, 0x0000000083500000|100%| O|  |TAMS 0x0000000083474c00, 0x0000000083400000| Untracked 
|  53|0x0000000083500000, 0x0000000083600000, 0x0000000083600000|100%|HS|  |TAMS 0x0000000083600000, 0x0000000083500000| Complete 
|  54|0x0000000083600000, 0x0000000083700000, 0x0000000083700000|100%|HC|  |TAMS 0x0000000083700000, 0x0000000083600000| Complete 
|  55|0x0000000083700000, 0x0000000083800000, 0x0000000083800000|100%|HC|  |TAMS 0x0000000083800000, 0x0000000083700000| Complete 
|  56|0x0000000083800000, 0x0000000083900000, 0x0000000083900000|100%|HS|  |TAMS 0x0000000083900000, 0x0000000083800000| Complete 
|  57|0x0000000083900000, 0x0000000083a00000, 0x0000000083a00000|100%|HC|  |TAMS 0x0000000083a00000, 0x0000000083900000| Complete 
|  58|0x0000000083a00000, 0x0000000083b00000, 0x0000000083b00000|100%|HC|  |TAMS 0x0000000083b00000, 0x0000000083a00000| Complete 
|  59|0x0000000083b00000, 0x0000000083c00000, 0x0000000083c00000|100%| O|  |TAMS 0x0000000083b00000, 0x0000000083b00000| Untracked 
|  60|0x0000000083c00000, 0x0000000083d00000, 0x0000000083d00000|100%| O|  |TAMS 0x0000000083c00000, 0x0000000083c00000| Untracked 
|  61|0x0000000083d00000, 0x0000000083e00000, 0x0000000083e00000|100%| O|  |TAMS 0x0000000083d00000, 0x0000000083d00000| Untracked 
|  62|0x0000000083e00000, 0x0000000083e99000, 0x0000000083f00000| 59%| O|  |TAMS 0x0000000083e00000, 0x0000000083e00000| Untracked 
|  63|0x0000000083f00000, 0x0000000084000000, 0x0000000084000000|100%|HS|  |TAMS 0x0000000083f00000, 0x0000000083f00000| Complete 
|  64|0x0000000084000000, 0x0000000084000000, 0x0000000084100000|  0%| F|  |TAMS 0x0000000084000000, 0x0000000084000000| Untracked 
|  65|0x0000000084100000, 0x0000000084100000, 0x0000000084200000|  0%| F|  |TAMS 0x0000000084100000, 0x0000000084100000| Untracked 
|  66|0x0000000084200000, 0x0000000084200000, 0x0000000084300000|  0%| F|  |TAMS 0x0000000084200000, 0x0000000084200000| Untracked 
|  67|0x0000000084300000, 0x0000000084300000, 0x0000000084400000|  0%| F|  |TAMS 0x0000000084300000, 0x0000000084300000| Untracked 
|  68|0x0000000084400000, 0x0000000084400000, 0x0000000084500000|  0%| F|  |TAMS 0x0000000084400000, 0x0000000084400000| Untracked 
|  69|0x0000000084500000, 0x0000000084500000, 0x0000000084600000|  0%| F|  |TAMS 0x0000000084500000, 0x0000000084500000| Untracked 
|  70|0x0000000084600000, 0x0000000084600000, 0x0000000084700000|  0%| F|  |TAMS 0x0000000084600000, 0x0000000084600000| Untracked 
|  71|0x0000000084700000, 0x0000000084700000, 0x0000000084800000|  0%| F|  |TAMS 0x0000000084700000, 0x0000000084700000| Untracked 
|  72|0x0000000084800000, 0x0000000084800000, 0x0000000084900000|  0%| F|  |TAMS 0x0000000084800000, 0x0000000084800000| Untracked 
|  73|0x0000000084900000, 0x0000000084900000, 0x0000000084a00000|  0%| F|  |TAMS 0x0000000084900000, 0x0000000084900000| Untracked 
|  74|0x0000000084a00000, 0x0000000084a00000, 0x0000000084b00000|  0%| F|  |TAMS 0x0000000084a00000, 0x0000000084a00000| Untracked 
|  75|0x0000000084b00000, 0x0000000084b00000, 0x0000000084c00000|  0%| F|  |TAMS 0x0000000084b00000, 0x0000000084b00000| Untracked 
|  76|0x0000000084c00000, 0x0000000084c00000, 0x0000000084d00000|  0%| F|  |TAMS 0x0000000084c00000, 0x0000000084c00000| Untracked 
|  77|0x0000000084d00000, 0x0000000084d00000, 0x0000000084e00000|  0%| F|  |TAMS 0x0000000084d00000, 0x0000000084d00000| Untracked 
|  78|0x0000000084e00000, 0x0000000084e00000, 0x0000000084f00000|  0%| F|  |TAMS 0x0000000084e00000, 0x0000000084e00000| Untracked 
|  79|0x0000000084f00000, 0x0000000084f00000, 0x0000000085000000|  0%| F|  |TAMS 0x0000000084f00000, 0x0000000084f00000| Untracked 
|  80|0x0000000085000000, 0x0000000085000000, 0x0000000085100000|  0%| F|  |TAMS 0x0000000085000000, 0x0000000085000000| Untracked 
|  81|0x0000000085100000, 0x0000000085100000, 0x0000000085200000|  0%| F|  |TAMS 0x0000000085100000, 0x0000000085100000| Untracked 
|  82|0x0000000085200000, 0x0000000085200000, 0x0000000085300000|  0%| F|  |TAMS 0x0000000085200000, 0x0000000085200000| Untracked 
|  83|0x0000000085300000, 0x0000000085300000, 0x0000000085400000|  0%| F|  |TAMS 0x0000000085300000, 0x0000000085300000| Untracked 
|  84|0x0000000085400000, 0x0000000085400000, 0x0000000085500000|  0%| F|  |TAMS 0x0000000085400000, 0x0000000085400000| Untracked 
|  85|0x0000000085500000, 0x0000000085500000, 0x0000000085600000|  0%| F|  |TAMS 0x0000000085500000, 0x0000000085500000| Untracked 
|  86|0x0000000085600000, 0x0000000085600000, 0x0000000085700000|  0%| F|  |TAMS 0x0000000085600000, 0x0000000085600000| Untracked 
|  87|0x0000000085700000, 0x0000000085700000, 0x0000000085800000|  0%| F|  |TAMS 0x0000000085700000, 0x0000000085700000| Untracked 
|  88|0x0000000085800000, 0x0000000085800000, 0x0000000085900000|  0%| F|  |TAMS 0x0000000085800000, 0x0000000085800000| Untracked 
|  89|0x0000000085900000, 0x0000000085900000, 0x0000000085a00000|  0%| F|  |TAMS 0x0000000085900000, 0x0000000085900000| Untracked 
|  90|0x0000000085a00000, 0x0000000085a00000, 0x0000000085b00000|  0%| F|  |TAMS 0x0000000085a00000, 0x0000000085a00000| Untracked 
|  91|0x0000000085b00000, 0x0000000085b00000, 0x0000000085c00000|  0%| F|  |TAMS 0x0000000085b00000, 0x0000000085b00000| Untracked 
|  92|0x0000000085c00000, 0x0000000085c00000, 0x0000000085d00000|  0%| F|  |TAMS 0x0000000085c00000, 0x0000000085c00000| Untracked 
|  93|0x0000000085d00000, 0x0000000085d00000, 0x0000000085e00000|  0%| F|  |TAMS 0x0000000085d00000, 0x0000000085d00000| Untracked 
|  94|0x0000000085e00000, 0x0000000085e00000, 0x0000000085f00000|  0%| F|  |TAMS 0x0000000085e00000, 0x0000000085e00000| Untracked 
|  95|0x0000000085f00000, 0x0000000085f00000, 0x0000000086000000|  0%| F|  |TAMS 0x0000000085f00000, 0x0000000085f00000| Untracked 
|  96|0x0000000086000000, 0x0000000086074c58, 0x0000000086100000| 45%| S|CS|TAMS 0x0000000086000000, 0x0000000086000000| Complete 
|  97|0x0000000086100000, 0x0000000086200000, 0x0000000086200000|100%| S|CS|TAMS 0x0000000086100000, 0x0000000086100000| Complete 
|  98|0x0000000086200000, 0x0000000086300000, 0x0000000086300000|100%| S|CS|TAMS 0x0000000086200000, 0x0000000086200000| Complete 
|  99|0x0000000086300000, 0x0000000086300000, 0x0000000086400000|  0%| F|  |TAMS 0x0000000086300000, 0x0000000086300000| Untracked 
| 100|0x0000000086400000, 0x0000000086400000, 0x0000000086500000|  0%| F|  |TAMS 0x0000000086400000, 0x0000000086400000| Untracked 
| 101|0x0000000086500000, 0x0000000086500000, 0x0000000086600000|  0%| F|  |TAMS 0x0000000086500000, 0x0000000086500000| Untracked 
| 102|0x0000000086600000, 0x0000000086600000, 0x0000000086700000|  0%| F|  |TAMS 0x0000000086600000, 0x0000000086600000| Untracked 
| 103|0x0000000086700000, 0x0000000086700000, 0x0000000086800000|  0%| F|  |TAMS 0x0000000086700000, 0x0000000086700000| Untracked 
| 104|0x0000000086800000, 0x00000000868769c0, 0x0000000086900000| 46%| E|  |TAMS 0x0000000086800000, 0x0000000086800000| Complete 
| 105|0x0000000086900000, 0x0000000086a00000, 0x0000000086a00000|100%| E|CS|TAMS 0x0000000086900000, 0x0000000086900000| Complete 
| 106|0x0000000086a00000, 0x0000000086b00000, 0x0000000086b00000|100%| E|CS|TAMS 0x0000000086a00000, 0x0000000086a00000| Complete 
| 107|0x0000000086b00000, 0x0000000086c00000, 0x0000000086c00000|100%| E|CS|TAMS 0x0000000086b00000, 0x0000000086b00000| Complete 
| 108|0x0000000086c00000, 0x0000000086d00000, 0x0000000086d00000|100%| E|CS|TAMS 0x0000000086c00000, 0x0000000086c00000| Complete 
| 109|0x0000000086d00000, 0x0000000086e00000, 0x0000000086e00000|100%| E|CS|TAMS 0x0000000086d00000, 0x0000000086d00000| Complete 
| 110|0x0000000086e00000, 0x0000000086f00000, 0x0000000086f00000|100%| E|CS|TAMS 0x0000000086e00000, 0x0000000086e00000| Complete 
| 111|0x0000000086f00000, 0x0000000087000000, 0x0000000087000000|100%| E|CS|TAMS 0x0000000086f00000, 0x0000000086f00000| Complete 
| 112|0x0000000087000000, 0x0000000087100000, 0x0000000087100000|100%| E|CS|TAMS 0x0000000087000000, 0x0000000087000000| Complete 
| 127|0x0000000087f00000, 0x0000000088000000, 0x0000000088000000|100%| E|CS|TAMS 0x0000000087f00000, 0x0000000087f00000| Complete 

Card table byte_map: [0x0000027bc9b40000,0x0000027bc9f40000] _byte_map_base: 0x0000027bc9740000

Marking Bits (Prev, Next): (CMBitMap*) 0x0000027bb72e6de0, (CMBitMap*) 0x0000027bb72e6da0
 Prev Bits: [0x0000027bcc340000, 0x0000027bce340000)
 Next Bits: [0x0000027bca340000, 0x0000027bcc340000)

Polling page: 0x0000027bb51a0000

Metaspace:

Usage:
  Non-class:     41.49 MB used.
      Class:      6.23 MB used.
       Both:     47.72 MB used.

Virtual space:
  Non-class space:       48.00 MB reserved,      41.75 MB ( 87%) committed,  6 nodes.
      Class space:        1.00 GB reserved,       6.44 MB ( <1%) committed,  1 nodes.
             Both:        1.05 GB reserved,      48.19 MB (  4%) committed. 

Chunk freelists:
   Non-Class:  2.13 MB
       Class:  1.42 MB
        Both:  3.55 MB

MaxMetaspaceSize: unlimited
CompressedClassSpaceSize: 1.00 GB
Initial GC threshold: 21.00 MB
Current GC threshold: 79.00 MB
CDS: off
MetaspaceReclaimPolicy: balanced
 - commit_granule_bytes: 65536.
 - commit_granule_words: 8192.
 - virtual_space_node_default_size: 1048576.
 - enlarge_chunks_in_place: 1.
 - new_chunks_are_fully_committed: 0.
 - uncommit_free_chunks: 1.
 - use_allocation_guard: 0.
 - handle_deallocations: 1.


Internal statistics:

num_allocs_failed_limit: 3.
num_arena_births: 456.
num_arena_deaths: 0.
num_vsnodes_births: 7.
num_vsnodes_deaths: 0.
num_space_committed: 771.
num_space_uncommitted: 0.
num_chunks_returned_to_freelist: 3.
num_chunks_taken_from_freelist: 1992.
num_chunk_merges: 3.
num_chunk_splits: 1287.
num_chunks_enlarged: 869.
num_purges: 0.
num_inconsistent_stats: 0.

CodeHeap 'non-profiled nmethods': size=120000Kb used=2203Kb max_used=2203Kb free=117796Kb
 bounds [0x0000027bc2210000, 0x0000027bc2480000, 0x0000027bc9740000]
CodeHeap 'profiled nmethods': size=120000Kb used=8636Kb max_used=8636Kb free=111363Kb
 bounds [0x0000027bba740000, 0x0000027bbafb0000, 0x0000027bc1c70000]
CodeHeap 'non-nmethods': size=5760Kb used=2303Kb max_used=2366Kb free=3456Kb
 bounds [0x0000027bc1c70000, 0x0000027bc1ee0000, 0x0000027bc2210000]
 total_blobs=5113 nmethods=4298 adapters=726
 compilation: enabled
              stopped_count=0, restarted_count=0
 full_count=0

Compilation events (20 events):
Event: 13.986 Thread 0x0000027bd1441570 4318       3       com.sun.beans.introspect.PropertyInfo::add (30 bytes)
Event: 13.987 Thread 0x0000027bd1441570 nmethod 4318 0x0000027bbaf97310 code [0x0000027bbaf97580, 0x0000027bbaf98048]
Event: 13.987 Thread 0x0000027bd1441570 4319       3       com.sun.beans.introspect.MethodInfo::<init> (19 bytes)
Event: 13.988 Thread 0x0000027bd1441570 nmethod 4319 0x0000027bbaf98490 code [0x0000027bbaf986c0, 0x0000027bbaf98d98]
Event: 14.036 Thread 0x0000027bd1441570 4320       3       org.codehaus.groovy.reflection.stdclasses.CachedSAMClass$$Lambda$415/0x0000000100528260::run (8 bytes)
Event: 14.036 Thread 0x0000027bd1441570 nmethod 4320 0x0000027bbaf99090 code [0x0000027bbaf99240, 0x0000027bbaf99388]
Event: 14.042 Thread 0x0000027bd1441570 4321       1       org.codehaus.groovy.runtime.metaclass.MetaClassRegistryImpl::getMetaClassCreationHandler (5 bytes)
Event: 14.042 Thread 0x0000027bd1441570 nmethod 4321 0x0000027bc2434f90 code [0x0000027bc2435120, 0x0000027bc24351f8]
Event: 14.045 Thread 0x0000027bd1441570 4322       3       java.util.LinkedList::addFirst (6 bytes)
Event: 14.045 Thread 0x0000027bd1441570 nmethod 4322 0x0000027bbaf99490 code [0x0000027bbaf99620, 0x0000027bbaf99768]
Event: 14.045 Thread 0x0000027bd1441570 4323       3       java.util.LinkedList::linkFirst (59 bytes)
Event: 14.046 Thread 0x0000027bd1441570 nmethod 4323 0x0000027bbaf99810 code [0x0000027bbaf999e0, 0x0000027bbaf99e38]
Event: 14.049 Thread 0x0000027bd1441570 4324       3       sun.reflect.generics.reflectiveObjects.ParameterizedTypeImpl::toString (209 bytes)
Event: 14.051 Thread 0x0000027bd1441570 nmethod 4324 0x0000027bbaf99f90 code [0x0000027bbaf9a3a0, 0x0000027bbaf9bb18]
Event: 14.051 Thread 0x0000027bd1441570 4325       3       java.util.StringJoiner::setEmptyValue (20 bytes)
Event: 14.051 Thread 0x0000027bd1441570 nmethod 4325 0x0000027bbaf9c390 code [0x0000027bbaf9c560, 0x0000027bbaf9c9f8]
Event: 14.575 Thread 0x0000027bd1441570 4326   !   3       java.util.stream.ReferencePipeline$7$1::accept (127 bytes)
Event: 14.575 Thread 0x0000027bd1441570 nmethod 4326 0x0000027bbaf9cb90 code [0x0000027bbaf9ce20, 0x0000027bbaf9dd18]
Event: 14.575 Thread 0x0000027bd1441570 4327       3       java.util.stream.AbstractPipeline::sequential (10 bytes)
Event: 14.575 Thread 0x0000027bd1441570 nmethod 4327 0x0000027bbaf9e390 code [0x0000027bbaf9e520, 0x0000027bbaf9e638]

GC Heap History (20 events):
Event: 8.158 GC heap before
{Heap before GC invocations=7 (full 0):
 garbage-first heap   total 68608K, used 47414K [0x0000000080000000, 0x0000000100000000)
  region size 1024K, 21 young (21504K), 1 survivors (1024K)
 Metaspace       used 29362K, committed 29760K, reserved 1081344K
  class space    used 3976K, committed 4160K, reserved 1048576K
}
Event: 8.164 GC heap after
{Heap after GC invocations=8 (full 0):
 garbage-first heap   total 68608K, used 32265K [0x0000000080000000, 0x0000000100000000)
  region size 1024K, 4 young (4096K), 4 survivors (4096K)
 Metaspace       used 29362K, committed 29760K, reserved 1081344K
  class space    used 3976K, committed 4160K, reserved 1048576K
}
Event: 8.202 GC heap before
{Heap before GC invocations=8 (full 0):
 garbage-first heap   total 68608K, used 44553K [0x0000000080000000, 0x0000000100000000)
  region size 1024K, 5 young (5120K), 4 survivors (4096K)
 Metaspace       used 29364K, committed 29760K, reserved 1081344K
  class space    used 3976K, committed 4160K, reserved 1048576K
}
Event: 8.206 GC heap after
{Heap after GC invocations=9 (full 0):
 garbage-first heap   total 68608K, used 44729K [0x0000000080000000, 0x0000000100000000)
  region size 1024K, 1 young (1024K), 1 survivors (1024K)
 Metaspace       used 29364K, committed 29760K, reserved 1081344K
  class space    used 3976K, committed 4160K, reserved 1048576K
}
Event: 8.594 GC heap before
{Heap before GC invocations=10 (full 0):
 garbage-first heap   total 81920K, used 55993K [0x0000000080000000, 0x0000000100000000)
  region size 1024K, 11 young (11264K), 1 survivors (1024K)
 Metaspace       used 30635K, committed 31040K, reserved 1081344K
  class space    used 4168K, committed 4352K, reserved 1048576K
}
Event: 8.597 GC heap after
{Heap after GC invocations=11 (full 0):
 garbage-first heap   total 81920K, used 48951K [0x0000000080000000, 0x0000000100000000)
  region size 1024K, 2 young (2048K), 2 survivors (2048K)
 Metaspace       used 30635K, committed 31040K, reserved 1081344K
  class space    used 4168K, committed 4352K, reserved 1048576K
}
Event: 9.136 GC heap before
{Heap before GC invocations=11 (full 0):
 garbage-first heap   total 81920K, used 64311K [0x0000000080000000, 0x0000000100000000)
  region size 1024K, 17 young (17408K), 2 survivors (2048K)
 Metaspace       used 32622K, committed 33024K, reserved 1081344K
  class space    used 4504K, committed 4672K, reserved 1048576K
}
Event: 9.141 GC heap after
{Heap after GC invocations=12 (full 0):
 garbage-first heap   total 81920K, used 49326K [0x0000000080000000, 0x0000000100000000)
  region size 1024K, 3 young (3072K), 3 survivors (3072K)
 Metaspace       used 32622K, committed 33024K, reserved 1081344K
  class space    used 4504K, committed 4672K, reserved 1048576K
}
Event: 9.595 GC heap before
{Heap before GC invocations=13 (full 0):
 garbage-first heap   total 87040K, used 64686K [0x0000000080000000, 0x0000000100000000)
  region size 1024K, 18 young (18432K), 3 survivors (3072K)
 Metaspace       used 35047K, committed 35456K, reserved 1081344K
  class space    used 4866K, committed 5056K, reserved 1048576K
}
Event: 9.599 GC heap after
{Heap after GC invocations=14 (full 0):
 garbage-first heap   total 87040K, used 49728K [0x0000000080000000, 0x0000000100000000)
  region size 1024K, 2 young (2048K), 2 survivors (2048K)
 Metaspace       used 35047K, committed 35456K, reserved 1081344K
  class space    used 4866K, committed 5056K, reserved 1048576K
}
Event: 10.372 GC heap before
{Heap before GC invocations=14 (full 0):
 garbage-first heap   total 87040K, used 68160K [0x0000000080000000, 0x0000000100000000)
  region size 1024K, 21 young (21504K), 2 survivors (2048K)
 Metaspace       used 40591K, committed 41024K, reserved 1089536K
  class space    used 5485K, committed 5696K, reserved 1048576K
}
Event: 10.380 GC heap after
{Heap after GC invocations=15 (full 0):
 garbage-first heap   total 87040K, used 52368K [0x0000000080000000, 0x0000000100000000)
  region size 1024K, 3 young (3072K), 3 survivors (3072K)
 Metaspace       used 40591K, committed 41024K, reserved 1089536K
  class space    used 5485K, committed 5696K, reserved 1048576K
}
Event: 10.750 GC heap before
{Heap before GC invocations=16 (full 0):
 garbage-first heap   total 91136K, used 68752K [0x0000000080000000, 0x0000000100000000)
  region size 1024K, 20 young (20480K), 3 survivors (3072K)
 Metaspace       used 41658K, committed 42112K, reserved 1089536K
  class space    used 5569K, committed 5760K, reserved 1048576K
}
Event: 10.759 GC heap after
{Heap after GC invocations=17 (full 0):
 garbage-first heap   total 91136K, used 54948K [0x0000000080000000, 0x0000000100000000)
  region size 1024K, 3 young (3072K), 3 survivors (3072K)
 Metaspace       used 41658K, committed 42112K, reserved 1089536K
  class space    used 5569K, committed 5760K, reserved 1048576K
}
Event: 11.200 GC heap before
{Heap before GC invocations=17 (full 0):
 garbage-first heap   total 91136K, used 64164K [0x0000000080000000, 0x0000000100000000)
  region size 1024K, 14 young (14336K), 3 survivors (3072K)
 Metaspace       used 42130K, committed 42560K, reserved 1089536K
  class space    used 5614K, committed 5824K, reserved 1048576K
}
Event: 11.205 GC heap after
{Heap after GC invocations=18 (full 0):
 garbage-first heap   total 109568K, used 55665K [0x0000000080000000, 0x0000000100000000)
  region size 1024K, 2 young (2048K), 2 survivors (2048K)
 Metaspace       used 42130K, committed 42560K, reserved 1089536K
  class space    used 5614K, committed 5824K, reserved 1048576K
}
Event: 13.457 GC heap before
{Heap before GC invocations=19 (full 0):
 garbage-first heap   total 109568K, used 88433K [0x0000000080000000, 0x0000000100000000)
  region size 1024K, 33 young (33792K), 2 survivors (2048K)
 Metaspace       used 46590K, committed 47104K, reserved 1089536K
  class space    used 6182K, committed 6400K, reserved 1048576K
}
Event: 13.467 GC heap after
{Heap after GC invocations=20 (full 0):
 garbage-first heap   total 109568K, used 58021K [0x0000000080000000, 0x0000000100000000)
  region size 1024K, 5 young (5120K), 5 survivors (5120K)
 Metaspace       used 46590K, committed 47104K, reserved 1089536K
  class space    used 6182K, committed 6400K, reserved 1048576K
}
Event: 13.751 GC heap before
{Heap before GC invocations=21 (full 0):
 garbage-first heap   total 112640K, used 74405K [0x0000000080000000, 0x0000000100000000)
  region size 1024K, 16 young (16384K), 5 survivors (5120K)
 Metaspace       used 47317K, committed 47808K, reserved 1097728K
  class space    used 6265K, committed 6464K, reserved 1048576K
}
Event: 13.759 GC heap after
{Heap after GC invocations=22 (full 0):
 garbage-first heap   total 112640K, used 66615K [0x0000000080000000, 0x0000000100000000)
  region size 1024K, 3 young (3072K), 3 survivors (3072K)
 Metaspace       used 47317K, committed 47808K, reserved 1097728K
  class space    used 6265K, committed 6464K, reserved 1048576K
}

Dll operation events (2 events):
Event: 0.030 Loaded shared library C:\Program Files\Android\Android Studio\jbr\bin\java.dll
Event: 1.068 Loaded shared library C:\Program Files\Android\Android Studio\jbr\bin\verify.dll

Deoptimization events (20 events):
Event: 13.477 Thread 0x0000027bd2c46540 Uncommon trap: trap_request=0xffffff45 fr.pc=0x0000027bc2378b50 relative=0x0000000000003690
Event: 13.477 Thread 0x0000027bd2c46540 Uncommon trap: reason=unstable_if action=reinterpret pc=0x0000027bc2378b50 method=java.util.zip.ZipFile$Source.isMetaName([BII)Z @ 43 c2
Event: 13.477 Thread 0x0000027bd2c46540 DEOPT PACKING pc=0x0000027bc2378b50 sp=0x0000009e398f89b0
Event: 13.477 Thread 0x0000027bd2c46540 DEOPT UNPACKING pc=0x0000027bc1cc69a3 sp=0x0000009e398f8950 mode 2
Event: 13.497 Thread 0x0000027bd2c46540 DEOPT PACKING pc=0x0000027bba8033bd sp=0x0000009e398f8900
Event: 13.497 Thread 0x0000027bd2c46540 DEOPT UNPACKING pc=0x0000027bc1cc7143 sp=0x0000009e398f7d88 mode 0
Event: 13.502 Thread 0x0000027bd2c46540 Uncommon trap: trap_request=0xffffff45 fr.pc=0x0000027bc23aafa4 relative=0x0000000000004484
Event: 13.502 Thread 0x0000027bd2c46540 Uncommon trap: reason=unstable_if action=reinterpret pc=0x0000027bc23aafa4 method=java.lang.StringLatin1.regionMatchesCI([BI[BII)Z @ 72 c2
Event: 13.502 Thread 0x0000027bd2c46540 DEOPT PACKING pc=0x0000027bc23aafa4 sp=0x0000009e398f9240
Event: 13.502 Thread 0x0000027bd2c46540 DEOPT UNPACKING pc=0x0000027bc1cc69a3 sp=0x0000009e398f8ff8 mode 2
Event: 13.503 Thread 0x0000027bd2c46540 Uncommon trap: trap_request=0xffffff45 fr.pc=0x0000027bc22fd548 relative=0x0000000000000688
Event: 13.503 Thread 0x0000027bd2c46540 Uncommon trap: reason=unstable_if action=reinterpret pc=0x0000027bc22fd548 method=java.lang.StringLatin1.regionMatchesCI([BI[BII)Z @ 72 c2
Event: 13.503 Thread 0x0000027bd2c46540 DEOPT PACKING pc=0x0000027bc22fd548 sp=0x0000009e398f90c0
Event: 13.503 Thread 0x0000027bd2c46540 DEOPT UNPACKING pc=0x0000027bc1cc69a3 sp=0x0000009e398f8f88 mode 2
Event: 13.592 Thread 0x0000027bd2c46540 Uncommon trap: trap_request=0xffffff45 fr.pc=0x0000027bc23eaef0 relative=0x00000000000014b0
Event: 13.592 Thread 0x0000027bd2c46540 Uncommon trap: reason=unstable_if action=reinterpret pc=0x0000027bc23eaef0 method=java.lang.ClassLoader.postDefineClass(Ljava/lang/Class;Ljava/security/ProtectionDomain;)V @ 17 c2
Event: 13.592 Thread 0x0000027bd2c46540 DEOPT PACKING pc=0x0000027bc23eaef0 sp=0x0000009e398f85e0
Event: 13.592 Thread 0x0000027bd2c46540 DEOPT UNPACKING pc=0x0000027bc1cc69a3 sp=0x0000009e398f85d0 mode 2
Event: 13.634 Thread 0x0000027bd2c46540 DEOPT PACKING pc=0x0000027bba7f45c3 sp=0x0000009e398f79a0
Event: 13.634 Thread 0x0000027bd2c46540 DEOPT UNPACKING pc=0x0000027bc1cc7143 sp=0x0000009e398f6ec0 mode 0

Classes unloaded (0 events):
No events

Classes redefined (0 events):
No events

Internal exceptions (20 events):
Event: 13.889 Thread 0x0000027bd2c46540 Exception <a 'java/lang/ClassNotFoundException'{0x00000000870c15b0}: org/jetbrains/plugins/gradle/tooling/AbstractModelBuilderServiceCustomizer> (0x00000000870c15b0) 
thrown [s\src\hotspot\share\classfile\systemDictionary.cpp, line 256]
Event: 13.890 Thread 0x0000027bd2c46540 Exception <a 'java/lang/ClassNotFoundException'{0x00000000870cf708}: org/jetbrains/plugins/gradle/tooling/builder/WarModelBuilderImplCustomizer> (0x00000000870cf708) 
thrown [s\src\hotspot\share\classfile\systemDictionary.cpp, line 256]
Event: 13.899 Thread 0x0000027bd2c46540 Exception <a 'java/lang/ClassNotFoundException'{0x0000000086f29da0}: org/jetbrains/plugins/gradle/tooling/builder/EarModelBuilderImplBeanInfo> (0x0000000086f29da0) 
thrown [s\src\hotspot\share\classfile\systemDictionary.cpp, line 256]
Event: 13.900 Thread 0x0000027bd2c46540 Exception <a 'java/lang/ClassNotFoundException'{0x0000000086f355a8}: org/jetbrains/plugins/gradle/tooling/builder/EarModelBuilderImplCustomizer> (0x0000000086f355a8) 
thrown [s\src\hotspot\share\classfile\systemDictionary.cpp, line 256]
Event: 13.919 Thread 0x0000027bd2c46540 Exception <a 'java/lang/ClassNotFoundException'{0x0000000086fe7568}: org/jetbrains/plugins/gradle/tooling/builder/ScalaModelBuilderImplBeanInfo> (0x0000000086fe7568) 
thrown [s\src\hotspot\share\classfile\systemDictionary.cpp, line 256]
Event: 13.920 Thread 0x0000027bd2c46540 Exception <a 'java/lang/ClassNotFoundException'{0x0000000086ff2a30}: org/jetbrains/plugins/gradle/tooling/builder/ScalaModelBuilderImplCustomizer> (0x0000000086ff2a30) 
thrown [s\src\hotspot\share\classfile\systemDictionary.cpp, line 256]
Event: 13.932 Thread 0x0000027bd2c46540 Exception <a 'java/lang/ClassNotFoundException'{0x0000000086e4f9c8}: org/jetbrains/plugins/gradle/tooling/builder/ExternalProjectBuilderImpl$1BeanInfo> (0x0000000086e4f9c8) 
thrown [s\src\hotspot\share\classfile\systemDictionary.cpp, line 256]
Event: 13.933 Thread 0x0000027bd2c46540 Exception <a 'java/lang/ClassNotFoundException'{0x0000000086e5af10}: org/jetbrains/plugins/gradle/tooling/builder/ExternalProjectBuilderImpl$1Customizer> (0x0000000086e5af10) 
thrown [s\src\hotspot\share\classfile\systemDictionary.cpp, line 256]
Event: 13.946 Thread 0x0000027bd2c46540 Exception <a 'java/lang/ClassNotFoundException'{0x0000000086ebc3a8}: org/jetbrains/plugins/gradle/tooling/builder/ExternalProjectBuilderImplBeanInfo> (0x0000000086ebc3a8) 
thrown [s\src\hotspot\share\classfile\systemDictionary.cpp, line 256]
Event: 13.946 Thread 0x0000027bd2c46540 Exception <a 'java/lang/ClassNotFoundException'{0x0000000086ec78d8}: org/jetbrains/plugins/gradle/tooling/builder/ExternalProjectBuilderImplCustomizer> (0x0000000086ec78d8) 
thrown [s\src\hotspot\share\classfile\systemDictionary.cpp, line 256]
Event: 13.964 Thread 0x0000027bd2c46540 Exception <a 'java/lang/ClassNotFoundException'{0x0000000086d64280}: org/jetbrains/plugins/gradle/tooling/tasks/DependenciesReport$ReportGeneratorBeanInfo> (0x0000000086d64280) 
thrown [s\src\hotspot\share\classfile\systemDictionary.cpp, line 256]
Event: 13.964 Thread 0x0000027bd2c46540 Exception <a 'java/lang/ClassNotFoundException'{0x0000000086d6f7e0}: org/jetbrains/plugins/gradle/tooling/tasks/DependenciesReport$ReportGeneratorCustomizer> (0x0000000086d6f7e0) 
thrown [s\src\hotspot\share\classfile\systemDictionary.cpp, line 256]
Event: 13.969 Thread 0x0000027bd2c46540 Exception <a 'java/lang/ClassNotFoundException'{0x0000000086da0130}: org/jetbrains/plugins/gradle/tooling/builder/DependencyGraphModelBuilderImplBeanInfo> (0x0000000086da0130) 
thrown [s\src\hotspot\share\classfile\systemDictionary.cpp, line 256]
Event: 13.969 Thread 0x0000027bd2c46540 Exception <a 'java/lang/ClassNotFoundException'{0x0000000086dab688}: org/jetbrains/plugins/gradle/tooling/builder/DependencyGraphModelBuilderImplCustomizer> (0x0000000086dab688) 
thrown [s\src\hotspot\share\classfile\systemDictionary.cpp, line 256]
Event: 13.985 Thread 0x0000027bd2c46540 Exception <a 'java/lang/ClassNotFoundException'{0x0000000086c3d868}: org/jetbrains/plugins/gradle/tooling/builder/ExternalTestsModelBuilderImplBeanInfo> (0x0000000086c3d868) 
thrown [s\src\hotspot\share\classfile\systemDictionary.cpp, line 256]
Event: 13.986 Thread 0x0000027bd2c46540 Exception <a 'java/lang/ClassNotFoundException'{0x0000000086c48db8}: org/jetbrains/plugins/gradle/tooling/builder/ExternalTestsModelBuilderImplCustomizer> (0x0000000086c48db8) 
thrown [s\src\hotspot\share\classfile\systemDictionary.cpp, line 256]
Event: 14.043 Thread 0x0000027bd2c46540 Exception <a 'java/lang/ClassNotFoundException'{0x0000000086a70190}: org/jetbrains/plugins/gradle/tooling/builder/ProjectExtensionsDataBuilderImplBeanInfo> (0x0000000086a70190) 
thrown [s\src\hotspot\share\classfile\systemDictionary.cpp, line 256]
Event: 14.044 Thread 0x0000027bd2c46540 Exception <a 'java/lang/ClassNotFoundException'{0x0000000086a7b6e8}: org/jetbrains/plugins/gradle/tooling/builder/ProjectExtensionsDataBuilderImplCustomizer> (0x0000000086a7b6e8) 
thrown [s\src\hotspot\share\classfile\systemDictionary.cpp, line 256]
Event: 14.048 Thread 0x0000027bd2c46540 Exception <a 'java/lang/ClassNotFoundException'{0x0000000086aa7030}: org/jetbrains/plugins/gradle/tooling/builder/IntelliJSettingsBuilderBeanInfo> (0x0000000086aa7030) 
thrown [s\src\hotspot\share\classfile\systemDictionary.cpp, line 256]
Event: 14.049 Thread 0x0000027bd2c46540 Exception <a 'java/lang/ClassNotFoundException'{0x0000000086ab2500}: org/jetbrains/plugins/gradle/tooling/builder/IntelliJSettingsBuilderCustomizer> (0x0000000086ab2500) 
thrown [s\src\hotspot\share\classfile\systemDictionary.cpp, line 256]

VM Operations (20 events):
Event: 11.640 Executing VM operation: HandshakeAllThreads done
Event: 11.640 Executing VM operation: HandshakeAllThreads
Event: 11.640 Executing VM operation: HandshakeAllThreads done
Event: 12.640 Executing VM operation: Cleanup
Event: 12.641 Executing VM operation: Cleanup done
Event: 13.457 Executing VM operation: G1TryInitiateConcMark
Event: 13.467 Executing VM operation: G1TryInitiateConcMark done
Event: 13.528 Executing VM operation: G1Concurrent
Event: 13.532 Executing VM operation: G1Concurrent done
Event: 13.557 Executing VM operation: G1Concurrent
Event: 13.557 Executing VM operation: G1Concurrent done
Event: 13.605 Executing VM operation: HandshakeAllThreads
Event: 13.605 Executing VM operation: HandshakeAllThreads done
Event: 13.751 Executing VM operation: G1TryInitiateConcMark
Event: 13.759 Executing VM operation: G1TryInitiateConcMark done
Event: 13.836 Executing VM operation: G1Concurrent
Event: 13.841 Executing VM operation: G1Concurrent done
Event: 13.871 Executing VM operation: G1Concurrent
Event: 13.871 Executing VM operation: G1Concurrent done
Event: 14.885 Executing VM operation: Cleanup

Events (20 events):
Event: 13.667 loading class java/security/SecureClassLoaderBeanInfo
Event: 13.667 loading class java/security/SecureClassLoaderBeanInfo done
Event: 13.668 loading class java/lang/ClassLoaderBeanInfo
Event: 13.668 loading class java/lang/ClassLoaderBeanInfo done
Event: 13.668 loading class java/lang/ClassLoaderBeanInfo
Event: 13.668 loading class java/lang/ClassLoaderBeanInfo done
Event: 13.668 loading class java/lang/ClassLoaderCustomizer
Event: 13.668 loading class java/lang/ClassLoaderCustomizer done
Event: 13.668 loading class java/lang/ClassLoaderCustomizer
Event: 13.668 loading class java/lang/ClassLoaderCustomizer done
Event: 13.669 loading class java/security/SecureClassLoaderCustomizer
Event: 13.669 loading class java/security/SecureClassLoaderCustomizer done
Event: 13.670 loading class java/security/SecureClassLoaderCustomizer
Event: 13.670 loading class java/security/SecureClassLoaderCustomizer done
Event: 13.670 loading class java/net/URLClassLoaderCustomizer
Event: 13.670 loading class java/net/URLClassLoaderCustomizer done
Event: 13.670 loading class java/net/URLClassLoaderCustomizer
Event: 13.670 loading class java/net/URLClassLoaderCustomizer done
Event: 14.559 loading class java/util/concurrent/LinkedBlockingDeque$Itr
Event: 15.058 loading class java/util/concurrent/LinkedBlockingDeque$AbstractItr


Dynamic libraries:
0x00007ff6f9c20000 - 0x00007ff6f9c2a000 	C:\Program Files\Android\Android Studio\jbr\bin\java.exe
0x00007ffe056d0000 - 0x00007ffe05908000 	C:\WINDOWS\SYSTEM32\ntdll.dll
0x00007ffe03b60000 - 0x00007ffe03c29000 	C:\WINDOWS\System32\KERNEL32.DLL
0x00007ffe02d40000 - 0x00007ffe0309b000 	C:\WINDOWS\System32\KERNELBASE.dll
0x00007ffdff990000 - 0x00007ffdffa30000 	C:\WINDOWS\SYSTEM32\apphelp.dll
0x00007ffe02b40000 - 0x00007ffe02c7c000 	C:\WINDOWS\System32\ucrtbase.dll
0x00007ffdf6250000 - 0x00007ffdf626b000 	C:\Program Files\Android\Android Studio\jbr\bin\VCRUNTIME140.dll
0x00007ffdec170000 - 0x00007ffdec187000 	C:\Program Files\Android\Android Studio\jbr\bin\jli.dll
0x00007ffe04020000 - 0x00007ffe041e0000 	C:\WINDOWS\System32\USER32.dll
0x00007ffdf3e70000 - 0x00007ffdf4102000 	C:\WINDOWS\WinSxS\amd64_microsoft.windows.common-controls_6595b64144ccf1df_6.0.25997.1000_none_8786e03de04a2fab\COMCTL32.dll
0x00007ffe02c80000 - 0x00007ffe02ca7000 	C:\WINDOWS\System32\win32u.dll
0x00007ffe03490000 - 0x00007ffe03537000 	C:\WINDOWS\System32\msvcrt.dll
0x00007ffe04b80000 - 0x00007ffe04baa000 	C:\WINDOWS\System32\GDI32.dll
0x00007ffe03220000 - 0x00007ffe0333f000 	C:\WINDOWS\System32\gdi32full.dll
0x00007ffe02a90000 - 0x00007ffe02b35000 	C:\WINDOWS\System32\msvcp_win.dll
0x00007ffe03fe0000 - 0x00007ffe04011000 	C:\WINDOWS\System32\IMM32.DLL
0x00007ffdf4e90000 - 0x00007ffdf4e9c000 	C:\Program Files\Android\Android Studio\jbr\bin\vcruntime140_1.dll
0x00007ffde5470000 - 0x00007ffde54fd000 	C:\Program Files\Android\Android Studio\jbr\bin\msvcp140.dll
0x00007ffdb8d40000 - 0x00007ffdb99ae000 	C:\Program Files\Android\Android Studio\jbr\bin\server\jvm.dll
0x00007ffe049c0000 - 0x00007ffe04a70000 	C:\WINDOWS\System32\ADVAPI32.dll
0x00007ffe05580000 - 0x00007ffe05623000 	C:\WINDOWS\System32\sechost.dll
0x00007ffe03a20000 - 0x00007ffe03b46000 	C:\WINDOWS\System32\RPCRT4.dll
0x00007ffdf6f50000 - 0x00007ffdf6f85000 	C:\WINDOWS\SYSTEM32\WINMM.dll
0x00007ffde7700000 - 0x00007ffde770a000 	C:\WINDOWS\SYSTEM32\WSOCK32.dll
0x00007ffdf4680000 - 0x00007ffdf468b000 	C:\WINDOWS\SYSTEM32\VERSION.dll
0x00007ffe03f10000 - 0x00007ffe03f84000 	C:\WINDOWS\System32\WS2_32.dll
0x00007ffe01930000 - 0x00007ffe01949000 	C:\WINDOWS\SYSTEM32\kernel.appcore.dll
0x00007ffdfd660000 - 0x00007ffdfd66a000 	C:\Program Files\Android\Android Studio\jbr\bin\jimage.dll
0x00007ffe00490000 - 0x00007ffe006c6000 	C:\WINDOWS\SYSTEM32\DBGHELP.DLL
0x00007ffe04bb0000 - 0x00007ffe04f24000 	C:\WINDOWS\System32\combase.dll
0x00007ffe054a0000 - 0x00007ffe05576000 	C:\WINDOWS\System32\OLEAUT32.dll
0x00007ffdf4a70000 - 0x00007ffdf4aa9000 	C:\WINDOWS\SYSTEM32\dbgcore.DLL
0x00007ffe02cb0000 - 0x00007ffe02d30000 	C:\WINDOWS\System32\bcryptPrimitives.dll
0x00007ffdfca30000 - 0x00007ffdfca55000 	C:\Program Files\Android\Android Studio\jbr\bin\java.dll
0x00007ffdefe40000 - 0x00007ffdefe58000 	C:\Program Files\Android\Android Studio\jbr\bin\zip.dll
0x00007ffe041f0000 - 0x00007ffe049bc000 	C:\WINDOWS\System32\SHELL32.dll
0x00007ffe00850000 - 0x00007ffe010b5000 	C:\WINDOWS\SYSTEM32\windows.storage.dll
0x00007ffe051d0000 - 0x00007ffe052a7000 	C:\WINDOWS\System32\SHCORE.dll
0x00007ffe05630000 - 0x00007ffe0568d000 	C:\WINDOWS\System32\shlwapi.dll
0x00007ffe029b0000 - 0x00007ffe029d4000 	C:\WINDOWS\SYSTEM32\profapi.dll
0x00007ffdee530000 - 0x00007ffdee549000 	C:\Program Files\Android\Android Studio\jbr\bin\net.dll
0x00007ffdf72e0000 - 0x00007ffdf73fd000 	C:\WINDOWS\SYSTEM32\WINHTTP.dll
0x00007ffe01dd0000 - 0x00007ffe01e39000 	C:\WINDOWS\system32\mswsock.dll
0x00007ffdedd80000 - 0x00007ffdedd96000 	C:\Program Files\Android\Android Studio\jbr\bin\nio.dll
0x00007ffdfd650000 - 0x00007ffdfd660000 	C:\Program Files\Android\Android Studio\jbr\bin\verify.dll
0x00007ffdef650000 - 0x00007ffdef677000 	C:\Users\ASUS\.gradle\native\68d5fa5c4cc2d200863cafc0d521ce42e7d3e7ee720ec0a83991735586a16f82\windows-amd64\native-platform.dll
0x00007ffde0c50000 - 0x00007ffde0d94000 	C:\Users\ASUS\.gradle\native\e376f236ea51e6404a007f0833ffe2c6e607c4080706a723a18a27aeea778392\windows-amd64\native-platform-file-events.dll
0x00007ffdfd590000 - 0x00007ffdfd599000 	C:\Program Files\Android\Android Studio\jbr\bin\management.dll
0x00007ffdf7da0000 - 0x00007ffdf7dab000 	C:\Program Files\Android\Android Studio\jbr\bin\management_ext.dll
0x00007ffe04b70000 - 0x00007ffe04b78000 	C:\WINDOWS\System32\PSAPI.DLL
0x00007ffe020a0000 - 0x00007ffe020bc000 	C:\WINDOWS\SYSTEM32\CRYPTSP.dll
0x00007ffe01890000 - 0x00007ffe018c8000 	C:\WINDOWS\system32\rsaenh.dll
0x00007ffe01eb0000 - 0x00007ffe01edb000 	C:\WINDOWS\SYSTEM32\USERENV.dll
0x00007ffe022f0000 - 0x00007ffe02319000 	C:\WINDOWS\SYSTEM32\bcrypt.dll
0x00007ffe020c0000 - 0x00007ffe020cc000 	C:\WINDOWS\SYSTEM32\CRYPTBASE.dll
0x00007ffe01350000 - 0x00007ffe01380000 	C:\WINDOWS\SYSTEM32\IPHLPAPI.DLL
0x00007ffe03cb0000 - 0x00007ffe03cba000 	C:\WINDOWS\System32\NSI.dll
0x00007ffdf6f30000 - 0x00007ffdf6f4b000 	C:\WINDOWS\SYSTEM32\dhcpcsvc6.DLL
0x00007ffdf6f00000 - 0x00007ffdf6f20000 	C:\WINDOWS\SYSTEM32\dhcpcsvc.DLL
0x00007ffe01430000 - 0x00007ffe01544000 	C:\WINDOWS\SYSTEM32\DNSAPI.dll
0x00007ffdefee0000 - 0x00007ffdefee8000 	C:\WINDOWS\system32\wshunix.dll

dbghelp: loaded successfully - version: 4.0.5 - missing functions: none
symbol engine: initialized successfully - sym options: 0x614 - pdb path: .;C:\Program Files\Android\Android Studio\jbr\bin;C:\WINDOWS\SYSTEM32;C:\WINDOWS\WinSxS\amd64_microsoft.windows.common-controls_6595b64144ccf1df_6.0.25997.1000_none_8786e03de04a2fab;C:\Program Files\Android\Android Studio\jbr\bin\server;C:\Users\ASUS\.gradle\native\68d5fa5c4cc2d200863cafc0d521ce42e7d3e7ee720ec0a83991735586a16f82\windows-amd64;C:\Users\ASUS\.gradle\native\e376f236ea51e6404a007f0833ffe2c6e607c4080706a723a18a27aeea778392\windows-amd64

VM Arguments:
jvm_args: --add-opens=java.base/java.util=ALL-UNNAMED --add-opens=java.base/java.lang=ALL-UNNAMED --add-opens=java.base/java.lang.invoke=ALL-UNNAMED --add-opens=java.prefs/java.util.prefs=ALL-UNNAMED --add-opens=java.base/java.nio.charset=ALL-UNNAMED --add-opens=java.base/java.net=ALL-UNNAMED --add-opens=java.base/java.util.concurrent.atomic=ALL-UNNAMED -Xmx2048m -Dfile.encoding=UTF-8 -Duser.country=US -Duser.language=en -Duser.variant 
java_command: org.gradle.launcher.daemon.bootstrap.GradleDaemon 8.0
java_class_path (initial): C:\Users\ASUS\.gradle\wrapper\dists\gradle-8.0-bin\ca5e32bp14vu59qr306oxotwh\gradle-8.0\lib\gradle-launcher-8.0.jar
Launcher Type: SUN_STANDARD

[Global flags]
     intx CICompilerCount                          = 3                                         {product} {ergonomic}
     uint ConcGCThreads                            = 1                                         {product} {ergonomic}
     uint G1ConcRefinementThreads                  = 4                                         {product} {ergonomic}
   size_t G1HeapRegionSize                         = 1048576                                   {product} {ergonomic}
    uintx GCDrainStackTargetSize                   = 64                                        {product} {ergonomic}
   size_t InitialHeapSize                          = 134217728                                 {product} {ergonomic}
   size_t MarkStackSize                            = 4194304                                   {product} {ergonomic}
   size_t MaxHeapSize                              = 2147483648                                {product} {command line}
   size_t MaxNewSize                               = 1287651328                                {product} {ergonomic}
   size_t MinHeapDeltaBytes                        = 1048576                                   {product} {ergonomic}
   size_t MinHeapSize                              = 8388608                                   {product} {ergonomic}
    uintx NonNMethodCodeHeapSize                   = 5832780                                {pd product} {ergonomic}
    uintx NonProfiledCodeHeapSize                  = 122912730                              {pd product} {ergonomic}
    uintx ProfiledCodeHeapSize                     = 122912730                              {pd product} {ergonomic}
    uintx ReservedCodeCacheSize                    = 251658240                              {pd product} {ergonomic}
     bool SegmentedCodeCache                       = true                                      {product} {ergonomic}
   size_t SoftMaxHeapSize                          = 2147483648                             {manageable} {ergonomic}
     bool UseCompressedClassPointers               = true                           {product lp64_product} {ergonomic}
     bool UseCompressedOops                        = true                           {product lp64_product} {ergonomic}
     bool UseG1GC                                  = true                                      {product} {ergonomic}
     bool UseLargePagesIndividualAllocation        = false                                  {pd product} {ergonomic}

Logging:
Log output configuration:
 #0: stdout all=warning uptime,level,tags
 #1: stderr all=off uptime,level,tags

Environment Variables:
PATH=C:\Program Files\Common Files\Oracle\Java\javapath;C:\Program Files (x86)\Intel\iCLS Client\;C:\Program Files\Intel\iCLS Client\;C:\Windows\system32;C:\Windows;C:\Windows\System32\Wbem;C:\Windows\System32\WindowsPowerShell\v1.0\;C:\Program Files (x86)\NVIDIA Corporation\PhysX\Common;C:\Program Files (x86)\Intel\Intel(R) Management Engine Components\DAL;C:\Program Files\Intel\Intel(R) Management Engine Components\DAL;C:\Program Files (x86)\Intel\Intel(R) Management Engine Components\IPT;C:\Program Files\Intel\Intel(R) Management Engine Components\IPT;C:\WINDOWS\system32;C:\WINDOWS;C:\WINDOWS\System32\Wbem;C:\WINDOWS\System32\WindowsPowerShell\v1.0\;C:\WINDOWS\System32\OpenSSH\;C:\Users\ASUS\AppData\Local\Microsoft\WindowsApps;
USERNAME=ASAPYON
OS=Windows_NT
PROCESSOR_IDENTIFIER=Intel64 Family 6 Model 78 Stepping 3, GenuineIntel
TMP=C:\Users\ASUS\AppData\Local\Temp
TEMP=C:\Users\ASUS\AppData\Local\Temp


JNI global refs:
JNI global refs: 24, weak refs: 4

JNI global refs memory usage: 843, weak refs: 841


---------------  S Y S T E M  ---------------

OS:
 Windows 11 , 64 bit Build 25997 (10.0.25997.1000)
OS uptime: 1 days 7:56 hours
Hyper-V role detected

CPU: total 4 (initial active 4) (2 cores per cpu, 2 threads per core) family 6 model 78 stepping 3 microcode 0xd6, cx8, cmov, fxsr, ht, mmx, 3dnowpref, sse, sse2, sse3, ssse3, sse4.1, sse4.2, popcnt, lzcnt, tsc, tscinvbit, avx, avx2, aes, erms, clmul, bmi1, bmi2, adx, fma, vzeroupper, clflush, clflushopt, hv

Memory: 4k page, system-wide physical 8088M (310M free)
TotalPageFile size 16088M (AvailPageFile size 7M)
current process WorkingSet (physical memory assigned to process): 261M, peak: 261M
current process commit charge ("private bytes"): 285M, peak: 286M

vm_info: OpenJDK 64-Bit Server VM (17.0.6+0-b2043.56-10027231) for windows-amd64 JRE (17.0.6+0-b2043.56-10027231), built on Apr 28 2023 00:43:19 by "androidbuild" with MS VC++ 16.10 / 16.11 (VS2019)

END.
