#
# There is insufficient memory for the Java Runtime Environment to continue.
# Native memory allocation (malloc) failed to allocate 1303472 bytes for Chunk::new
# Possible reasons:
#   The system is out of physical RAM or swap space
#   The process is running with CompressedOops enabled, and the Java Heap may be blocking the growth of the native heap
# Possible solutions:
#   Reduce memory load on the system
#   Increase physical memory or swap space
#   Check if swap backing store is full
#   Decrease Java heap size (-Xmx/-Xms)
#   Decrease number of Java threads
#   Decrease Java thread stack sizes (-Xss)
#   Set larger code cache with -XX:ReservedCodeCacheSize=
#   JVM is running with Unscaled Compressed Oops mode in which the Java heap is
#     placed in the first 4GB address space. The Java Heap base address is the
#     maximum limit for the native heap growth. Please use -XX:HeapBaseMinAddress
#     to set the Java Heap base and to place the Java Heap above 4GB virtual address.
# This output file may be truncated or incomplete.
#
#  Out of Memory Error (arena.cpp:189), pid=21496, tid=4988
#
# JRE version: OpenJDK Runtime Environment (17.0.6) (build 17.0.6+0-b2043.56-10027231)
# Java VM: OpenJDK 64-Bit Server VM (17.0.6+0-b2043.56-10027231, mixed mode, tiered, compressed oops, compressed class ptrs, g1 gc, windows-amd64)
# No core dump will be written. Minidumps are not enabled by default on client versions of Windows
#

---------------  S U M M A R Y ------------

Command Line: --add-opens=java.base/java.util=ALL-UNNAMED --add-opens=java.base/java.lang=ALL-UNNAMED --add-opens=java.base/java.lang.invoke=ALL-UNNAMED --add-opens=java.prefs/java.util.prefs=ALL-UNNAMED --add-opens=java.base/java.nio.charset=ALL-UNNAMED --add-opens=java.base/java.net=ALL-UNNAMED --add-opens=java.base/java.util.concurrent.atomic=ALL-UNNAMED -Xmx2048m -Dfile.encoding=UTF-8 -Duser.country=US -Duser.language=en -Duser.variant org.gradle.launcher.daemon.bootstrap.GradleDaemon 8.0

Host: Intel(R) Core(TM) i5-6200U CPU @ 2.30GHz, 4 cores, 7G,  Windows 11 , 64 bit Build 25997 (10.0.25997.1000)
Time: Thu Nov 30 11:20:00 2023 SE Asia Standard Time elapsed time: 15.555555 seconds (0d 0h 0m 15s)

---------------  T H R E A D  ---------------

Current thread (0x000001fdf6063f60):  JavaThread "C2 CompilerThread0" daemon [_thread_in_native, id=4988, stack(0x0000007993300000,0x0000007993400000)]


Current CompileTask:
C2:  15556 4084       4       java.util.Arrays::binarySearch (10 bytes)

Stack: [0x0000007993300000,0x0000007993400000]
Native frames: (J=compiled Java code, j=interpreted, Vv=VM code, C=native code)
V  [jvm.dll+0x683c9a]
V  [jvm.dll+0x8427a4]
V  [jvm.dll+0x843f9e]
V  [jvm.dll+0x844603]
V  [jvm.dll+0x249b75]
V  [jvm.dll+0xabcac]
V  [jvm.dll+0xac27c]
V  [jvm.dll+0x368857]
V  [jvm.dll+0x332f31]
V  [jvm.dll+0x3323da]
V  [jvm.dll+0x21c201]
V  [jvm.dll+0x21b621]
V  [jvm.dll+0x1a4fdd]
V  [jvm.dll+0x22b098]
V  [jvm.dll+0x229159]
V  [jvm.dll+0x7f81ec]
V  [jvm.dll+0x7f274a]
V  [jvm.dll+0x682ad5]
C  [ucrtbase.dll+0x6e350]
C  [KERNEL32.DLL+0x11f67]
C  [ntdll.dll+0x54730]


---------------  P R O C E S S  ---------------

Threads class SMR info:
_java_thread_list=0x000001fdfa89a540, length=37, elements={
0x000001fddb9f8360, 0x000001fdf601e160, 0x000001fdf601f880, 0x000001fdf60614c0,
0x000001fdf6061e70, 0x000001fdf6062820, 0x000001fdf60631d0, 0x000001fdf6063f60,
0x000001fdf6068ad0, 0x000001fdf60e0a80, 0x000001fdf6202740, 0x000001fdf6225010,
0x000001fdf7a05b30, 0x000001fdf88a38d0, 0x000001fdf7a26840, 0x000001fdf7a3c000,
0x000001fdf7abd0f0, 0x000001fdf7b93d80, 0x000001fdf6f91ca0, 0x000001fdf6ea1390,
0x000001fdf6ea0ec0, 0x000001fdf6e9fb80, 0x000001fdf6ea1860, 0x000001fdf6ea09f0,
0x000001fdf6ea0520, 0x000001fdf6ea2200, 0x000001fdf6ea2ba0, 0x000001fdf6ea3070,
0x000001fdf6e9f6b0, 0x000001fdf6ea1d30, 0x000001fdf6ea0050, 0x000001fdf96af7c0,
0x000001fdf96afc90, 0x000001fdf96b0160, 0x000001fdf96b0fd0, 0x000001fdf96b1e40,
0x000001fdf96b2310
}

Java Threads: ( => current thread )
  0x000001fddb9f8360 JavaThread "main" [_thread_blocked, id=18436, stack(0x0000007992600000,0x0000007992700000)]
  0x000001fdf601e160 JavaThread "Reference Handler" daemon [_thread_blocked, id=17760, stack(0x0000007992d00000,0x0000007992e00000)]
  0x000001fdf601f880 JavaThread "Finalizer" daemon [_thread_blocked, id=10076, stack(0x0000007992e00000,0x0000007992f00000)]
  0x000001fdf60614c0 JavaThread "Signal Dispatcher" daemon [_thread_blocked, id=15352, stack(0x0000007992f00000,0x0000007993000000)]
  0x000001fdf6061e70 JavaThread "Attach Listener" daemon [_thread_blocked, id=18668, stack(0x0000007993000000,0x0000007993100000)]
  0x000001fdf6062820 JavaThread "Service Thread" daemon [_thread_blocked, id=13276, stack(0x0000007993100000,0x0000007993200000)]
  0x000001fdf60631d0 JavaThread "Monitor Deflation Thread" daemon [_thread_blocked, id=17580, stack(0x0000007993200000,0x0000007993300000)]
=>0x000001fdf6063f60 JavaThread "C2 CompilerThread0" daemon [_thread_in_native, id=4988, stack(0x0000007993300000,0x0000007993400000)]
  0x000001fdf6068ad0 JavaThread "C1 CompilerThread0" daemon [_thread_blocked, id=11108, stack(0x0000007993400000,0x0000007993500000)]
  0x000001fdf60e0a80 JavaThread "Sweeper thread" daemon [_thread_blocked, id=19036, stack(0x0000007993500000,0x0000007993600000)]
  0x000001fdf6202740 JavaThread "Common-Cleaner" daemon [_thread_blocked, id=6780, stack(0x0000007993600000,0x0000007993700000)]
  0x000001fdf6225010 JavaThread "Notification Thread" daemon [_thread_blocked, id=1992, stack(0x0000007993700000,0x0000007993800000)]
  0x000001fdf7a05b30 JavaThread "Daemon health stats" [_thread_blocked, id=11140, stack(0x0000007993c00000,0x0000007993d00000)]
  0x000001fdf88a38d0 JavaThread "Incoming local TCP Connector on port 58120" [_thread_in_native, id=21780, stack(0x0000007993d00000,0x0000007993e00000)]
  0x000001fdf7a26840 JavaThread "Daemon periodic checks" [_thread_blocked, id=6596, stack(0x0000007993e00000,0x0000007993f00000)]
  0x000001fdf7a3c000 JavaThread "Daemon" [_thread_blocked, id=20256, stack(0x0000007993f00000,0x0000007994000000)]
  0x000001fdf7abd0f0 JavaThread "Handler for socket connection from /127.0.0.1:58120 to /127.0.0.1:58121" [_thread_in_native, id=14132, stack(0x0000007994000000,0x0000007994100000)]
  0x000001fdf7b93d80 JavaThread "Cancel handler" [_thread_blocked, id=19340, stack(0x0000007994100000,0x0000007994200000)]
  0x000001fdf6f91ca0 JavaThread "Daemon worker" [_thread_in_vm, id=8220, stack(0x0000007994200000,0x0000007994300000)]
  0x000001fdf6ea1390 JavaThread "Asynchronous log dispatcher for DefaultDaemonConnection: socket connection from /127.0.0.1:58120 to /127.0.0.1:58121" [_thread_blocked, id=19908, stack(0x0000007994300000,0x0000007994400000)]
  0x000001fdf6ea0ec0 JavaThread "Stdin handler" [_thread_blocked, id=19624, stack(0x0000007994400000,0x0000007994500000)]
  0x000001fdf6e9fb80 JavaThread "Daemon client event forwarder" [_thread_blocked, id=3856, stack(0x0000007994500000,0x0000007994600000)]
  0x000001fdf6ea1860 JavaThread "Cache worker for journal cache (C:\Users\ASUS\.gradle\caches\journal-1)" [_thread_blocked, id=21564, stack(0x0000007994600000,0x0000007994700000)]
  0x000001fdf6ea09f0 JavaThread "File lock request listener" [_thread_in_native, id=14540, stack(0x0000007994700000,0x0000007994800000)]
  0x000001fdf6ea0520 JavaThread "Cache worker for file hash cache (C:\Users\ASUS\.gradle\caches\8.0\fileHashes)" [_thread_blocked, id=14656, stack(0x0000007994800000,0x0000007994900000)]
  0x000001fdf6ea2200 JavaThread "File watcher server" daemon [_thread_in_native, id=16688, stack(0x0000007994900000,0x0000007994a00000)]
  0x000001fdf6ea2ba0 JavaThread "File watcher consumer" daemon [_thread_blocked, id=19052, stack(0x0000007994a00000,0x0000007994b00000)]
  0x000001fdf6ea3070 JavaThread "jar transforms" [_thread_blocked, id=2520, stack(0x0000007994b00000,0x0000007994c00000)]
  0x000001fdf6e9f6b0 JavaThread "jar transforms Thread 2" [_thread_blocked, id=13128, stack(0x0000007994c00000,0x0000007994d00000)]
  0x000001fdf6ea1d30 JavaThread "jar transforms Thread 3" [_thread_blocked, id=464, stack(0x0000007994d00000,0x0000007994e00000)]
  0x000001fdf6ea0050 JavaThread "jar transforms Thread 4" [_thread_blocked, id=22300, stack(0x0000007994e00000,0x0000007994f00000)]
  0x000001fdf96af7c0 JavaThread "Cache worker for checksums cache (C:\Users\ASUS\AndroidStudioProjects\freesoul\.gradle\8.0\checksums)" [_thread_blocked, id=14280, stack(0x0000007994f00000,0x0000007995000000)]
  0x000001fdf96afc90 JavaThread "Cache worker for cache directory md-rule (C:\Users\ASUS\.gradle\caches\8.0\md-rule)" [_thread_blocked, id=20112, stack(0x0000007995000000,0x0000007995100000)]
  0x000001fdf96b0160 JavaThread "Cache worker for file content cache (C:\Users\ASUS\.gradle\caches\8.0\fileContent)" [_thread_blocked, id=16552, stack(0x0000007995100000,0x0000007995200000)]
  0x000001fdf96b0fd0 JavaThread "Cache worker for file hash cache (C:\Users\ASUS\AndroidStudioProjects\freesoul\.gradle\8.0\fileHashes)" [_thread_blocked, id=9208, stack(0x0000007995200000,0x0000007995300000)]
  0x000001fdf96b1e40 JavaThread "Cache worker for cache directory md-supplier (C:\Users\ASUS\.gradle\caches\8.0\md-supplier)" [_thread_blocked, id=15556, stack(0x0000007995300000,0x0000007995400000)]
  0x000001fdf96b2310 JavaThread "Cache worker for execution history cache (C:\Users\ASUS\.gradle\caches\8.0\executionHistory)" [_thread_blocked, id=17060, stack(0x0000007995400000,0x0000007995500000)]

Other Threads:
  0x000001fdf55aebb0 VMThread "VM Thread" [stack: 0x0000007992c00000,0x0000007992d00000] [id=19976]
  0x000001fdf6200410 WatcherThread [stack: 0x0000007993800000,0x0000007993900000] [id=16252]
  0x000001fddba55920 GCTaskThread "GC Thread#0" [stack: 0x0000007992700000,0x0000007992800000] [id=11124]
  0x000001fdf6636540 GCTaskThread "GC Thread#1" [stack: 0x0000007993900000,0x0000007993a00000] [id=1116]
  0x000001fdf65a4c60 GCTaskThread "GC Thread#2" [stack: 0x0000007993a00000,0x0000007993b00000] [id=15316]
  0x000001fdf6f3a040 GCTaskThread "GC Thread#3" [stack: 0x0000007993b00000,0x0000007993c00000] [id=13908]
  0x000001fddba68540 ConcurrentGCThread "G1 Main Marker" [stack: 0x0000007992800000,0x0000007992900000] [id=4584]
  0x000001fddba6a700 ConcurrentGCThread "G1 Conc#0" [stack: 0x0000007992900000,0x0000007992a00000] [id=14552]
  0x000001fddbaaec70 ConcurrentGCThread "G1 Refine#0" [stack: 0x0000007992a00000,0x0000007992b00000] [id=2916]
  0x000001fdf541b270 ConcurrentGCThread "G1 Service" [stack: 0x0000007992b00000,0x0000007992c00000] [id=12992]

Threads with active compile tasks:
C2 CompilerThread0    15640 4084       4       java.util.Arrays::binarySearch (10 bytes)

VM state: not at safepoint (normal execution)

VM Mutex/Monitor currently owned by a thread: None

Heap address: 0x0000000080000000, size: 2048 MB, Compressed Oops mode: 32-bit

CDS archive(s) not mapped
Compressed class space mapped at: 0x0000000100000000-0x0000000140000000, reserved size: 1073741824
Narrow klass base: 0x0000000000000000, Narrow klass shift: 3, Narrow klass range: 0x140000000

GC Precious Log:
 CPUs: 4 total, 4 available
 Memory: 8088M
 Large Page Support: Disabled
 NUMA Support: Disabled
 Compressed Oops: Enabled (32-bit)
 Heap Region Size: 1M
 Heap Min Capacity: 8M
 Heap Initial Capacity: 128M
 Heap Max Capacity: 2G
 Pre-touch: Disabled
 Parallel Workers: 4
 Concurrent Workers: 1
 Concurrent Refinement Workers: 4
 Periodic GC: Disabled

Heap:
 garbage-first heap   total 117760K, used 68374K [0x0000000080000000, 0x0000000100000000)
  region size 1024K, 5 young (5120K), 4 survivors (4096K)
 Metaspace       used 48145K, committed 48576K, reserved 1097728K
  class space    used 6283K, committed 6464K, reserved 1048576K

Heap Regions: E=young(eden), S=young(survivor), O=old, HS=humongous(starts), HC=humongous(continues), CS=collection set, F=free, OA=open archive, CA=closed archive, TAMS=top-at-mark-start (previous, next)
|   0|0x0000000080000000, 0x0000000080100000, 0x0000000080100000|100%| O|  |TAMS 0x0000000080100000, 0x0000000080000000| Untracked 
|   1|0x0000000080100000, 0x0000000080200000, 0x0000000080200000|100%| O|  |TAMS 0x0000000080200000, 0x0000000080100000| Untracked 
|   2|0x0000000080200000, 0x0000000080300000, 0x0000000080300000|100%|HS|  |TAMS 0x0000000080300000, 0x0000000080200000| Complete 
|   3|0x0000000080300000, 0x0000000080400000, 0x0000000080400000|100%|HC|  |TAMS 0x0000000080400000, 0x0000000080300000| Complete 
|   4|0x0000000080400000, 0x0000000080500000, 0x0000000080500000|100%|HC|  |TAMS 0x0000000080500000, 0x0000000080400000| Complete 
|   5|0x0000000080500000, 0x0000000080600000, 0x0000000080600000|100%|HC|  |TAMS 0x0000000080600000, 0x0000000080500000| Complete 
|   6|0x0000000080600000, 0x0000000080700000, 0x0000000080700000|100%| O|  |TAMS 0x0000000080700000, 0x0000000080600000| Untracked 
|   7|0x0000000080700000, 0x0000000080800000, 0x0000000080800000|100%| O|  |TAMS 0x0000000080800000, 0x0000000080700000| Untracked 
|   8|0x0000000080800000, 0x0000000080900000, 0x0000000080900000|100%| O|  |TAMS 0x0000000080900000, 0x0000000080800000| Untracked 
|   9|0x0000000080900000, 0x0000000080a00000, 0x0000000080a00000|100%| O|  |TAMS 0x0000000080a00000, 0x0000000080900000| Untracked 
|  10|0x0000000080a00000, 0x0000000080b00000, 0x0000000080b00000|100%| O|  |TAMS 0x0000000080b00000, 0x0000000080a00000| Untracked 
|  11|0x0000000080b00000, 0x0000000080b38400, 0x0000000080c00000| 21%| O|  |TAMS 0x0000000080b38400, 0x0000000080b00000| Untracked 
|  12|0x0000000080c00000, 0x0000000080d00000, 0x0000000080d00000|100%| O|  |TAMS 0x0000000080d00000, 0x0000000080c00000| Untracked 
|  13|0x0000000080d00000, 0x0000000080e00000, 0x0000000080e00000|100%| O|  |TAMS 0x0000000080e00000, 0x0000000080d00000| Untracked 
|  14|0x0000000080e00000, 0x0000000080f00000, 0x0000000080f00000|100%| O|  |TAMS 0x0000000080f00000, 0x0000000080e00000| Untracked 
|  15|0x0000000080f00000, 0x0000000081000000, 0x0000000081000000|100%| O|  |TAMS 0x0000000081000000, 0x0000000080f00000| Untracked 
|  16|0x0000000081000000, 0x0000000081100000, 0x0000000081100000|100%| O|  |TAMS 0x0000000081100000, 0x0000000081000000| Untracked 
|  17|0x0000000081100000, 0x0000000081200000, 0x0000000081200000|100%| O|  |TAMS 0x0000000081200000, 0x0000000081100000| Untracked 
|  18|0x0000000081200000, 0x0000000081300000, 0x0000000081300000|100%| O|  |TAMS 0x0000000081300000, 0x0000000081200000| Untracked 
|  19|0x0000000081300000, 0x0000000081400000, 0x0000000081400000|100%|HS|  |TAMS 0x0000000081400000, 0x0000000081300000| Complete 
|  20|0x0000000081400000, 0x0000000081500000, 0x0000000081500000|100%|HC|  |TAMS 0x0000000081500000, 0x0000000081400000| Complete 
|  21|0x0000000081500000, 0x0000000081600000, 0x0000000081600000|100%|HS|  |TAMS 0x0000000081600000, 0x0000000081500000| Complete 
|  22|0x0000000081600000, 0x0000000081700000, 0x0000000081700000|100%|HC|  |TAMS 0x0000000081700000, 0x0000000081600000| Complete 
|  23|0x0000000081700000, 0x0000000081800000, 0x0000000081800000|100%|HC|  |TAMS 0x0000000081800000, 0x0000000081700000| Complete 
|  24|0x0000000081800000, 0x0000000081900000, 0x0000000081900000|100%| O|  |TAMS 0x0000000081900000, 0x0000000081800000| Untracked 
|  25|0x0000000081900000, 0x0000000081a00000, 0x0000000081a00000|100%| O|  |TAMS 0x0000000081a00000, 0x0000000081900000| Untracked 
|  26|0x0000000081a00000, 0x0000000081b00000, 0x0000000081b00000|100%| O|  |TAMS 0x0000000081b00000, 0x0000000081a00000| Untracked 
|  27|0x0000000081b00000, 0x0000000081c00000, 0x0000000081c00000|100%|HS|  |TAMS 0x0000000081c00000, 0x0000000081b00000| Complete 
|  28|0x0000000081c00000, 0x0000000081d00000, 0x0000000081d00000|100%|HC|  |TAMS 0x0000000081d00000, 0x0000000081c00000| Complete 
|  29|0x0000000081d00000, 0x0000000081e00000, 0x0000000081e00000|100%|HC|  |TAMS 0x0000000081e00000, 0x0000000081d00000| Complete 
|  30|0x0000000081e00000, 0x0000000081f00000, 0x0000000081f00000|100%| O|  |TAMS 0x0000000081f00000, 0x0000000081e00000| Untracked 
|  31|0x0000000081f00000, 0x0000000082000000, 0x0000000082000000|100%| O|  |TAMS 0x0000000082000000, 0x0000000081f00000| Untracked 
|  32|0x0000000082000000, 0x0000000082100000, 0x0000000082100000|100%| O|  |TAMS 0x0000000082100000, 0x0000000082000000| Untracked 
|  33|0x0000000082100000, 0x0000000082200000, 0x0000000082200000|100%|HS|  |TAMS 0x0000000082200000, 0x0000000082100000| Complete 
|  34|0x0000000082200000, 0x0000000082300000, 0x0000000082300000|100%|HC|  |TAMS 0x0000000082300000, 0x0000000082200000| Complete 
|  35|0x0000000082300000, 0x0000000082400000, 0x0000000082400000|100%| O|  |TAMS 0x0000000082400000, 0x0000000082300000| Untracked 
|  36|0x0000000082400000, 0x0000000082500000, 0x0000000082500000|100%| O|  |TAMS 0x0000000082500000, 0x0000000082400000| Untracked 
|  37|0x0000000082500000, 0x0000000082600000, 0x0000000082600000|100%| O|  |TAMS 0x0000000082600000, 0x0000000082500000| Untracked 
|  38|0x0000000082600000, 0x0000000082700000, 0x0000000082700000|100%| O|  |TAMS 0x0000000082700000, 0x0000000082600000| Untracked 
|  39|0x0000000082700000, 0x0000000082800000, 0x0000000082800000|100%| O|  |TAMS 0x0000000082800000, 0x0000000082700000| Untracked 
|  40|0x0000000082800000, 0x0000000082900000, 0x0000000082900000|100%| O|  |TAMS 0x0000000082900000, 0x0000000082800000| Untracked 
|  41|0x0000000082900000, 0x0000000082a00000, 0x0000000082a00000|100%| O|  |TAMS 0x0000000082a00000, 0x0000000082900000| Untracked 
|  42|0x0000000082a00000, 0x0000000082b00000, 0x0000000082b00000|100%|HS|  |TAMS 0x0000000082b00000, 0x0000000082a00000| Complete 
|  43|0x0000000082b00000, 0x0000000082c00000, 0x0000000082c00000|100%|HC|  |TAMS 0x0000000082c00000, 0x0000000082b00000| Complete 
|  44|0x0000000082c00000, 0x0000000082d00000, 0x0000000082d00000|100%|HC|  |TAMS 0x0000000082d00000, 0x0000000082c00000| Complete 
|  45|0x0000000082d00000, 0x0000000082e00000, 0x0000000082e00000|100%| O|  |TAMS 0x0000000082e00000, 0x0000000082d00000| Untracked 
|  46|0x0000000082e00000, 0x0000000082f00000, 0x0000000082f00000|100%|HS|  |TAMS 0x0000000082f00000, 0x0000000082e00000| Complete 
|  47|0x0000000082f00000, 0x0000000083000000, 0x0000000083000000|100%|HC|  |TAMS 0x0000000083000000, 0x0000000082f00000| Complete 
|  48|0x0000000083000000, 0x0000000083100000, 0x0000000083100000|100%|HC|  |TAMS 0x0000000083100000, 0x0000000083000000| Complete 
|  49|0x0000000083100000, 0x0000000083200000, 0x0000000083200000|100%|HC|  |TAMS 0x0000000083200000, 0x0000000083100000| Complete 
|  50|0x0000000083200000, 0x0000000083300000, 0x0000000083300000|100%|HC|  |TAMS 0x0000000083300000, 0x0000000083200000| Complete 
|  51|0x0000000083300000, 0x0000000083400000, 0x0000000083400000|100%|HC|  |TAMS 0x0000000083400000, 0x0000000083300000| Complete 
|  52|0x0000000083400000, 0x0000000083500000, 0x0000000083500000|100%|HC|  |TAMS 0x0000000083500000, 0x0000000083400000| Complete 
|  53|0x0000000083500000, 0x0000000083600000, 0x0000000083600000|100%|HC|  |TAMS 0x0000000083600000, 0x0000000083500000| Complete 
|  54|0x0000000083600000, 0x0000000083700000, 0x0000000083700000|100%|HC|  |TAMS 0x0000000083700000, 0x0000000083600000| Complete 
|  55|0x0000000083700000, 0x0000000083800000, 0x0000000083800000|100%|HC|  |TAMS 0x0000000083800000, 0x0000000083700000| Complete 
|  56|0x0000000083800000, 0x0000000083900000, 0x0000000083900000|100%|HC|  |TAMS 0x0000000083900000, 0x0000000083800000| Complete 
|  57|0x0000000083900000, 0x0000000083a00000, 0x0000000083a00000|100%|HC|  |TAMS 0x0000000083a00000, 0x0000000083900000| Complete 
|  58|0x0000000083a00000, 0x0000000083b00000, 0x0000000083b00000|100%| O|  |TAMS 0x0000000083a36a00, 0x0000000083a00000| Untracked 
|  59|0x0000000083b00000, 0x0000000083c00000, 0x0000000083c00000|100%|HS|  |TAMS 0x0000000083c00000, 0x0000000083b00000| Complete 
|  60|0x0000000083c00000, 0x0000000083d00000, 0x0000000083d00000|100%|HC|  |TAMS 0x0000000083d00000, 0x0000000083c00000| Complete 
|  61|0x0000000083d00000, 0x0000000083e00000, 0x0000000083e00000|100%|HC|  |TAMS 0x0000000083e00000, 0x0000000083d00000| Complete 
|  62|0x0000000083e00000, 0x0000000083e8e600, 0x0000000083f00000| 55%| O|  |TAMS 0x0000000083e00000, 0x0000000083e00000| Untracked 
|  63|0x0000000083f00000, 0x0000000084000000, 0x0000000084000000|100%|HS|  |TAMS 0x0000000083f00000, 0x0000000083f00000| Complete 
|  64|0x0000000084000000, 0x0000000084000000, 0x0000000084100000|  0%| F|  |TAMS 0x0000000084000000, 0x0000000084000000| Untracked 
|  65|0x0000000084100000, 0x0000000084100000, 0x0000000084200000|  0%| F|  |TAMS 0x0000000084100000, 0x0000000084100000| Untracked 
|  66|0x0000000084200000, 0x0000000084200000, 0x0000000084300000|  0%| F|  |TAMS 0x0000000084200000, 0x0000000084200000| Untracked 
|  67|0x0000000084300000, 0x0000000084300000, 0x0000000084400000|  0%| F|  |TAMS 0x0000000084300000, 0x0000000084300000| Untracked 
|  68|0x0000000084400000, 0x0000000084400000, 0x0000000084500000|  0%| F|  |TAMS 0x0000000084400000, 0x0000000084400000| Untracked 
|  69|0x0000000084500000, 0x0000000084500000, 0x0000000084600000|  0%| F|  |TAMS 0x0000000084500000, 0x0000000084500000| Untracked 
|  70|0x0000000084600000, 0x0000000084600000, 0x0000000084700000|  0%| F|  |TAMS 0x0000000084600000, 0x0000000084600000| Untracked 
|  71|0x0000000084700000, 0x0000000084700000, 0x0000000084800000|  0%| F|  |TAMS 0x0000000084700000, 0x0000000084700000| Untracked 
|  72|0x0000000084800000, 0x0000000084800000, 0x0000000084900000|  0%| F|  |TAMS 0x0000000084800000, 0x0000000084800000| Untracked 
|  73|0x0000000084900000, 0x0000000084900000, 0x0000000084a00000|  0%| F|  |TAMS 0x0000000084900000, 0x0000000084900000| Untracked 
|  74|0x0000000084a00000, 0x0000000084a00000, 0x0000000084b00000|  0%| F|  |TAMS 0x0000000084a00000, 0x0000000084a00000| Untracked 
|  75|0x0000000084b00000, 0x0000000084b00000, 0x0000000084c00000|  0%| F|  |TAMS 0x0000000084b00000, 0x0000000084b00000| Untracked 
|  76|0x0000000084c00000, 0x0000000084c00000, 0x0000000084d00000|  0%| F|  |TAMS 0x0000000084c00000, 0x0000000084c00000| Untracked 
|  77|0x0000000084d00000, 0x0000000084d00000, 0x0000000084e00000|  0%| F|  |TAMS 0x0000000084d00000, 0x0000000084d00000| Untracked 
|  78|0x0000000084e00000, 0x0000000084e00000, 0x0000000084f00000|  0%| F|  |TAMS 0x0000000084e00000, 0x0000000084e00000| Untracked 
|  79|0x0000000084f00000, 0x0000000084f00000, 0x0000000085000000|  0%| F|  |TAMS 0x0000000084f00000, 0x0000000084f00000| Untracked 
|  80|0x0000000085000000, 0x0000000085000000, 0x0000000085100000|  0%| F|  |TAMS 0x0000000085000000, 0x0000000085000000| Untracked 
|  81|0x0000000085100000, 0x0000000085100000, 0x0000000085200000|  0%| F|  |TAMS 0x0000000085100000, 0x0000000085100000| Untracked 
|  82|0x0000000085200000, 0x0000000085200000, 0x0000000085300000|  0%| F|  |TAMS 0x0000000085200000, 0x0000000085200000| Untracked 
|  83|0x0000000085300000, 0x0000000085300000, 0x0000000085400000|  0%| F|  |TAMS 0x0000000085300000, 0x0000000085300000| Untracked 
|  84|0x0000000085400000, 0x0000000085400000, 0x0000000085500000|  0%| F|  |TAMS 0x0000000085400000, 0x0000000085400000| Untracked 
|  85|0x0000000085500000, 0x0000000085500000, 0x0000000085600000|  0%| F|  |TAMS 0x0000000085500000, 0x0000000085500000| Untracked 
|  86|0x0000000085600000, 0x0000000085600000, 0x0000000085700000|  0%| F|  |TAMS 0x0000000085600000, 0x0000000085600000| Untracked 
|  87|0x0000000085700000, 0x0000000085700000, 0x0000000085800000|  0%| F|  |TAMS 0x0000000085700000, 0x0000000085700000| Untracked 
|  88|0x0000000085800000, 0x0000000085800000, 0x0000000085900000|  0%| F|  |TAMS 0x0000000085800000, 0x0000000085800000| Untracked 
|  89|0x0000000085900000, 0x0000000085900000, 0x0000000085a00000|  0%| F|  |TAMS 0x0000000085900000, 0x0000000085900000| Untracked 
|  90|0x0000000085a00000, 0x0000000085a00000, 0x0000000085b00000|  0%| F|  |TAMS 0x0000000085a00000, 0x0000000085a00000| Untracked 
|  91|0x0000000085b00000, 0x0000000085b00000, 0x0000000085c00000|  0%| F|  |TAMS 0x0000000085b00000, 0x0000000085b00000| Untracked 
|  92|0x0000000085c00000, 0x0000000085c00000, 0x0000000085d00000|  0%| F|  |TAMS 0x0000000085c00000, 0x0000000085c00000| Untracked 
|  93|0x0000000085d00000, 0x0000000085d00000, 0x0000000085e00000|  0%| F|  |TAMS 0x0000000085d00000, 0x0000000085d00000| Untracked 
|  94|0x0000000085e00000, 0x0000000085e00000, 0x0000000085f00000|  0%| F|  |TAMS 0x0000000085e00000, 0x0000000085e00000| Untracked 
|  95|0x0000000085f00000, 0x0000000085f00000, 0x0000000086000000|  0%| F|  |TAMS 0x0000000085f00000, 0x0000000085f00000| Untracked 
|  96|0x0000000086000000, 0x0000000086000000, 0x0000000086100000|  0%| F|  |TAMS 0x0000000086000000, 0x0000000086000000| Untracked 
|  97|0x0000000086100000, 0x0000000086100000, 0x0000000086200000|  0%| F|  |TAMS 0x0000000086100000, 0x0000000086100000| Untracked 
|  98|0x0000000086200000, 0x0000000086200000, 0x0000000086300000|  0%| F|  |TAMS 0x0000000086200000, 0x0000000086200000| Untracked 
|  99|0x0000000086300000, 0x0000000086300000, 0x0000000086400000|  0%| F|  |TAMS 0x0000000086300000, 0x0000000086300000| Untracked 
| 100|0x0000000086400000, 0x00000000864fefa0, 0x0000000086500000| 99%| S|CS|TAMS 0x0000000086400000, 0x0000000086400000| Complete 
| 101|0x0000000086500000, 0x0000000086600000, 0x0000000086600000|100%| S|CS|TAMS 0x0000000086500000, 0x0000000086500000| Complete 
| 102|0x0000000086600000, 0x0000000086700000, 0x0000000086700000|100%| S|CS|TAMS 0x0000000086600000, 0x0000000086600000| Complete 
| 103|0x0000000086700000, 0x0000000086800000, 0x0000000086800000|100%| S|CS|TAMS 0x0000000086700000, 0x0000000086700000| Complete 
| 104|0x0000000086800000, 0x0000000086800000, 0x0000000086900000|  0%| F|  |TAMS 0x0000000086800000, 0x0000000086800000| Untracked 
| 105|0x0000000086900000, 0x0000000086900000, 0x0000000086a00000|  0%| F|  |TAMS 0x0000000086900000, 0x0000000086900000| Untracked 
| 106|0x0000000086a00000, 0x0000000086a00000, 0x0000000086b00000|  0%| F|  |TAMS 0x0000000086a00000, 0x0000000086a00000| Untracked 
| 107|0x0000000086b00000, 0x0000000086b00000, 0x0000000086c00000|  0%| F|  |TAMS 0x0000000086b00000, 0x0000000086b00000| Untracked 
| 108|0x0000000086c00000, 0x0000000086c00000, 0x0000000086d00000|  0%| F|  |TAMS 0x0000000086c00000, 0x0000000086c00000| Untracked 
| 109|0x0000000086d00000, 0x0000000086d00000, 0x0000000086e00000|  0%| F|  |TAMS 0x0000000086d00000, 0x0000000086d00000| Untracked 
| 110|0x0000000086e00000, 0x0000000086e00000, 0x0000000086f00000|  0%| F|  |TAMS 0x0000000086e00000, 0x0000000086e00000| Untracked 
| 111|0x0000000086f00000, 0x0000000086f00000, 0x0000000087000000|  0%| F|  |TAMS 0x0000000086f00000, 0x0000000086f00000| Untracked 
| 112|0x0000000087000000, 0x0000000087000000, 0x0000000087100000|  0%| F|  |TAMS 0x0000000087000000, 0x0000000087000000| Untracked 
| 113|0x0000000087100000, 0x00000000871685b8, 0x0000000087200000| 40%| E|  |TAMS 0x0000000087100000, 0x0000000087100000| Complete 
| 127|0x0000000087f00000, 0x0000000088000000, 0x0000000088000000|100%| E|CS|TAMS 0x0000000087f00000, 0x0000000087f00000| Complete 

Card table byte_map: [0x000001fdee990000,0x000001fdeed90000] _byte_map_base: 0x000001fdee590000

Marking Bits (Prev, Next): (CMBitMap*) 0x000001fddba55f70, (CMBitMap*) 0x000001fddba55f30
 Prev Bits: [0x000001fdf1190000, 0x000001fdf3190000)
 Next Bits: [0x000001fdef190000, 0x000001fdf1190000)

Polling page: 0x000001fdda190000

Metaspace:

Usage:
  Non-class:     40.90 MB used.
      Class:      6.14 MB used.
       Both:     47.04 MB used.

Virtual space:
  Non-class space:       48.00 MB reserved,      41.12 MB ( 86%) committed,  6 nodes.
      Class space:        1.00 GB reserved,       6.31 MB ( <1%) committed,  1 nodes.
             Both:        1.05 GB reserved,      47.44 MB (  4%) committed. 

Chunk freelists:
   Non-Class:  2.77 MB
       Class:  1.52 MB
        Both:  4.28 MB

MaxMetaspaceSize: unlimited
CompressedClassSpaceSize: 1.00 GB
Initial GC threshold: 21.00 MB
Current GC threshold: 78.75 MB
CDS: off
MetaspaceReclaimPolicy: balanced
 - commit_granule_bytes: 65536.
 - commit_granule_words: 8192.
 - virtual_space_node_default_size: 1048576.
 - enlarge_chunks_in_place: 1.
 - new_chunks_are_fully_committed: 0.
 - uncommit_free_chunks: 1.
 - use_allocation_guard: 0.
 - handle_deallocations: 1.


Internal statistics:

num_allocs_failed_limit: 3.
num_arena_births: 454.
num_arena_deaths: 0.
num_vsnodes_births: 7.
num_vsnodes_deaths: 0.
num_space_committed: 759.
num_space_uncommitted: 0.
num_chunks_returned_to_freelist: 3.
num_chunks_taken_from_freelist: 1958.
num_chunk_merges: 3.
num_chunk_splits: 1265.
num_chunks_enlarged: 854.
num_purges: 0.
num_inconsistent_stats: 0.

CodeHeap 'non-profiled nmethods': size=120000Kb used=2134Kb max_used=2134Kb free=117865Kb
 bounds [0x000001fde6a40000, 0x000001fde6cb0000, 0x000001fdedf70000]
CodeHeap 'profiled nmethods': size=120000Kb used=8799Kb max_used=8799Kb free=111200Kb
 bounds [0x000001fddef70000, 0x000001fddf810000, 0x000001fde64a0000]
CodeHeap 'non-nmethods': size=5760Kb used=2301Kb max_used=2363Kb free=3458Kb
 bounds [0x000001fde64a0000, 0x000001fde6710000, 0x000001fde6a40000]
 total_blobs=5040 nmethods=4226 adapters=726
 compilation: enabled
              stopped_count=0, restarted_count=0
 full_count=0

Compilation events (20 events):
Event: 14.406 Thread 0x000001fdf6068ad0 4248       3       com.google.common.collect.MapMakerInternalMap$StrongKeyWeakValueSegment::self (5 bytes)
Event: 14.406 Thread 0x000001fdf6068ad0 nmethod 4248 0x000001fddf800790 code [0x000001fddf800920, 0x000001fddf800a98]
Event: 14.406 Thread 0x000001fdf6068ad0 4249       3       com.google.common.collect.MapMakerInternalMap$StrongKeyWeakValueSegment::self (2 bytes)
Event: 14.407 Thread 0x000001fdf6068ad0 nmethod 4249 0x000001fddf800b90 code [0x000001fddf800d20, 0x000001fddf800e38]
Event: 14.410 Thread 0x000001fdf6068ad0 4250       3       java.lang.invoke.BoundMethodHandle$Species_L::<init> (12 bytes)
Event: 14.411 Thread 0x000001fdf6068ad0 nmethod 4250 0x000001fddf800f10 code [0x000001fddf8010c0, 0x000001fddf8012e8]
Event: 14.415 Thread 0x000001fdf6068ad0 4251       3       com.google.common.collect.MapMakerInternalMap$Segment::getEntry (80 bytes)
Event: 14.416 Thread 0x000001fdf6068ad0 nmethod 4251 0x000001fddf801410 code [0x000001fddf8016c0, 0x000001fddf802708]
Event: 14.431 Thread 0x000001fdf6068ad0 4252       3       java.util.ComparableTimSort::countRunAndMakeAscending (123 bytes)
Event: 14.432 Thread 0x000001fdf6068ad0 nmethod 4252 0x000001fddf802b90 code [0x000001fddf802dc0, 0x000001fddf8037f8]
Event: 14.434 Thread 0x000001fdf6068ad0 4253       3       jdk.internal.jimage.BasicImageReader::verifyLocation (39 bytes)
Event: 14.435 Thread 0x000001fdf6068ad0 nmethod 4253 0x000001fddf803b10 code [0x000001fddf803ce0, 0x000001fddf803fa8]
Event: 14.436 Thread 0x000001fdf6068ad0 4254       3       java.lang.Character::isJavaIdentifierPart (9 bytes)
Event: 14.436 Thread 0x000001fdf6068ad0 nmethod 4254 0x000001fddf804090 code [0x000001fddf804240, 0x000001fddf804438]
Event: 14.436 Thread 0x000001fdf6068ad0 4255       3       java.lang.CharacterDataLatin1::isJavaIdentifierPart (20 bytes)
Event: 14.436 Thread 0x000001fdf6068ad0 nmethod 4255 0x000001fddf804510 code [0x000001fddf8046c0, 0x000001fddf8048d8]
Event: 14.444 Thread 0x000001fdf6068ad0 4256       1       com.google.common.collect.MapMakerInternalMap$AbstractStrongKeyEntry::getKey (5 bytes)
Event: 14.445 Thread 0x000001fdf6068ad0 nmethod 4256 0x000001fde6c55190 code [0x000001fde6c55320, 0x000001fde6c553f8]
Event: 14.446 Thread 0x000001fdf6068ad0 4257       3       sun.net.www.protocol.jar.Handler::parseURL (173 bytes)
Event: 14.447 Thread 0x000001fdf6068ad0 nmethod 4257 0x000001fddf804a10 code [0x000001fddf804cc0, 0x000001fddf805858]

GC Heap History (20 events):
Event: 8.938 GC heap before
{Heap before GC invocations=7 (full 0):
 garbage-first heap   total 68608K, used 44419K [0x0000000080000000, 0x0000000100000000)
  region size 1024K, 5 young (5120K), 4 survivors (4096K)
 Metaspace       used 29357K, committed 29696K, reserved 1081344K
  class space    used 3977K, committed 4160K, reserved 1048576K
}
Event: 8.943 GC heap after
{Heap after GC invocations=8 (full 0):
 garbage-first heap   total 68608K, used 45616K [0x0000000080000000, 0x0000000100000000)
  region size 1024K, 1 young (1024K), 1 survivors (1024K)
 Metaspace       used 29357K, committed 29696K, reserved 1081344K
  class space    used 3977K, committed 4160K, reserved 1048576K
}
Event: 9.326 GC heap before
{Heap before GC invocations=9 (full 0):
 garbage-first heap   total 83968K, used 55856K [0x0000000080000000, 0x0000000100000000)
  region size 1024K, 10 young (10240K), 1 survivors (1024K)
 Metaspace       used 30538K, committed 30912K, reserved 1081344K
  class space    used 4150K, committed 4352K, reserved 1048576K
}
Event: 9.328 GC heap after
{Heap after GC invocations=10 (full 0):
 garbage-first heap   total 83968K, used 49362K [0x0000000080000000, 0x0000000100000000)
  region size 1024K, 2 young (2048K), 2 survivors (2048K)
 Metaspace       used 30538K, committed 30912K, reserved 1081344K
  class space    used 4150K, committed 4352K, reserved 1048576K
}
Event: 9.902 GC heap before
{Heap before GC invocations=10 (full 0):
 garbage-first heap   total 83968K, used 64722K [0x0000000080000000, 0x0000000100000000)
  region size 1024K, 17 young (17408K), 2 survivors (2048K)
 Metaspace       used 32501K, committed 32832K, reserved 1081344K
  class space    used 4483K, committed 4672K, reserved 1048576K
}
Event: 9.906 GC heap after
{Heap after GC invocations=11 (full 0):
 garbage-first heap   total 83968K, used 49877K [0x0000000080000000, 0x0000000100000000)
  region size 1024K, 1 young (1024K), 1 survivors (1024K)
 Metaspace       used 32501K, committed 32832K, reserved 1081344K
  class space    used 4483K, committed 4672K, reserved 1048576K
}
Event: 10.598 GC heap before
{Heap before GC invocations=12 (full 0):
 garbage-first heap   total 89088K, used 65237K [0x0000000080000000, 0x0000000100000000)
  region size 1024K, 16 young (16384K), 1 survivors (1024K)
 Metaspace       used 34715K, committed 35072K, reserved 1081344K
  class space    used 4826K, committed 4992K, reserved 1048576K
}
Event: 10.605 GC heap after
{Heap after GC invocations=13 (full 0):
 garbage-first heap   total 89088K, used 50504K [0x0000000080000000, 0x0000000100000000)
  region size 1024K, 2 young (2048K), 2 survivors (2048K)
 Metaspace       used 34715K, committed 35072K, reserved 1081344K
  class space    used 4826K, committed 4992K, reserved 1048576K
}
Event: 11.555 GC heap before
{Heap before GC invocations=13 (full 0):
 garbage-first heap   total 89088K, used 69960K [0x0000000080000000, 0x0000000100000000)
  region size 1024K, 21 young (21504K), 2 survivors (2048K)
 Metaspace       used 40378K, committed 40768K, reserved 1089536K
  class space    used 5450K, committed 5632K, reserved 1048576K
}
Event: 11.562 GC heap after
{Heap after GC invocations=14 (full 0):
 garbage-first heap   total 89088K, used 53019K [0x0000000080000000, 0x0000000100000000)
  region size 1024K, 3 young (3072K), 3 survivors (3072K)
 Metaspace       used 40378K, committed 40768K, reserved 1089536K
  class space    used 5450K, committed 5632K, reserved 1048576K
}
Event: 11.926 GC heap before
{Heap before GC invocations=15 (full 0):
 garbage-first heap   total 94208K, used 70427K [0x0000000080000000, 0x0000000100000000)
  region size 1024K, 20 young (20480K), 3 survivors (3072K)
 Metaspace       used 41702K, committed 42112K, reserved 1089536K
  class space    used 5571K, committed 5760K, reserved 1048576K
}
Event: 11.933 GC heap after
{Heap after GC invocations=16 (full 0):
 garbage-first heap   total 94208K, used 55680K [0x0000000080000000, 0x0000000100000000)
  region size 1024K, 3 young (3072K), 3 survivors (3072K)
 Metaspace       used 41702K, committed 42112K, reserved 1089536K
  class space    used 5571K, committed 5760K, reserved 1048576K
}
Event: 12.086 GC heap before
{Heap before GC invocations=16 (full 0):
 garbage-first heap   total 94208K, used 65920K [0x0000000080000000, 0x0000000100000000)
  region size 1024K, 15 young (15360K), 3 survivors (3072K)
 Metaspace       used 42173K, committed 42624K, reserved 1089536K
  class space    used 5616K, committed 5824K, reserved 1048576K
}
Event: 12.091 GC heap after
{Heap after GC invocations=17 (full 0):
 garbage-first heap   total 94208K, used 56232K [0x0000000080000000, 0x0000000100000000)
  region size 1024K, 2 young (2048K), 2 survivors (2048K)
 Metaspace       used 42173K, committed 42624K, reserved 1089536K
  class space    used 5616K, committed 5824K, reserved 1048576K
}
Event: 12.751 GC heap before
{Heap before GC invocations=18 (full 0):
 garbage-first heap   total 102400K, used 78760K [0x0000000080000000, 0x0000000100000000)
  region size 1024K, 21 young (21504K), 2 survivors (2048K)
 Metaspace       used 45471K, committed 45888K, reserved 1089536K
  class space    used 6009K, committed 6208K, reserved 1048576K
}
Event: 12.757 GC heap after
{Heap after GC invocations=19 (full 0):
 garbage-first heap   total 102400K, used 57265K [0x0000000080000000, 0x0000000100000000)
  region size 1024K, 2 young (2048K), 2 survivors (2048K)
 Metaspace       used 45471K, committed 45888K, reserved 1089536K
  class space    used 6009K, committed 6208K, reserved 1048576K
}
Event: 13.152 GC heap before
{Heap before GC invocations=19 (full 0):
 garbage-first heap   total 102400K, used 68529K [0x0000000080000000, 0x0000000100000000)
  region size 1024K, 14 young (14336K), 2 survivors (2048K)
 Metaspace       used 46607K, committed 47040K, reserved 1089536K
  class space    used 6184K, committed 6400K, reserved 1048576K
}
Event: 13.158 GC heap after
{Heap after GC invocations=20 (full 0):
 garbage-first heap   total 102400K, used 58878K [0x0000000080000000, 0x0000000100000000)
  region size 1024K, 4 young (4096K), 4 survivors (4096K)
 Metaspace       used 46607K, committed 47040K, reserved 1089536K
  class space    used 6184K, committed 6400K, reserved 1048576K
}
Event: 14.477 GC heap before
{Heap before GC invocations=21 (full 0):
 garbage-first heap   total 116736K, used 74238K [0x0000000080000000, 0x0000000100000000)
  region size 1024K, 15 young (15360K), 4 survivors (4096K)
 Metaspace       used 47333K, committed 47808K, reserved 1097728K
  class space    used 6267K, committed 6464K, reserved 1048576K
}
Event: 14.485 GC heap after
{Heap after GC invocations=22 (full 0):
 garbage-first heap   total 116736K, used 67350K [0x0000000080000000, 0x0000000100000000)
  region size 1024K, 4 young (4096K), 4 survivors (4096K)
 Metaspace       used 47333K, committed 47808K, reserved 1097728K
  class space    used 6267K, committed 6464K, reserved 1048576K
}

Dll operation events (2 events):
Event: 0.020 Loaded shared library C:\Program Files\Android\Android Studio\jbr\bin\java.dll
Event: 1.191 Loaded shared library C:\Program Files\Android\Android Studio\jbr\bin\verify.dll

Deoptimization events (20 events):
Event: 12.300 Thread 0x000001fdf6ea0050 Uncommon trap: trap_request=0xffffff45 fr.pc=0x000001fde6b0b750 relative=0x0000000000000230
Event: 12.300 Thread 0x000001fdf6ea0050 Uncommon trap: reason=unstable_if action=reinterpret pc=0x000001fde6b0b750 method=java.util.StringTokenizer.scanToken(I)I @ 42 c2
Event: 12.300 Thread 0x000001fdf6ea0050 DEOPT PACKING pc=0x000001fde6b0b750 sp=0x0000007994efe2b0
Event: 12.300 Thread 0x000001fdf6ea0050 DEOPT UNPACKING pc=0x000001fde64f69a3 sp=0x0000007994efe240 mode 2
Event: 12.551 Thread 0x000001fdf6f91ca0 Uncommon trap: trap_request=0xffffff45 fr.pc=0x000001fde6be47bc relative=0x000000000000011c
Event: 12.551 Thread 0x000001fdf6f91ca0 Uncommon trap: reason=unstable_if action=reinterpret pc=0x000001fde6be47bc method=java.util.Arrays.hashCode([Ljava/lang/Object;)I @ 34 c2
Event: 12.551 Thread 0x000001fdf6f91ca0 DEOPT PACKING pc=0x000001fde6be47bc sp=0x00000079942f7720
Event: 12.551 Thread 0x000001fdf6f91ca0 DEOPT UNPACKING pc=0x000001fde64f69a3 sp=0x00000079942f7698 mode 2
Event: 12.565 Thread 0x000001fdf6f91ca0 DEOPT PACKING pc=0x000001fddf6b2e15 sp=0x00000079942f4ff0
Event: 12.565 Thread 0x000001fdf6f91ca0 DEOPT UNPACKING pc=0x000001fde64f7143 sp=0x00000079942f4478 mode 0
Event: 13.196 Thread 0x000001fdf6f91ca0 Uncommon trap: trap_request=0xffffff45 fr.pc=0x000001fde6c16fe8 relative=0x0000000000002748
Event: 13.196 Thread 0x000001fdf6f91ca0 Uncommon trap: reason=unstable_if action=reinterpret pc=0x000001fde6c16fe8 method=java.lang.StringLatin1.regionMatchesCI([BI[BII)Z @ 72 c2
Event: 13.196 Thread 0x000001fdf6f91ca0 DEOPT PACKING pc=0x000001fde6c16fe8 sp=0x00000079942f8dc0
Event: 13.196 Thread 0x000001fdf6f91ca0 DEOPT UNPACKING pc=0x000001fde64f69a3 sp=0x00000079942f8c10 mode 2
Event: 13.196 Thread 0x000001fdf6f91ca0 Uncommon trap: trap_request=0xffffff45 fr.pc=0x000001fde6b258c8 relative=0x0000000000000688
Event: 13.196 Thread 0x000001fdf6f91ca0 Uncommon trap: reason=unstable_if action=reinterpret pc=0x000001fde6b258c8 method=java.lang.StringLatin1.regionMatchesCI([BI[BII)Z @ 72 c2
Event: 13.196 Thread 0x000001fdf6f91ca0 DEOPT PACKING pc=0x000001fde6b258c8 sp=0x00000079942f8ce0
Event: 13.196 Thread 0x000001fdf6f91ca0 DEOPT UNPACKING pc=0x000001fde64f69a3 sp=0x00000079942f8ba8 mode 2
Event: 14.344 Thread 0x000001fdf6f91ca0 DEOPT PACKING pc=0x000001fddf3071d4 sp=0x00000079942f75c0
Event: 14.344 Thread 0x000001fdf6f91ca0 DEOPT UNPACKING pc=0x000001fde64f7143 sp=0x00000079942f6b18 mode 0

Classes unloaded (0 events):
No events

Classes redefined (0 events):
No events

Internal exceptions (20 events):
Event: 14.320 Thread 0x000001fdf6f91ca0 Exception <a 'java/lang/ClassNotFoundException'{0x0000000086e202b0}: org/gradle/internal/service/DefaultServiceRegistryCustomizer> (0x0000000086e202b0) 
thrown [s\src\hotspot\share\classfile\systemDictionary.cpp, line 256]
Event: 14.324 Thread 0x000001fdf6f91ca0 Exception <a 'java/lang/ClassNotFoundException'{0x0000000086e43d40}: org/gradle/internal/service/scopes/GradleScopeServicesCustomizer> (0x0000000086e43d40) 
thrown [s\src\hotspot\share\classfile\systemDictionary.cpp, line 256]
Event: 14.330 Thread 0x000001fdf6f91ca0 Exception <a 'java/lang/ClassNotFoundException'{0x0000000086e71b58}: org/gradle/util/GradleVersionBeanInfo> (0x0000000086e71b58) 
thrown [s\src\hotspot\share\classfile\systemDictionary.cpp, line 256]
Event: 14.332 Thread 0x000001fdf6f91ca0 Exception <a 'java/lang/ClassNotFoundException'{0x0000000086e85700}: org/gradle/util/GradleVersionCustomizer> (0x0000000086e85700) 
thrown [s\src\hotspot\share\classfile\systemDictionary.cpp, line 256]
Event: 14.340 Thread 0x000001fdf6f91ca0 Exception <a 'java/lang/ClassNotFoundException'{0x0000000086ec5170}: org/gradle/util/internal/DefaultGradleVersionBeanInfo> (0x0000000086ec5170) 
thrown [s\src\hotspot\share\classfile\systemDictionary.cpp, line 256]
Event: 14.342 Thread 0x000001fdf6f91ca0 Exception <a 'java/lang/ClassNotFoundException'{0x0000000086ed9b30}: org/gradle/util/internal/DefaultGradleVersionCustomizer> (0x0000000086ed9b30) 
thrown [s\src\hotspot\share\classfile\systemDictionary.cpp, line 256]
Event: 14.352 Thread 0x000001fdf6f91ca0 Exception <a 'java/lang/ClassNotFoundException'{0x0000000086d355e8}: org/jetbrains/plugins/gradle/tooling/internal/ExtraModelBuilderBeanInfo> (0x0000000086d355e8) 
thrown [s\src\hotspot\share\classfile\systemDictionary.cpp, line 256]
Event: 14.354 Thread 0x000001fdf6f91ca0 Exception <a 'java/lang/ClassNotFoundException'{0x0000000086d3f7f8}: org/jetbrains/plugins/gradle/tooling/internal/ExtraModelBuilderCustomizer> (0x0000000086d3f7f8) 
thrown [s\src\hotspot\share\classfile\systemDictionary.cpp, line 256]
Event: 14.363 Thread 0x000001fdf6f91ca0 Exception <a 'java/lang/ClassNotFoundException'{0x0000000086c66f48}: java/lang/StringBeanInfo> (0x0000000086c66f48) 
thrown [s\src\hotspot\share\classfile\systemDictionary.cpp, line 256]
Event: 14.363 Thread 0x000001fdf6f91ca0 Exception <a 'java/lang/ClassNotFoundException'{0x0000000086c6f218}: java/lang/StringCustomizer> (0x0000000086c6f218) 
thrown [s\src\hotspot\share\classfile\systemDictionary.cpp, line 256]
Event: 14.375 Thread 0x000001fdf6f91ca0 Exception <a 'java/lang/ClassNotFoundException'{0x0000000086ce4ed8}: org/gradle/internal/classloader/VisitableURLClassLoaderBeanInfo> (0x0000000086ce4ed8) 
thrown [s\src\hotspot\share\classfile\systemDictionary.cpp, line 256]
Event: 14.375 Thread 0x000001fdf6f91ca0 Exception <a 'java/lang/ClassNotFoundException'{0x0000000086ced868}: java/net/URLClassLoaderBeanInfo> (0x0000000086ced868) 
thrown [s\src\hotspot\share\classfile\systemDictionary.cpp, line 256]
Event: 14.376 Thread 0x000001fdf6f91ca0 Exception <a 'java/lang/ClassNotFoundException'{0x0000000086cf5e80}: java/security/SecureClassLoaderBeanInfo> (0x0000000086cf5e80) 
thrown [s\src\hotspot\share\classfile\systemDictionary.cpp, line 256]
Event: 14.376 Thread 0x000001fdf6f91ca0 Exception <a 'java/lang/ClassNotFoundException'{0x0000000086cfe448}: java/lang/ClassLoaderBeanInfo> (0x0000000086cfe448) 
thrown [s\src\hotspot\share\classfile\systemDictionary.cpp, line 256]
Event: 14.376 Thread 0x000001fdf6f91ca0 Exception <a 'java/lang/ClassNotFoundException'{0x0000000086b06f00}: java/lang/ClassLoaderCustomizer> (0x0000000086b06f00) 
thrown [s\src\hotspot\share\classfile\systemDictionary.cpp, line 256]
Event: 14.378 Thread 0x000001fdf6f91ca0 Exception <a 'java/lang/ClassNotFoundException'{0x0000000086b1c798}: java/security/SecureClassLoaderCustomizer> (0x0000000086b1c798) 
thrown [s\src\hotspot\share\classfile\systemDictionary.cpp, line 256]
Event: 14.379 Thread 0x000001fdf6f91ca0 Exception <a 'java/lang/ClassNotFoundException'{0x0000000086b26fa0}: java/net/URLClassLoaderCustomizer> (0x0000000086b26fa0) 
thrown [s\src\hotspot\share\classfile\systemDictionary.cpp, line 256]
Event: 14.381 Thread 0x000001fdf6f91ca0 Exception <a 'java/lang/ClassNotFoundException'{0x0000000086b418e0}: org/gradle/internal/classloader/VisitableURLClassLoaderCustomizer> (0x0000000086b418e0) 
thrown [s\src\hotspot\share\classfile\systemDictionary.cpp, line 256]
Event: 14.387 Thread 0x000001fdf6f91ca0 Exception <a 'java/lang/ClassNotFoundException'{0x0000000086b77f60}: org/jetbrains/plugins/gradle/tooling/internal/ExtraModelBuilder$ForGradle44BeanInfo> (0x0000000086b77f60) 
thrown [s\src\hotspot\share\classfile\systemDictionary.cpp, line 256]
Event: 14.388 Thread 0x000001fdf6f91ca0 Exception <a 'java/lang/ClassNotFoundException'{0x0000000086b82f98}: org/jetbrains/plugins/gradle/tooling/internal/ExtraModelBuilder$ForGradle44Customizer> (0x0000000086b82f98) 
thrown [s\src\hotspot\share\classfile\systemDictionary.cpp, line 256]

VM Operations (20 events):
Event: 12.319 Executing VM operation: HandshakeAllThreads done
Event: 12.508 Executing VM operation: HandshakeAllThreads
Event: 12.508 Executing VM operation: HandshakeAllThreads done
Event: 12.533 Executing VM operation: HandshakeAllThreads
Event: 12.533 Executing VM operation: HandshakeAllThreads done
Event: 12.534 Executing VM operation: HandshakeAllThreads
Event: 12.534 Executing VM operation: HandshakeAllThreads done
Event: 12.750 Executing VM operation: G1CollectForAllocation
Event: 12.757 Executing VM operation: G1CollectForAllocation done
Event: 13.152 Executing VM operation: G1TryInitiateConcMark
Event: 13.158 Executing VM operation: G1TryInitiateConcMark done
Event: 13.224 Executing VM operation: G1Concurrent
Event: 14.229 Executing VM operation: G1Concurrent done
Event: 14.260 Executing VM operation: G1Concurrent
Event: 14.260 Executing VM operation: G1Concurrent done
Event: 14.313 Executing VM operation: HandshakeAllThreads
Event: 14.313 Executing VM operation: HandshakeAllThreads done
Event: 14.477 Executing VM operation: G1TryInitiateConcMark
Event: 14.487 Executing VM operation: G1TryInitiateConcMark done
Event: 14.553 Executing VM operation: G1Concurrent

Events (20 events):
Event: 14.375 loading class java/security/SecureClassLoaderBeanInfo
Event: 14.375 loading class java/security/SecureClassLoaderBeanInfo done
Event: 14.375 loading class java/security/SecureClassLoaderBeanInfo
Event: 14.375 loading class java/security/SecureClassLoaderBeanInfo done
Event: 14.376 loading class java/lang/ClassLoaderBeanInfo
Event: 14.376 loading class java/lang/ClassLoaderBeanInfo done
Event: 14.376 loading class java/lang/ClassLoaderBeanInfo
Event: 14.376 loading class java/lang/ClassLoaderBeanInfo done
Event: 14.376 loading class java/lang/ClassLoaderCustomizer
Event: 14.376 loading class java/lang/ClassLoaderCustomizer done
Event: 14.376 loading class java/lang/ClassLoaderCustomizer
Event: 14.376 loading class java/lang/ClassLoaderCustomizer done
Event: 14.377 loading class java/security/SecureClassLoaderCustomizer
Event: 14.377 loading class java/security/SecureClassLoaderCustomizer done
Event: 14.378 loading class java/security/SecureClassLoaderCustomizer
Event: 14.378 loading class java/security/SecureClassLoaderCustomizer done
Event: 14.378 loading class java/net/URLClassLoaderCustomizer
Event: 14.378 loading class java/net/URLClassLoaderCustomizer done
Event: 14.379 loading class java/net/URLClassLoaderCustomizer
Event: 14.379 loading class java/net/URLClassLoaderCustomizer done


Dynamic libraries:
0x00007ff6f9c20000 - 0x00007ff6f9c2a000 	C:\Program Files\Android\Android Studio\jbr\bin\java.exe
0x00007ffe056d0000 - 0x00007ffe05908000 	C:\WINDOWS\SYSTEM32\ntdll.dll
0x00007ffe03b60000 - 0x00007ffe03c29000 	C:\WINDOWS\System32\KERNEL32.DLL
0x00007ffe02d40000 - 0x00007ffe0309b000 	C:\WINDOWS\System32\KERNELBASE.dll
0x00007ffdff990000 - 0x00007ffdffa30000 	C:\WINDOWS\SYSTEM32\apphelp.dll
0x00007ffe02b40000 - 0x00007ffe02c7c000 	C:\WINDOWS\System32\ucrtbase.dll
0x00007ffdec170000 - 0x00007ffdec187000 	C:\Program Files\Android\Android Studio\jbr\bin\jli.dll
0x00007ffdf4240000 - 0x00007ffdf425b000 	C:\Program Files\Android\Android Studio\jbr\bin\VCRUNTIME140.dll
0x00007ffe04020000 - 0x00007ffe041e0000 	C:\WINDOWS\System32\USER32.dll
0x00007ffdf3e70000 - 0x00007ffdf4102000 	C:\WINDOWS\WinSxS\amd64_microsoft.windows.common-controls_6595b64144ccf1df_6.0.25997.1000_none_8786e03de04a2fab\COMCTL32.dll
0x00007ffe02c80000 - 0x00007ffe02ca7000 	C:\WINDOWS\System32\win32u.dll
0x00007ffe04b80000 - 0x00007ffe04baa000 	C:\WINDOWS\System32\GDI32.dll
0x00007ffe03490000 - 0x00007ffe03537000 	C:\WINDOWS\System32\msvcrt.dll
0x00007ffe03220000 - 0x00007ffe0333f000 	C:\WINDOWS\System32\gdi32full.dll
0x00007ffe02a90000 - 0x00007ffe02b35000 	C:\WINDOWS\System32\msvcp_win.dll
0x00007ffe03fe0000 - 0x00007ffe04011000 	C:\WINDOWS\System32\IMM32.DLL
0x00007ffdf4e90000 - 0x00007ffdf4e9c000 	C:\Program Files\Android\Android Studio\jbr\bin\vcruntime140_1.dll
0x00007ffde0c20000 - 0x00007ffde0cad000 	C:\Program Files\Android\Android Studio\jbr\bin\msvcp140.dll
0x00007ffdb8d40000 - 0x00007ffdb99ae000 	C:\Program Files\Android\Android Studio\jbr\bin\server\jvm.dll
0x00007ffe049c0000 - 0x00007ffe04a70000 	C:\WINDOWS\System32\ADVAPI32.dll
0x00007ffe05580000 - 0x00007ffe05623000 	C:\WINDOWS\System32\sechost.dll
0x00007ffe03a20000 - 0x00007ffe03b46000 	C:\WINDOWS\System32\RPCRT4.dll
0x00007ffde7700000 - 0x00007ffde770a000 	C:\WINDOWS\SYSTEM32\WSOCK32.dll
0x00007ffdf6f50000 - 0x00007ffdf6f85000 	C:\WINDOWS\SYSTEM32\WINMM.dll
0x00007ffe03f10000 - 0x00007ffe03f84000 	C:\WINDOWS\System32\WS2_32.dll
0x00007ffdf4680000 - 0x00007ffdf468b000 	C:\WINDOWS\SYSTEM32\VERSION.dll
0x00007ffe01930000 - 0x00007ffe01949000 	C:\WINDOWS\SYSTEM32\kernel.appcore.dll
0x00007ffdfd660000 - 0x00007ffdfd66a000 	C:\Program Files\Android\Android Studio\jbr\bin\jimage.dll
0x00007ffe00490000 - 0x00007ffe006c6000 	C:\WINDOWS\SYSTEM32\DBGHELP.DLL
0x00007ffe04bb0000 - 0x00007ffe04f24000 	C:\WINDOWS\System32\combase.dll
0x00007ffe054a0000 - 0x00007ffe05576000 	C:\WINDOWS\System32\OLEAUT32.dll
0x00007ffdf4a70000 - 0x00007ffdf4aa9000 	C:\WINDOWS\SYSTEM32\dbgcore.DLL
0x00007ffe02cb0000 - 0x00007ffe02d30000 	C:\WINDOWS\System32\bcryptPrimitives.dll
0x00007ffdfca30000 - 0x00007ffdfca55000 	C:\Program Files\Android\Android Studio\jbr\bin\java.dll
0x00007ffdefe40000 - 0x00007ffdefe58000 	C:\Program Files\Android\Android Studio\jbr\bin\zip.dll
0x00007ffe041f0000 - 0x00007ffe049bc000 	C:\WINDOWS\System32\SHELL32.dll
0x00007ffe00850000 - 0x00007ffe010b5000 	C:\WINDOWS\SYSTEM32\windows.storage.dll
0x00007ffe051d0000 - 0x00007ffe052a7000 	C:\WINDOWS\System32\SHCORE.dll
0x00007ffe05630000 - 0x00007ffe0568d000 	C:\WINDOWS\System32\shlwapi.dll
0x00007ffe029b0000 - 0x00007ffe029d4000 	C:\WINDOWS\SYSTEM32\profapi.dll
0x00007ffdee530000 - 0x00007ffdee549000 	C:\Program Files\Android\Android Studio\jbr\bin\net.dll
0x00007ffdf72e0000 - 0x00007ffdf73fd000 	C:\WINDOWS\SYSTEM32\WINHTTP.dll
0x00007ffe01dd0000 - 0x00007ffe01e39000 	C:\WINDOWS\system32\mswsock.dll
0x00007ffdedd80000 - 0x00007ffdedd96000 	C:\Program Files\Android\Android Studio\jbr\bin\nio.dll
0x00007ffdfd650000 - 0x00007ffdfd660000 	C:\Program Files\Android\Android Studio\jbr\bin\verify.dll
0x00007ffdef650000 - 0x00007ffdef677000 	C:\Users\ASUS\.gradle\native\68d5fa5c4cc2d200863cafc0d521ce42e7d3e7ee720ec0a83991735586a16f82\windows-amd64\native-platform.dll
0x00007ffdbf050000 - 0x00007ffdbf194000 	C:\Users\ASUS\.gradle\native\e376f236ea51e6404a007f0833ffe2c6e607c4080706a723a18a27aeea778392\windows-amd64\native-platform-file-events.dll
0x00007ffdfd590000 - 0x00007ffdfd599000 	C:\Program Files\Android\Android Studio\jbr\bin\management.dll
0x00007ffdf7da0000 - 0x00007ffdf7dab000 	C:\Program Files\Android\Android Studio\jbr\bin\management_ext.dll
0x00007ffe04b70000 - 0x00007ffe04b78000 	C:\WINDOWS\System32\PSAPI.DLL
0x00007ffe020a0000 - 0x00007ffe020bc000 	C:\WINDOWS\SYSTEM32\CRYPTSP.dll
0x00007ffe01890000 - 0x00007ffe018c8000 	C:\WINDOWS\system32\rsaenh.dll
0x00007ffe01eb0000 - 0x00007ffe01edb000 	C:\WINDOWS\SYSTEM32\USERENV.dll
0x00007ffe022f0000 - 0x00007ffe02319000 	C:\WINDOWS\SYSTEM32\bcrypt.dll
0x00007ffe020c0000 - 0x00007ffe020cc000 	C:\WINDOWS\SYSTEM32\CRYPTBASE.dll
0x00007ffe01350000 - 0x00007ffe01380000 	C:\WINDOWS\SYSTEM32\IPHLPAPI.DLL
0x00007ffe03cb0000 - 0x00007ffe03cba000 	C:\WINDOWS\System32\NSI.dll
0x00007ffdf6f30000 - 0x00007ffdf6f4b000 	C:\WINDOWS\SYSTEM32\dhcpcsvc6.DLL
0x00007ffdf6f00000 - 0x00007ffdf6f20000 	C:\WINDOWS\SYSTEM32\dhcpcsvc.DLL
0x00007ffe01430000 - 0x00007ffe01544000 	C:\WINDOWS\SYSTEM32\DNSAPI.dll
0x00007ffdefee0000 - 0x00007ffdefee8000 	C:\WINDOWS\system32\wshunix.dll

dbghelp: loaded successfully - version: 4.0.5 - missing functions: none
symbol engine: initialized successfully - sym options: 0x614 - pdb path: .;C:\Program Files\Android\Android Studio\jbr\bin;C:\WINDOWS\SYSTEM32;C:\WINDOWS\WinSxS\amd64_microsoft.windows.common-controls_6595b64144ccf1df_6.0.25997.1000_none_8786e03de04a2fab;C:\Program Files\Android\Android Studio\jbr\bin\server;C:\Users\ASUS\.gradle\native\68d5fa5c4cc2d200863cafc0d521ce42e7d3e7ee720ec0a83991735586a16f82\windows-amd64;C:\Users\ASUS\.gradle\native\e376f236ea51e6404a007f0833ffe2c6e607c4080706a723a18a27aeea778392\windows-amd64

VM Arguments:
jvm_args: --add-opens=java.base/java.util=ALL-UNNAMED --add-opens=java.base/java.lang=ALL-UNNAMED --add-opens=java.base/java.lang.invoke=ALL-UNNAMED --add-opens=java.prefs/java.util.prefs=ALL-UNNAMED --add-opens=java.base/java.nio.charset=ALL-UNNAMED --add-opens=java.base/java.net=ALL-UNNAMED --add-opens=java.base/java.util.concurrent.atomic=ALL-UNNAMED -Xmx2048m -Dfile.encoding=UTF-8 -Duser.country=US -Duser.language=en -Duser.variant 
java_command: org.gradle.launcher.daemon.bootstrap.GradleDaemon 8.0
java_class_path (initial): C:\Users\ASUS\.gradle\wrapper\dists\gradle-8.0-bin\ca5e32bp14vu59qr306oxotwh\gradle-8.0\lib\gradle-launcher-8.0.jar
Launcher Type: SUN_STANDARD

[Global flags]
     intx CICompilerCount                          = 3                                         {product} {ergonomic}
     uint ConcGCThreads                            = 1                                         {product} {ergonomic}
     uint G1ConcRefinementThreads                  = 4                                         {product} {ergonomic}
   size_t G1HeapRegionSize                         = 1048576                                   {product} {ergonomic}
    uintx GCDrainStackTargetSize                   = 64                                        {product} {ergonomic}
   size_t InitialHeapSize                          = 134217728                                 {product} {ergonomic}
   size_t MarkStackSize                            = 4194304                                   {product} {ergonomic}
   size_t MaxHeapSize                              = 2147483648                                {product} {command line}
   size_t MaxNewSize                               = 1287651328                                {product} {ergonomic}
   size_t MinHeapDeltaBytes                        = 1048576                                   {product} {ergonomic}
   size_t MinHeapSize                              = 8388608                                   {product} {ergonomic}
    uintx NonNMethodCodeHeapSize                   = 5832780                                {pd product} {ergonomic}
    uintx NonProfiledCodeHeapSize                  = 122912730                              {pd product} {ergonomic}
    uintx ProfiledCodeHeapSize                     = 122912730                              {pd product} {ergonomic}
    uintx ReservedCodeCacheSize                    = 251658240                              {pd product} {ergonomic}
     bool SegmentedCodeCache                       = true                                      {product} {ergonomic}
   size_t SoftMaxHeapSize                          = 2147483648                             {manageable} {ergonomic}
     bool UseCompressedClassPointers               = true                           {product lp64_product} {ergonomic}
     bool UseCompressedOops                        = true                           {product lp64_product} {ergonomic}
     bool UseG1GC                                  = true                                      {product} {ergonomic}
     bool UseLargePagesIndividualAllocation        = false                                  {pd product} {ergonomic}

Logging:
Log output configuration:
 #0: stdout all=warning uptime,level,tags
 #1: stderr all=off uptime,level,tags

Environment Variables:
PATH=C:\Program Files\Common Files\Oracle\Java\javapath;C:\Program Files (x86)\Intel\iCLS Client\;C:\Program Files\Intel\iCLS Client\;C:\Windows\system32;C:\Windows;C:\Windows\System32\Wbem;C:\Windows\System32\WindowsPowerShell\v1.0\;C:\Program Files (x86)\NVIDIA Corporation\PhysX\Common;C:\Program Files (x86)\Intel\Intel(R) Management Engine Components\DAL;C:\Program Files\Intel\Intel(R) Management Engine Components\DAL;C:\Program Files (x86)\Intel\Intel(R) Management Engine Components\IPT;C:\Program Files\Intel\Intel(R) Management Engine Components\IPT;C:\WINDOWS\system32;C:\WINDOWS;C:\WINDOWS\System32\Wbem;C:\WINDOWS\System32\WindowsPowerShell\v1.0\;C:\WINDOWS\System32\OpenSSH\;C:\Users\ASUS\AppData\Local\Microsoft\WindowsApps;
USERNAME=ASAPYON
OS=Windows_NT
PROCESSOR_IDENTIFIER=Intel64 Family 6 Model 78 Stepping 3, GenuineIntel
TMP=C:\Users\ASUS\AppData\Local\Temp
TEMP=C:\Users\ASUS\AppData\Local\Temp


JNI global refs:
JNI global refs: 23, weak refs: 0

JNI global refs memory usage: 843, weak refs: 209


---------------  S Y S T E M  ---------------

OS:
 Windows 11 , 64 bit Build 25997 (10.0.25997.1000)
OS uptime: 1 days 7:57 hours
Hyper-V role detected

CPU: total 4 (initial active 4) (2 cores per cpu, 2 threads per core) family 6 model 78 stepping 3 microcode 0xd6, cx8, cmov, fxsr, ht, mmx, 3dnowpref, sse, sse2, sse3, ssse3, sse4.1, sse4.2, popcnt, lzcnt, tsc, tscinvbit, avx, avx2, aes, erms, clmul, bmi1, bmi2, adx, fma, vzeroupper, clflush, clflushopt, hv

Memory: 4k page, system-wide physical 8088M (249M free)
TotalPageFile size 16088M (AvailPageFile size 16M)
current process WorkingSet (physical memory assigned to process): 250M, peak: 262M
current process commit charge ("private bytes"): 277M, peak: 290M

vm_info: OpenJDK 64-Bit Server VM (17.0.6+0-b2043.56-10027231) for windows-amd64 JRE (17.0.6+0-b2043.56-10027231), built on Apr 28 2023 00:43:19 by "androidbuild" with MS VC++ 16.10 / 16.11 (VS2019)

END.
