#
# There is insufficient memory for the Java Runtime Environment to continue.
# Native memory allocation (mmap) failed to map 204472320 bytes for G1 virtual space
# Possible reasons:
#   The system is out of physical RAM or swap space
#   The process is running with CompressedOops enabled, and the Java Heap may be blocking the growth of the native heap
# Possible solutions:
#   Reduce memory load on the system
#   Increase physical memory or swap space
#   Check if swap backing store is full
#   Decrease Java heap size (-Xmx/-Xms)
#   Decrease number of Java threads
#   Decrease Java thread stack sizes (-Xss)
#   Set larger code cache with -XX:ReservedCodeCacheSize=
#   JVM is running with Unscaled Compressed Oops mode in which the Java heap is
#     placed in the first 4GB address space. The Java Heap base address is the
#     maximum limit for the native heap growth. Please use -XX:HeapBaseMinAddress
#     to set the Java Heap base and to place the Java Heap above 4GB virtual address.
# This output file may be truncated or incomplete.
#
#  Out of Memory Error (os_windows.cpp:3769), pid=17356, tid=456
#
# JRE version: OpenJDK Runtime Environment (17.0.6) (build 17.0.6+0-b2043.56-10027231)
# Java VM: OpenJDK 64-Bit Server VM (17.0.6+0-b2043.56-10027231, mixed mode, tiered, compressed oops, compressed class ptrs, g1 gc, windows-amd64)
# No core dump will be written. Minidumps are not enabled by default on client versions of Windows
#

---------------  S U M M A R Y ------------

Command Line: --add-opens=java.base/java.util=ALL-UNNAMED --add-opens=java.base/java.lang=ALL-UNNAMED --add-opens=java.base/java.lang.invoke=ALL-UNNAMED --add-opens=java.prefs/java.util.prefs=ALL-UNNAMED --add-opens=java.base/java.nio.charset=ALL-UNNAMED --add-opens=java.base/java.net=ALL-UNNAMED --add-opens=java.base/java.util.concurrent.atomic=ALL-UNNAMED -Xmx2048m -Dfile.encoding=UTF-8 -Duser.country=US -Duser.language=en -Duser.variant org.gradle.launcher.daemon.bootstrap.GradleDaemon 8.0

Host: Intel(R) Core(TM) i5-6200U CPU @ 2.30GHz, 4 cores, 7G,  Windows 11 , 64 bit Build 25997 (10.0.25997.1000)
Time: Thu Nov 30 11:21:51 2023 SE Asia Standard Time elapsed time: 38.146006 seconds (0d 0h 0m 38s)

---------------  T H R E A D  ---------------

Current thread (0x000001bfa9c13970):  VMThread "VM Thread" [stack: 0x000000b553300000,0x000000b553400000] [id=456]

Stack: [0x000000b553300000,0x000000b553400000]
Native frames: (J=compiled Java code, j=interpreted, Vv=VM code, C=native code)
V  [jvm.dll+0x683c9a]
V  [jvm.dll+0x8427a4]
V  [jvm.dll+0x843f9e]
V  [jvm.dll+0x844603]
V  [jvm.dll+0x249b75]
V  [jvm.dll+0x680b69]
V  [jvm.dll+0x67505a]
V  [jvm.dll+0x309acb]
V  [jvm.dll+0x310f86]
V  [jvm.dll+0x3608ee]
V  [jvm.dll+0x360b1f]
V  [jvm.dll+0x2dfbf8]
V  [jvm.dll+0x2ddec4]
V  [jvm.dll+0x2dd4cc]
V  [jvm.dll+0x321f3b]
V  [jvm.dll+0x848ccb]
V  [jvm.dll+0x849a04]
V  [jvm.dll+0x849f1d]
V  [jvm.dll+0x84a2f4]
V  [jvm.dll+0x84a3c0]
V  [jvm.dll+0x7f274a]
V  [jvm.dll+0x682ad5]
C  [ucrtbase.dll+0x6e350]
C  [KERNEL32.DLL+0x11f67]
C  [ntdll.dll+0x54730]

VM_Operation (0x000000b554ffde40): G1CollectForAllocation, mode: safepoint, requested by thread 0x000001bfacd430d0


---------------  P R O C E S S  ---------------

Threads class SMR info:
_java_thread_list=0x000001bfb1958380, length=87, elements={
0x000001bf8f6182c0, 0x000001bfa9c26660, 0x000001bfa93ac2e0, 0x000001bfa93c95f0,
0x000001bfa93c9eb0, 0x000001bfa93ca770, 0x000001bfa93cb030, 0x000001bfa93cbcd0,
0x000001bfa9c413d0, 0x000001bfa9c5d980, 0x000001bfa9df6350, 0x000001bfa9df9250,
0x000001bfac5e4e80, 0x000001bfac72fe20, 0x000001bfab724890, 0x000001bfac6afea0,
0x000001bfab2ea960, 0x000001bfab520450, 0x000001bfab6a20d0, 0x000001bfacd42730,
0x000001bfacd413f0, 0x000001bfacd418c0, 0x000001bfacd42c00, 0x000001bfacd43a70,
0x000001bfacd430d0, 0x000001bfacd42260, 0x000001bfacd40f20, 0x000001bfacd435a0,
0x000001bfacd43f40, 0x000001bfacd44410, 0x000001bfacd41d90, 0x000001bfacd448e0,
0x000001bfad04fd50, 0x000001bfad051a30, 0x000001bfad04f3b0, 0x000001bfad04eee0,
0x000001bfad04f880, 0x000001bfad04ea10, 0x000001bfa9e3ce30, 0x000001bfa9e3fe50,
0x000001bfa9e429a0, 0x000001bfa9e3d300, 0x000001bfa9e40320, 0x000001bfa9e3d7d0,
0x000001bfa9e43810, 0x000001bfa9e441b0, 0x000001bfa9e3dca0, 0x000001bfa9e41190,
0x000001bfa9e3c960, 0x000001bfa9e3e170, 0x000001bfa9e3e640, 0x000001bfa9e3eb10,
0x000001bfa9e3efe0, 0x000001bfa9e407f0, 0x000001bfa9e43ce0, 0x000001bfa9e41660,
0x000001bfa9e3f4b0, 0x000001bfa9e3f980, 0x000001bfa9e41b30, 0x000001bfa9e42000,
0x000001bfa9e424d0, 0x000001bfa9e42e70, 0x000001bfa9e43340, 0x000001bfaadc80a0,
0x000001bfaadc5080, 0x000001bfaadc33a0, 0x000001bfaadc2ed0, 0x000001bfaadc4210,
0x000001bfaadc5550, 0x000001bfaadc8570, 0x000001bfaadc8a40, 0x000001bfaadc46e0,
0x000001bfaadc6890, 0x000001bfaadc5a20, 0x000001bfaadc2a00, 0x000001bfaadc3d40,
0x000001bfaadc4bb0, 0x000001bfaadc3870, 0x000001bfaadc5ef0, 0x000001bfaadc2060,
0x000001bfaadc2530, 0x000001bfaadc8f10, 0x000001bfaadc93e0, 0x000001bfaadc98b0,
0x000001bfb13c85a0, 0x000001bfb13c4240, 0x000001bfb13c6d90
}

Java Threads: ( => current thread )
  0x000001bf8f6182c0 JavaThread "main" [_thread_blocked, id=21456, stack(0x000000b552d00000,0x000000b552e00000)]
  0x000001bfa9c26660 JavaThread "Reference Handler" daemon [_thread_blocked, id=21860, stack(0x000000b553400000,0x000000b553500000)]
  0x000001bfa93ac2e0 JavaThread "Finalizer" daemon [_thread_blocked, id=20876, stack(0x000000b553500000,0x000000b553600000)]
  0x000001bfa93c95f0 JavaThread "Signal Dispatcher" daemon [_thread_blocked, id=2304, stack(0x000000b553600000,0x000000b553700000)]
  0x000001bfa93c9eb0 JavaThread "Attach Listener" daemon [_thread_blocked, id=17980, stack(0x000000b553700000,0x000000b553800000)]
  0x000001bfa93ca770 JavaThread "Service Thread" daemon [_thread_blocked, id=7548, stack(0x000000b553800000,0x000000b553900000)]
  0x000001bfa93cb030 JavaThread "Monitor Deflation Thread" daemon [_thread_blocked, id=5768, stack(0x000000b553900000,0x000000b553a00000)]
  0x000001bfa93cbcd0 JavaThread "C2 CompilerThread0" daemon [_thread_blocked, id=10364, stack(0x000000b553a00000,0x000000b553b00000)]
  0x000001bfa9c413d0 JavaThread "C1 CompilerThread0" daemon [_thread_blocked, id=10812, stack(0x000000b553b00000,0x000000b553c00000)]
  0x000001bfa9c5d980 JavaThread "Sweeper thread" daemon [_thread_blocked, id=13912, stack(0x000000b553c00000,0x000000b553d00000)]
  0x000001bfa9df6350 JavaThread "Common-Cleaner" daemon [_thread_blocked, id=7908, stack(0x000000b553d00000,0x000000b553e00000)]
  0x000001bfa9df9250 JavaThread "Notification Thread" daemon [_thread_blocked, id=17632, stack(0x000000b553e00000,0x000000b553f00000)]
  0x000001bfac5e4e80 JavaThread "Daemon health stats" [_thread_blocked, id=18560, stack(0x000000b554400000,0x000000b554500000)]
  0x000001bfac72fe20 JavaThread "Incoming local TCP Connector on port 58155" [_thread_in_native, id=19956, stack(0x000000b554500000,0x000000b554600000)]
  0x000001bfab724890 JavaThread "Daemon periodic checks" [_thread_blocked, id=21720, stack(0x000000b554600000,0x000000b554700000)]
  0x000001bfac6afea0 JavaThread "Daemon" [_thread_blocked, id=8456, stack(0x000000b554700000,0x000000b554800000)]
  0x000001bfab2ea960 JavaThread "Handler for socket connection from /127.0.0.1:58155 to /127.0.0.1:58156" [_thread_in_native, id=4308, stack(0x000000b554800000,0x000000b554900000)]
  0x000001bfab520450 JavaThread "Cancel handler" [_thread_blocked, id=13808, stack(0x000000b554900000,0x000000b554a00000)]
  0x000001bfab6a20d0 JavaThread "Daemon worker" [_thread_blocked, id=2616, stack(0x000000b554a00000,0x000000b554b00000)]
  0x000001bfacd42730 JavaThread "Asynchronous log dispatcher for DefaultDaemonConnection: socket connection from /127.0.0.1:58155 to /127.0.0.1:58156" [_thread_blocked, id=13608, stack(0x000000b554b00000,0x000000b554c00000)]
  0x000001bfacd413f0 JavaThread "Stdin handler" [_thread_blocked, id=12740, stack(0x000000b554c00000,0x000000b554d00000)]
  0x000001bfacd418c0 JavaThread "Daemon client event forwarder" [_thread_blocked, id=17428, stack(0x000000b554d00000,0x000000b554e00000)]
  0x000001bfacd42c00 JavaThread "Cache worker for journal cache (C:\Users\ASUS\.gradle\caches\journal-1)" [_thread_blocked, id=4304, stack(0x000000b554000000,0x000000b554100000)]
  0x000001bfacd43a70 JavaThread "File lock request listener" [_thread_in_native, id=14040, stack(0x000000b554e00000,0x000000b554f00000)]
  0x000001bfacd430d0 JavaThread "Cache worker for file hash cache (C:\Users\ASUS\.gradle\caches\8.0\fileHashes)" [_thread_blocked, id=9392, stack(0x000000b554f00000,0x000000b555000000)]
  0x000001bfacd42260 JavaThread "File watcher server" daemon [_thread_in_native, id=18676, stack(0x000000b555000000,0x000000b555100000)]
  0x000001bfacd40f20 JavaThread "File watcher consumer" daemon [_thread_blocked, id=12832, stack(0x000000b555100000,0x000000b555200000)]
  0x000001bfacd435a0 JavaThread "jar transforms" [_thread_blocked, id=8428, stack(0x000000b555200000,0x000000b555300000)]
  0x000001bfacd43f40 JavaThread "jar transforms Thread 2" [_thread_blocked, id=15116, stack(0x000000b555300000,0x000000b555400000)]
  0x000001bfacd44410 JavaThread "jar transforms Thread 3" [_thread_blocked, id=8780, stack(0x000000b555400000,0x000000b555500000)]
  0x000001bfacd41d90 JavaThread "jar transforms Thread 4" [_thread_blocked, id=12276, stack(0x000000b555500000,0x000000b555600000)]
  0x000001bfacd448e0 JavaThread "Cache worker for checksums cache (C:\Users\ASUS\AndroidStudioProjects\freesoul\.gradle\8.0\checksums)" [_thread_blocked, id=19548, stack(0x000000b555600000,0x000000b555700000)]
  0x000001bfad04fd50 JavaThread "Cache worker for cache directory md-rule (C:\Users\ASUS\.gradle\caches\8.0\md-rule)" [_thread_blocked, id=8460, stack(0x000000b555700000,0x000000b555800000)]
  0x000001bfad051a30 JavaThread "Cache worker for file content cache (C:\Users\ASUS\.gradle\caches\8.0\fileContent)" [_thread_blocked, id=11192, stack(0x000000b555800000,0x000000b555900000)]
  0x000001bfad04f3b0 JavaThread "Cache worker for file hash cache (C:\Users\ASUS\AndroidStudioProjects\freesoul\.gradle\8.0\fileHashes)" [_thread_blocked, id=21544, stack(0x000000b555900000,0x000000b555a00000)]
  0x000001bfad04eee0 JavaThread "Cache worker for cache directory md-supplier (C:\Users\ASUS\.gradle\caches\8.0\md-supplier)" [_thread_blocked, id=2196, stack(0x000000b555a00000,0x000000b555b00000)]
  0x000001bfad04f880 JavaThread "Cache worker for execution history cache (C:\Users\ASUS\.gradle\caches\8.0\executionHistory)" [_thread_blocked, id=6376, stack(0x000000b555b00000,0x000000b555c00000)]
  0x000001bfad04ea10 JavaThread "Cache worker for kotlin-dsl (C:\Users\ASUS\.gradle\caches\8.0\kotlin-dsl)" [_thread_blocked, id=17888, stack(0x000000b555c00000,0x000000b555d00000)]
  0x000001bfa9e3ce30 JavaThread "Cache worker for dependencies-accessors (C:\Users\ASUS\AndroidStudioProjects\freesoul\.gradle\8.0\dependencies-accessors)" [_thread_blocked, id=3324, stack(0x000000b555d00000,0x000000b555e00000)]
  0x000001bfa9e3fe50 JavaThread "Cache worker for Build Output Cleanup Cache (C:\Users\ASUS\AndroidStudioProjects\freesoul\.gradle\buildOutputCleanup)" [_thread_blocked, id=17916, stack(0x000000b555e00000,0x000000b555f00000)]
  0x000001bfa9e429a0 JavaThread "Unconstrained build operations" [_thread_blocked, id=17536, stack(0x000000b555f00000,0x000000b556000000)]
  0x000001bfa9e3d300 JavaThread "Unconstrained build operations Thread 2" [_thread_blocked, id=18108, stack(0x000000b556000000,0x000000b556100000)]
  0x000001bfa9e40320 JavaThread "Unconstrained build operations Thread 3" [_thread_blocked, id=18304, stack(0x000000b556100000,0x000000b556200000)]
  0x000001bfa9e3d7d0 JavaThread "Unconstrained build operations Thread 4" [_thread_blocked, id=15280, stack(0x000000b556200000,0x000000b556300000)]
  0x000001bfa9e43810 JavaThread "Unconstrained build operations Thread 5" [_thread_blocked, id=10868, stack(0x000000b556300000,0x000000b556400000)]
  0x000001bfa9e441b0 JavaThread "Unconstrained build operations Thread 6" [_thread_blocked, id=13708, stack(0x000000b556400000,0x000000b556500000)]
  0x000001bfa9e3dca0 JavaThread "Unconstrained build operations Thread 7" [_thread_blocked, id=20672, stack(0x000000b556500000,0x000000b556600000)]
  0x000001bfa9e41190 JavaThread "Unconstrained build operations Thread 8" [_thread_blocked, id=22288, stack(0x000000b556600000,0x000000b556700000)]
  0x000001bfa9e3c960 JavaThread "Unconstrained build operations Thread 9" [_thread_blocked, id=15668, stack(0x000000b556700000,0x000000b556800000)]
  0x000001bfa9e3e170 JavaThread "Unconstrained build operations Thread 10" [_thread_blocked, id=3148, stack(0x000000b556800000,0x000000b556900000)]
  0x000001bfa9e3e640 JavaThread "Unconstrained build operations Thread 11" [_thread_blocked, id=6176, stack(0x000000b556900000,0x000000b556a00000)]
  0x000001bfa9e3eb10 JavaThread "Unconstrained build operations Thread 12" [_thread_blocked, id=16144, stack(0x000000b556a00000,0x000000b556b00000)]
  0x000001bfa9e3efe0 JavaThread "Unconstrained build operations Thread 13" [_thread_blocked, id=11948, stack(0x000000b556b00000,0x000000b556c00000)]
  0x000001bfa9e407f0 JavaThread "Unconstrained build operations Thread 14" [_thread_blocked, id=20312, stack(0x000000b556c00000,0x000000b556d00000)]
  0x000001bfa9e43ce0 JavaThread "Unconstrained build operations Thread 15" [_thread_blocked, id=21156, stack(0x000000b556d00000,0x000000b556e00000)]
  0x000001bfa9e41660 JavaThread "Unconstrained build operations Thread 16" [_thread_blocked, id=21684, stack(0x000000b556e00000,0x000000b556f00000)]
  0x000001bfa9e3f4b0 JavaThread "Unconstrained build operations Thread 17" [_thread_blocked, id=4452, stack(0x000000b556f00000,0x000000b557000000)]
  0x000001bfa9e3f980 JavaThread "Unconstrained build operations Thread 18" [_thread_blocked, id=5924, stack(0x000000b557000000,0x000000b557100000)]
  0x000001bfa9e41b30 JavaThread "Unconstrained build operations Thread 19" [_thread_blocked, id=13624, stack(0x000000b557100000,0x000000b557200000)]
  0x000001bfa9e42000 JavaThread "Unconstrained build operations Thread 20" [_thread_blocked, id=14096, stack(0x000000b557200000,0x000000b557300000)]
  0x000001bfa9e424d0 JavaThread "Unconstrained build operations Thread 21" [_thread_blocked, id=14988, stack(0x000000b557300000,0x000000b557400000)]
  0x000001bfa9e42e70 JavaThread "Unconstrained build operations Thread 22" [_thread_blocked, id=19184, stack(0x000000b557400000,0x000000b557500000)]
  0x000001bfa9e43340 JavaThread "Unconstrained build operations Thread 23" [_thread_blocked, id=6120, stack(0x000000b557500000,0x000000b557600000)]
  0x000001bfaadc80a0 JavaThread "Unconstrained build operations Thread 24" [_thread_blocked, id=11552, stack(0x000000b557600000,0x000000b557700000)]
  0x000001bfaadc5080 JavaThread "Unconstrained build operations Thread 25" [_thread_blocked, id=9704, stack(0x000000b557700000,0x000000b557800000)]
  0x000001bfaadc33a0 JavaThread "Unconstrained build operations Thread 26" [_thread_blocked, id=18052, stack(0x000000b557800000,0x000000b557900000)]
  0x000001bfaadc2ed0 JavaThread "Unconstrained build operations Thread 27" [_thread_blocked, id=6448, stack(0x000000b557900000,0x000000b557a00000)]
  0x000001bfaadc4210 JavaThread "Unconstrained build operations Thread 28" [_thread_blocked, id=14564, stack(0x000000b557a00000,0x000000b557b00000)]
  0x000001bfaadc5550 JavaThread "Unconstrained build operations Thread 29" [_thread_blocked, id=9008, stack(0x000000b557b00000,0x000000b557c00000)]
  0x000001bfaadc8570 JavaThread "Unconstrained build operations Thread 30" [_thread_blocked, id=19236, stack(0x000000b557c00000,0x000000b557d00000)]
  0x000001bfaadc8a40 JavaThread "Unconstrained build operations Thread 31" [_thread_blocked, id=19476, stack(0x000000b557d00000,0x000000b557e00000)]
  0x000001bfaadc46e0 JavaThread "Unconstrained build operations Thread 32" [_thread_blocked, id=12540, stack(0x000000b557e00000,0x000000b557f00000)]
  0x000001bfaadc6890 JavaThread "Unconstrained build operations Thread 33" [_thread_blocked, id=2772, stack(0x000000b557f00000,0x000000b558000000)]
  0x000001bfaadc5a20 JavaThread "Unconstrained build operations Thread 34" [_thread_blocked, id=8772, stack(0x000000b558000000,0x000000b558100000)]
  0x000001bfaadc2a00 JavaThread "Unconstrained build operations Thread 35" [_thread_blocked, id=6476, stack(0x000000b558100000,0x000000b558200000)]
  0x000001bfaadc3d40 JavaThread "Unconstrained build operations Thread 36" [_thread_blocked, id=460, stack(0x000000b558200000,0x000000b558300000)]
  0x000001bfaadc4bb0 JavaThread "Unconstrained build operations Thread 37" [_thread_blocked, id=9308, stack(0x000000b558300000,0x000000b558400000)]
  0x000001bfaadc3870 JavaThread "Unconstrained build operations Thread 38" [_thread_blocked, id=12916, stack(0x000000b558400000,0x000000b558500000)]
  0x000001bfaadc5ef0 JavaThread "Unconstrained build operations Thread 39" [_thread_blocked, id=7476, stack(0x000000b558500000,0x000000b558600000)]
  0x000001bfaadc2060 JavaThread "Unconstrained build operations Thread 40" [_thread_blocked, id=18968, stack(0x000000b558600000,0x000000b558700000)]
  0x000001bfaadc2530 JavaThread "Memory manager" [_thread_blocked, id=22412, stack(0x000000b558700000,0x000000b558800000)]
  0x000001bfaadc8f10 JavaThread "included builds" [_thread_blocked, id=19664, stack(0x000000b558800000,0x000000b558900000)]
  0x000001bfaadc93e0 JavaThread "Execution worker" [_thread_blocked, id=18344, stack(0x000000b558900000,0x000000b558a00000)]
  0x000001bfaadc98b0 JavaThread "Execution worker Thread 2" [_thread_blocked, id=15128, stack(0x000000b558a00000,0x000000b558b00000)]
  0x000001bfb13c85a0 JavaThread "Execution worker Thread 3" [_thread_blocked, id=7052, stack(0x000000b558b00000,0x000000b558c00000)]
  0x000001bfb13c4240 JavaThread "Cache worker for execution history cache (C:\Users\ASUS\AndroidStudioProjects\freesoul\.gradle\8.0\executionHistory)" [_thread_blocked, id=16360, stack(0x000000b558c00000,0x000000b558d00000)]
  0x000001bfb13c6d90 JavaThread "idea-tooling-model-converter" [_thread_blocked, id=20856, stack(0x000000b558d00000,0x000000b558e00000)]

Other Threads:
=>0x000001bfa9c13970 VMThread "VM Thread" [stack: 0x000000b553300000,0x000000b553400000] [id=456]
  0x000001bf8f696bc0 WatcherThread [stack: 0x000000b553f00000,0x000000b554000000] [id=14304]
  0x000001bf8f675680 GCTaskThread "GC Thread#0" [stack: 0x000000b552e00000,0x000000b552f00000] [id=14756]
  0x000001bfaa193a70 GCTaskThread "GC Thread#1" [stack: 0x000000b554100000,0x000000b554200000] [id=3524]
  0x000001bfaa193d20 GCTaskThread "GC Thread#2" [stack: 0x000000b554200000,0x000000b554300000] [id=2600]
  0x000001bfaad20ce0 GCTaskThread "GC Thread#3" [stack: 0x000000b554300000,0x000000b554400000] [id=7600]
  0x000001bf8f6865c0 ConcurrentGCThread "G1 Main Marker" [stack: 0x000000b552f00000,0x000000b553000000] [id=4936]
  0x000001bf8f689cc0 ConcurrentGCThread "G1 Conc#0" [stack: 0x000000b553000000,0x000000b553100000] [id=17448]
  0x000001bf8f6cd110 ConcurrentGCThread "G1 Refine#0" [stack: 0x000000b553100000,0x000000b553200000] [id=22240]
  0x000001bfaaba9350 ConcurrentGCThread "G1 Refine#1" [stack: 0x000000b558e00000,0x000000b558f00000] [id=13804]
  0x000001bfb1ae61f0 ConcurrentGCThread "G1 Refine#2" [stack: 0x000000b558f00000,0x000000b559000000] [id=2856]
  0x000001bf8f6ce8f0 ConcurrentGCThread "G1 Service" [stack: 0x000000b553200000,0x000000b553300000] [id=15864]

Threads with active compile tasks:

VM state: at safepoint (normal execution)

VM Mutex/Monitor currently owned by a thread:  ([mutex/lock_event])
[0x000001bf8dd81f30] Threads_lock - owner thread: 0x000001bfa9c13970
[0x000001bf8f616d20] Heap_lock - owner thread: 0x000001bfacd430d0

Heap address: 0x0000000080000000, size: 2048 MB, Compressed Oops mode: 32-bit

CDS archive(s) not mapped
Compressed class space mapped at: 0x0000000100000000-0x0000000140000000, reserved size: 1073741824
Narrow klass base: 0x0000000000000000, Narrow klass shift: 3, Narrow klass range: 0x140000000

GC Precious Log:
 CPUs: 4 total, 4 available
 Memory: 8088M
 Large Page Support: Disabled
 NUMA Support: Disabled
 Compressed Oops: Enabled (32-bit)
 Heap Region Size: 1M
 Heap Min Capacity: 8M
 Heap Initial Capacity: 128M
 Heap Max Capacity: 2G
 Pre-touch: Disabled
 Parallel Workers: 4
 Concurrent Workers: 1
 Concurrent Refinement Workers: 4
 Periodic GC: Disabled

Heap:
 garbage-first heap   total 209920K, used 152265K [0x0000000080000000, 0x0000000100000000)
  region size 1024K, 4 young (4096K), 4 survivors (4096K)
 Metaspace       used 88082K, committed 88832K, reserved 1130496K
  class space    used 12068K, committed 12416K, reserved 1048576K

Heap Regions: E=young(eden), S=young(survivor), O=old, HS=humongous(starts), HC=humongous(continues), CS=collection set, F=free, OA=open archive, CA=closed archive, TAMS=top-at-mark-start (previous, next)
|   0|0x0000000080000000, 0x0000000080100000, 0x0000000080100000|100%| O|  |TAMS 0x0000000080100000, 0x0000000080100000| Untracked 
|   1|0x0000000080100000, 0x0000000080200000, 0x0000000080200000|100%| O|  |TAMS 0x0000000080200000, 0x0000000080200000| Untracked 
|   2|0x0000000080200000, 0x0000000080300000, 0x0000000080300000|100%|HS|  |TAMS 0x0000000080300000, 0x0000000080300000| Complete 
|   3|0x0000000080300000, 0x0000000080400000, 0x0000000080400000|100%|HC|  |TAMS 0x0000000080400000, 0x0000000080400000| Complete 
|   4|0x0000000080400000, 0x0000000080500000, 0x0000000080500000|100%|HC|  |TAMS 0x0000000080500000, 0x0000000080500000| Complete 
|   5|0x0000000080500000, 0x0000000080600000, 0x0000000080600000|100%|HC|  |TAMS 0x0000000080600000, 0x0000000080600000| Complete 
|   6|0x0000000080600000, 0x0000000080700000, 0x0000000080700000|100%| O|  |TAMS 0x0000000080700000, 0x0000000080700000| Untracked 
|   7|0x0000000080700000, 0x0000000080800000, 0x0000000080800000|100%| O|  |TAMS 0x0000000080800000, 0x0000000080800000| Untracked 
|   8|0x0000000080800000, 0x0000000080900000, 0x0000000080900000|100%| O|  |TAMS 0x0000000080900000, 0x0000000080900000| Untracked 
|   9|0x0000000080900000, 0x0000000080a00000, 0x0000000080a00000|100%| O|  |TAMS 0x0000000080a00000, 0x0000000080a00000| Untracked 
|  10|0x0000000080a00000, 0x0000000080b00000, 0x0000000080b00000|100%| O|  |TAMS 0x0000000080b00000, 0x0000000080b00000| Untracked 
|  11|0x0000000080b00000, 0x0000000080c00000, 0x0000000080c00000|100%| O|  |TAMS 0x0000000080c00000, 0x0000000080c00000| Untracked 
|  12|0x0000000080c00000, 0x0000000080d00000, 0x0000000080d00000|100%| O|  |TAMS 0x0000000080d00000, 0x0000000080d00000| Untracked 
|  13|0x0000000080d00000, 0x0000000080e00000, 0x0000000080e00000|100%| O|  |TAMS 0x0000000080e00000, 0x0000000080e00000| Untracked 
|  14|0x0000000080e00000, 0x0000000080f00000, 0x0000000080f00000|100%| O|  |TAMS 0x0000000080f00000, 0x0000000080f00000| Untracked 
|  15|0x0000000080f00000, 0x0000000081000000, 0x0000000081000000|100%| O|  |TAMS 0x0000000081000000, 0x0000000081000000| Untracked 
|  16|0x0000000081000000, 0x0000000081100000, 0x0000000081100000|100%| O|  |TAMS 0x0000000081100000, 0x0000000081100000| Untracked 
|  17|0x0000000081100000, 0x0000000081200000, 0x0000000081200000|100%| O|  |TAMS 0x0000000081200000, 0x0000000081200000| Untracked 
|  18|0x0000000081200000, 0x0000000081300000, 0x0000000081300000|100%| O|  |TAMS 0x0000000081300000, 0x0000000081300000| Untracked 
|  19|0x0000000081300000, 0x0000000081400000, 0x0000000081400000|100%| O|  |TAMS 0x0000000081400000, 0x0000000081400000| Untracked 
|  20|0x0000000081400000, 0x0000000081500000, 0x0000000081500000|100%| O|  |TAMS 0x0000000081500000, 0x0000000081500000| Untracked 
|  21|0x0000000081500000, 0x0000000081600000, 0x0000000081600000|100%|HS|  |TAMS 0x0000000081600000, 0x0000000081600000| Complete 
|  22|0x0000000081600000, 0x0000000081700000, 0x0000000081700000|100%|HC|  |TAMS 0x0000000081700000, 0x0000000081700000| Complete 
|  23|0x0000000081700000, 0x0000000081800000, 0x0000000081800000|100%|HS|  |TAMS 0x0000000081800000, 0x0000000081800000| Complete 
|  24|0x0000000081800000, 0x0000000081900000, 0x0000000081900000|100%|HC|  |TAMS 0x0000000081900000, 0x0000000081900000| Complete 
|  25|0x0000000081900000, 0x0000000081a00000, 0x0000000081a00000|100%|HC|  |TAMS 0x0000000081a00000, 0x0000000081a00000| Complete 
|  26|0x0000000081a00000, 0x0000000081b00000, 0x0000000081b00000|100%|HS|  |TAMS 0x0000000081b00000, 0x0000000081b00000| Complete 
|  27|0x0000000081b00000, 0x0000000081c00000, 0x0000000081c00000|100%|HC|  |TAMS 0x0000000081c00000, 0x0000000081c00000| Complete 
|  28|0x0000000081c00000, 0x0000000081d00000, 0x0000000081d00000|100%|HC|  |TAMS 0x0000000081d00000, 0x0000000081d00000| Complete 
|  29|0x0000000081d00000, 0x0000000081e00000, 0x0000000081e00000|100%|HS|  |TAMS 0x0000000081e00000, 0x0000000081e00000| Complete 
|  30|0x0000000081e00000, 0x0000000081f00000, 0x0000000081f00000|100%|HC|  |TAMS 0x0000000081f00000, 0x0000000081f00000| Complete 
|  31|0x0000000081f00000, 0x0000000082000000, 0x0000000082000000|100%|HC|  |TAMS 0x0000000082000000, 0x0000000082000000| Complete 
|  32|0x0000000082000000, 0x0000000082100000, 0x0000000082100000|100%|HC|  |TAMS 0x0000000082100000, 0x0000000082100000| Complete 
|  33|0x0000000082100000, 0x0000000082200000, 0x0000000082200000|100%|HC|  |TAMS 0x0000000082200000, 0x0000000082200000| Complete 
|  34|0x0000000082200000, 0x0000000082300000, 0x0000000082300000|100%|HC|  |TAMS 0x0000000082300000, 0x0000000082300000| Complete 
|  35|0x0000000082300000, 0x0000000082400000, 0x0000000082400000|100%|HC|  |TAMS 0x0000000082400000, 0x0000000082400000| Complete 
|  36|0x0000000082400000, 0x0000000082500000, 0x0000000082500000|100%|HC|  |TAMS 0x0000000082500000, 0x0000000082500000| Complete 
|  37|0x0000000082500000, 0x0000000082600000, 0x0000000082600000|100%|HC|  |TAMS 0x0000000082600000, 0x0000000082600000| Complete 
|  38|0x0000000082600000, 0x0000000082700000, 0x0000000082700000|100%|HC|  |TAMS 0x0000000082700000, 0x0000000082700000| Complete 
|  39|0x0000000082700000, 0x0000000082800000, 0x0000000082800000|100%|HC|  |TAMS 0x0000000082800000, 0x0000000082800000| Complete 
|  40|0x0000000082800000, 0x0000000082900000, 0x0000000082900000|100%|HC|  |TAMS 0x0000000082900000, 0x0000000082900000| Complete 
|  41|0x0000000082900000, 0x0000000082a00000, 0x0000000082a00000|100%| O|  |TAMS 0x0000000082a00000, 0x0000000082a00000| Untracked 
|  42|0x0000000082a00000, 0x0000000082b00000, 0x0000000082b00000|100%|HS|  |TAMS 0x0000000082b00000, 0x0000000082b00000| Complete 
|  43|0x0000000082b00000, 0x0000000082c00000, 0x0000000082c00000|100%|HC|  |TAMS 0x0000000082c00000, 0x0000000082c00000| Complete 
|  44|0x0000000082c00000, 0x0000000082d00000, 0x0000000082d00000|100%| O|  |TAMS 0x0000000082d00000, 0x0000000082d00000| Untracked 
|  45|0x0000000082d00000, 0x0000000082e00000, 0x0000000082e00000|100%| O|  |TAMS 0x0000000082e00000, 0x0000000082e00000| Untracked 
|  46|0x0000000082e00000, 0x0000000082f00000, 0x0000000082f00000|100%| O|  |TAMS 0x0000000082f00000, 0x0000000082f00000| Untracked 
|  47|0x0000000082f00000, 0x0000000083000000, 0x0000000083000000|100%| O|  |TAMS 0x0000000083000000, 0x0000000083000000| Untracked 
|  48|0x0000000083000000, 0x0000000083100000, 0x0000000083100000|100%| O|  |TAMS 0x0000000083100000, 0x0000000083100000| Untracked 
|  49|0x0000000083100000, 0x0000000083200000, 0x0000000083200000|100%|HS|  |TAMS 0x0000000083200000, 0x0000000083200000| Complete 
|  50|0x0000000083200000, 0x0000000083300000, 0x0000000083300000|100%|HC|  |TAMS 0x0000000083300000, 0x0000000083300000| Complete 
|  51|0x0000000083300000, 0x0000000083400000, 0x0000000083400000|100%|HC|  |TAMS 0x0000000083400000, 0x0000000083400000| Complete 
|  52|0x0000000083400000, 0x0000000083500000, 0x0000000083500000|100%|HS|  |TAMS 0x0000000083500000, 0x0000000083500000| Complete 
|  53|0x0000000083500000, 0x0000000083600000, 0x0000000083600000|100%|HC|  |TAMS 0x0000000083600000, 0x0000000083600000| Complete 
|  54|0x0000000083600000, 0x0000000083700000, 0x0000000083700000|100%|HC|  |TAMS 0x0000000083700000, 0x0000000083700000| Complete 
|  55|0x0000000083700000, 0x0000000083800000, 0x0000000083800000|100%| O|  |TAMS 0x0000000083800000, 0x0000000083800000| Untracked 
|  56|0x0000000083800000, 0x0000000083900000, 0x0000000083900000|100%| O|  |TAMS 0x0000000083900000, 0x0000000083900000| Untracked 
|  57|0x0000000083900000, 0x0000000083a00000, 0x0000000083a00000|100%| O|  |TAMS 0x0000000083900000, 0x0000000083a00000| Untracked 
|  58|0x0000000083a00000, 0x0000000083b00000, 0x0000000083b00000|100%| O|  |TAMS 0x0000000083b00000, 0x0000000083b00000| Untracked 
|  59|0x0000000083b00000, 0x0000000083c00000, 0x0000000083c00000|100%| O|  |TAMS 0x0000000083c00000, 0x0000000083c00000| Untracked 
|  60|0x0000000083c00000, 0x0000000083d00000, 0x0000000083d00000|100%| O|  |TAMS 0x0000000083d00000, 0x0000000083d00000| Untracked 
|  61|0x0000000083d00000, 0x0000000083e00000, 0x0000000083e00000|100%| O|  |TAMS 0x0000000083e00000, 0x0000000083e00000| Untracked 
|  62|0x0000000083e00000, 0x0000000083f00000, 0x0000000083f00000|100%| O|  |TAMS 0x0000000083f00000, 0x0000000083f00000| Untracked 
|  63|0x0000000083f00000, 0x0000000084000000, 0x0000000084000000|100%| O|  |TAMS 0x0000000084000000, 0x0000000084000000| Untracked 
|  64|0x0000000084000000, 0x0000000084100000, 0x0000000084100000|100%| O|  |TAMS 0x0000000084100000, 0x0000000084100000| Untracked 
|  65|0x0000000084100000, 0x0000000084200000, 0x0000000084200000|100%| O|  |TAMS 0x0000000084200000, 0x0000000084200000| Untracked 
|  66|0x0000000084200000, 0x0000000084300000, 0x0000000084300000|100%| O|  |TAMS 0x0000000084300000, 0x0000000084300000| Untracked 
|  67|0x0000000084300000, 0x0000000084400000, 0x0000000084400000|100%| O|  |TAMS 0x0000000084400000, 0x0000000084400000| Untracked 
|  68|0x0000000084400000, 0x0000000084500000, 0x0000000084500000|100%| O|  |TAMS 0x0000000084500000, 0x0000000084500000| Untracked 
|  69|0x0000000084500000, 0x0000000084600000, 0x0000000084600000|100%| O|  |TAMS 0x0000000084600000, 0x0000000084600000| Untracked 
|  70|0x0000000084600000, 0x0000000084700000, 0x0000000084700000|100%| O|  |TAMS 0x0000000084700000, 0x0000000084700000| Untracked 
|  71|0x0000000084700000, 0x0000000084800000, 0x0000000084800000|100%| O|  |TAMS 0x0000000084800000, 0x0000000084800000| Untracked 
|  72|0x0000000084800000, 0x0000000084900000, 0x0000000084900000|100%|HS|  |TAMS 0x0000000084900000, 0x0000000084900000| Complete 
|  73|0x0000000084900000, 0x0000000084a00000, 0x0000000084a00000|100%|HS|  |TAMS 0x0000000084a00000, 0x0000000084a00000| Complete 
|  74|0x0000000084a00000, 0x0000000084b00000, 0x0000000084b00000|100%|HS|  |TAMS 0x0000000084b00000, 0x0000000084b00000| Complete 
|  75|0x0000000084b00000, 0x0000000084c00000, 0x0000000084c00000|100%| O|  |TAMS 0x0000000084c00000, 0x0000000084c00000| Untracked 
|  76|0x0000000084c00000, 0x0000000084d00000, 0x0000000084d00000|100%| O|  |TAMS 0x0000000084d00000, 0x0000000084d00000| Untracked 
|  77|0x0000000084d00000, 0x0000000084e00000, 0x0000000084e00000|100%| O|  |TAMS 0x0000000084e00000, 0x0000000084e00000| Untracked 
|  78|0x0000000084e00000, 0x0000000084f00000, 0x0000000084f00000|100%| O|  |TAMS 0x0000000084f00000, 0x0000000084f00000| Untracked 
|  79|0x0000000084f00000, 0x0000000085000000, 0x0000000085000000|100%| O|  |TAMS 0x0000000085000000, 0x0000000085000000| Untracked 
|  80|0x0000000085000000, 0x0000000085100000, 0x0000000085100000|100%| O|  |TAMS 0x0000000085000000, 0x0000000085100000| Untracked 
|  81|0x0000000085100000, 0x0000000085200000, 0x0000000085200000|100%| O|  |TAMS 0x0000000085200000, 0x0000000085200000| Untracked 
|  82|0x0000000085200000, 0x0000000085300000, 0x0000000085300000|100%| O|  |TAMS 0x0000000085300000, 0x0000000085300000| Untracked 
|  83|0x0000000085300000, 0x0000000085400000, 0x0000000085400000|100%| O|  |TAMS 0x0000000085400000, 0x0000000085400000| Untracked 
|  84|0x0000000085400000, 0x0000000085500000, 0x0000000085500000|100%| O|  |TAMS 0x0000000085500000, 0x0000000085500000| Untracked 
|  85|0x0000000085500000, 0x0000000085600000, 0x0000000085600000|100%| O|  |TAMS 0x0000000085600000, 0x0000000085600000| Untracked 
|  86|0x0000000085600000, 0x0000000085700000, 0x0000000085700000|100%| O|  |TAMS 0x0000000085700000, 0x0000000085700000| Untracked 
|  87|0x0000000085700000, 0x0000000085800000, 0x0000000085800000|100%| O|  |TAMS 0x0000000085800000, 0x0000000085800000| Untracked 
|  88|0x0000000085800000, 0x0000000085900000, 0x0000000085900000|100%| O|  |TAMS 0x0000000085900000, 0x0000000085900000| Untracked 
|  89|0x0000000085900000, 0x0000000085a00000, 0x0000000085a00000|100%| O|  |TAMS 0x0000000085a00000, 0x0000000085a00000| Untracked 
|  90|0x0000000085a00000, 0x0000000085b00000, 0x0000000085b00000|100%| O|  |TAMS 0x0000000085b00000, 0x0000000085b00000| Untracked 
|  91|0x0000000085b00000, 0x0000000085c00000, 0x0000000085c00000|100%| O|  |TAMS 0x0000000085c00000, 0x0000000085c00000| Untracked 
|  92|0x0000000085c00000, 0x0000000085d00000, 0x0000000085d00000|100%| O|  |TAMS 0x0000000085d00000, 0x0000000085d00000| Untracked 
|  93|0x0000000085d00000, 0x0000000085e00000, 0x0000000085e00000|100%| O|  |TAMS 0x0000000085d56600, 0x0000000085e00000| Untracked 
|  94|0x0000000085e00000, 0x0000000085f00000, 0x0000000085f00000|100%|HS|  |TAMS 0x0000000085e00000, 0x0000000085f00000| Complete 
|  95|0x0000000085f00000, 0x0000000086000000, 0x0000000086000000|100%|HC|  |TAMS 0x0000000085f00000, 0x0000000086000000| Complete 
|  96|0x0000000086000000, 0x0000000086100000, 0x0000000086100000|100%|HS|  |TAMS 0x0000000086000000, 0x0000000086100000| Complete 
|  97|0x0000000086100000, 0x0000000086200000, 0x0000000086200000|100%|HC|  |TAMS 0x0000000086100000, 0x0000000086200000| Complete 
|  98|0x0000000086200000, 0x0000000086300000, 0x0000000086300000|100%|HC|  |TAMS 0x0000000086200000, 0x0000000086300000| Complete 
|  99|0x0000000086300000, 0x0000000086400000, 0x0000000086400000|100%|HS|  |TAMS 0x0000000086300000, 0x0000000086400000| Complete 
| 100|0x0000000086400000, 0x0000000086500000, 0x0000000086500000|100%|HC|  |TAMS 0x0000000086400000, 0x0000000086500000| Complete 
| 101|0x0000000086500000, 0x0000000086600000, 0x0000000086600000|100%|HC|  |TAMS 0x0000000086500000, 0x0000000086600000| Complete 
| 102|0x0000000086600000, 0x0000000086700000, 0x0000000086700000|100%|HS|  |TAMS 0x0000000086600000, 0x0000000086700000| Complete 
| 103|0x0000000086700000, 0x0000000086800000, 0x0000000086800000|100%|HC|  |TAMS 0x0000000086700000, 0x0000000086800000| Complete 
| 104|0x0000000086800000, 0x0000000086900000, 0x0000000086900000|100%|HC|  |TAMS 0x0000000086800000, 0x0000000086900000| Complete 
| 105|0x0000000086900000, 0x0000000086a00000, 0x0000000086a00000|100%|HC|  |TAMS 0x0000000086900000, 0x0000000086a00000| Complete 
| 106|0x0000000086a00000, 0x0000000086b00000, 0x0000000086b00000|100%|HC|  |TAMS 0x0000000086a00000, 0x0000000086b00000| Complete 
| 107|0x0000000086b00000, 0x0000000086c00000, 0x0000000086c00000|100%|HC|  |TAMS 0x0000000086b00000, 0x0000000086c00000| Complete 
| 108|0x0000000086c00000, 0x0000000086d00000, 0x0000000086d00000|100%|HC|  |TAMS 0x0000000086c00000, 0x0000000086d00000| Complete 
| 109|0x0000000086d00000, 0x0000000086e00000, 0x0000000086e00000|100%|HC|  |TAMS 0x0000000086d00000, 0x0000000086e00000| Complete 
| 110|0x0000000086e00000, 0x0000000086f00000, 0x0000000086f00000|100%|HC|  |TAMS 0x0000000086e00000, 0x0000000086f00000| Complete 
| 111|0x0000000086f00000, 0x0000000087000000, 0x0000000087000000|100%|HC|  |TAMS 0x0000000086f00000, 0x0000000087000000| Complete 
| 112|0x0000000087000000, 0x0000000087100000, 0x0000000087100000|100%|HC|  |TAMS 0x0000000087000000, 0x0000000087100000| Complete 
| 113|0x0000000087100000, 0x0000000087200000, 0x0000000087200000|100%|HC|  |TAMS 0x0000000087100000, 0x0000000087200000| Complete 
| 114|0x0000000087200000, 0x0000000087300000, 0x0000000087300000|100%|HS|  |TAMS 0x0000000087200000, 0x0000000087300000| Complete 
| 115|0x0000000087300000, 0x0000000087400000, 0x0000000087400000|100%|HC|  |TAMS 0x0000000087300000, 0x0000000087400000| Complete 
| 116|0x0000000087400000, 0x0000000087500000, 0x0000000087500000|100%| O|  |TAMS 0x0000000087400000, 0x0000000087500000| Untracked 
| 117|0x0000000087500000, 0x0000000087600000, 0x0000000087600000|100%| O|  |TAMS 0x0000000087500000, 0x0000000087600000| Untracked 
| 118|0x0000000087600000, 0x0000000087700000, 0x0000000087700000|100%| O|  |TAMS 0x0000000087600000, 0x0000000087700000| Untracked 
| 119|0x0000000087700000, 0x0000000087800000, 0x0000000087800000|100%| O|  |TAMS 0x0000000087700000, 0x0000000087800000| Untracked 
| 120|0x0000000087800000, 0x0000000087900000, 0x0000000087900000|100%| O|  |TAMS 0x0000000087800000, 0x0000000087900000| Untracked 
| 121|0x0000000087900000, 0x0000000087a00000, 0x0000000087a00000|100%| O|  |TAMS 0x0000000087900000, 0x0000000087a00000| Untracked 
| 122|0x0000000087a00000, 0x0000000087b00000, 0x0000000087b00000|100%| O|  |TAMS 0x0000000087a00000, 0x0000000087b00000| Untracked 
| 123|0x0000000087b00000, 0x0000000087c00000, 0x0000000087c00000|100%| O|  |TAMS 0x0000000087b00000, 0x0000000087c00000| Untracked 
| 124|0x0000000087c00000, 0x0000000087d00000, 0x0000000087d00000|100%| O|  |TAMS 0x0000000087c00000, 0x0000000087d00000| Untracked 
| 125|0x0000000087d00000, 0x0000000087e00000, 0x0000000087e00000|100%| O|  |TAMS 0x0000000087d00000, 0x0000000087e00000| Untracked 
| 126|0x0000000087e00000, 0x0000000087f00000, 0x0000000087f00000|100%| O|  |TAMS 0x0000000087e00000, 0x0000000087f00000| Untracked 
| 127|0x0000000087f00000, 0x0000000088000000, 0x0000000088000000|100%| O|  |TAMS 0x0000000087f00000, 0x0000000088000000| Untracked 
| 128|0x0000000088000000, 0x0000000088100000, 0x0000000088100000|100%| O|  |TAMS 0x0000000088000000, 0x0000000088000000| Untracked 
| 129|0x0000000088100000, 0x0000000088200000, 0x0000000088200000|100%| O|  |TAMS 0x0000000088100000, 0x0000000088100000| Untracked 
| 130|0x0000000088200000, 0x0000000088300000, 0x0000000088300000|100%| O|  |TAMS 0x0000000088200000, 0x0000000088300000| Untracked 
| 131|0x0000000088300000, 0x0000000088400000, 0x0000000088400000|100%| O|  |TAMS 0x0000000088300000, 0x0000000088400000| Untracked 
| 132|0x0000000088400000, 0x0000000088500000, 0x0000000088500000|100%| O|  |TAMS 0x0000000088400000, 0x0000000088500000| Untracked 
| 133|0x0000000088500000, 0x0000000088600000, 0x0000000088600000|100%| O|  |TAMS 0x0000000088500000, 0x0000000088600000| Untracked 
| 134|0x0000000088600000, 0x0000000088700000, 0x0000000088700000|100%| O|  |TAMS 0x0000000088600000, 0x0000000088700000| Untracked 
| 135|0x0000000088700000, 0x0000000088800000, 0x0000000088800000|100%| O|  |TAMS 0x0000000088700000, 0x0000000088800000| Untracked 
| 136|0x0000000088800000, 0x0000000088900000, 0x0000000088900000|100%| O|  |TAMS 0x0000000088800000, 0x0000000088900000| Untracked 
| 137|0x0000000088900000, 0x0000000088a00000, 0x0000000088a00000|100%| O|  |TAMS 0x0000000088900000, 0x0000000088a00000| Untracked 
| 138|0x0000000088a00000, 0x0000000088b00000, 0x0000000088b00000|100%| O|  |TAMS 0x0000000088a00000, 0x0000000088b00000| Untracked 
| 139|0x0000000088b00000, 0x0000000088c00000, 0x0000000088c00000|100%| O|  |TAMS 0x0000000088b00000, 0x0000000088c00000| Untracked 
| 140|0x0000000088c00000, 0x0000000088d00000, 0x0000000088d00000|100%| O|  |TAMS 0x0000000088c00000, 0x0000000088d00000| Untracked 
| 141|0x0000000088d00000, 0x0000000088e00000, 0x0000000088e00000|100%| O|  |TAMS 0x0000000088d00000, 0x0000000088e00000| Untracked 
| 142|0x0000000088e00000, 0x0000000088f00000, 0x0000000088f00000|100%| O|  |TAMS 0x0000000088e00000, 0x0000000088f00000| Untracked 
| 143|0x0000000088f00000, 0x0000000089000000, 0x0000000089000000|100%| O|  |TAMS 0x0000000088f00000, 0x0000000089000000| Untracked 
| 144|0x0000000089000000, 0x0000000089100000, 0x0000000089100000|100%| O|  |TAMS 0x0000000089000000, 0x0000000089000000| Untracked 
| 145|0x0000000089100000, 0x000000008917e200, 0x0000000089200000| 49%| O|  |TAMS 0x0000000089100000, 0x0000000089100000| Untracked 
| 146|0x0000000089200000, 0x0000000089200000, 0x0000000089300000|  0%| F|  |TAMS 0x0000000089200000, 0x0000000089200000| Untracked 
| 147|0x0000000089300000, 0x0000000089300000, 0x0000000089400000|  0%| F|  |TAMS 0x0000000089300000, 0x0000000089300000| Untracked 
| 148|0x0000000089400000, 0x0000000089400000, 0x0000000089500000|  0%| F|  |TAMS 0x0000000089400000, 0x0000000089400000| Untracked 
| 149|0x0000000089500000, 0x0000000089500000, 0x0000000089600000|  0%| F|  |TAMS 0x0000000089500000, 0x0000000089500000| Untracked 
| 150|0x0000000089600000, 0x0000000089600000, 0x0000000089700000|  0%| F|  |TAMS 0x0000000089600000, 0x0000000089600000| Untracked 
| 151|0x0000000089700000, 0x0000000089700000, 0x0000000089800000|  0%| F|  |TAMS 0x0000000089700000, 0x0000000089700000| Untracked 
| 152|0x0000000089800000, 0x0000000089800000, 0x0000000089900000|  0%| F|  |TAMS 0x0000000089800000, 0x0000000089800000| Untracked 
| 153|0x0000000089900000, 0x0000000089900000, 0x0000000089a00000|  0%| F|  |TAMS 0x0000000089900000, 0x0000000089900000| Untracked 
| 154|0x0000000089a00000, 0x0000000089a00000, 0x0000000089b00000|  0%| F|  |TAMS 0x0000000089a00000, 0x0000000089a00000| Untracked 
| 155|0x0000000089b00000, 0x0000000089b00000, 0x0000000089c00000|  0%| F|  |TAMS 0x0000000089b00000, 0x0000000089b00000| Untracked 
| 156|0x0000000089c00000, 0x0000000089c00000, 0x0000000089d00000|  0%| F|  |TAMS 0x0000000089c00000, 0x0000000089c00000| Untracked 
| 157|0x0000000089d00000, 0x0000000089d00000, 0x0000000089e00000|  0%| F|  |TAMS 0x0000000089d00000, 0x0000000089d00000| Untracked 
| 158|0x0000000089e00000, 0x0000000089e00000, 0x0000000089f00000|  0%| F|  |TAMS 0x0000000089e00000, 0x0000000089e00000| Untracked 
| 159|0x0000000089f00000, 0x0000000089f00000, 0x000000008a000000|  0%| F|  |TAMS 0x0000000089f00000, 0x0000000089f00000| Untracked 
| 160|0x000000008a000000, 0x000000008a000000, 0x000000008a100000|  0%| F|  |TAMS 0x000000008a000000, 0x000000008a000000| Untracked 
| 161|0x000000008a100000, 0x000000008a100000, 0x000000008a200000|  0%| F|  |TAMS 0x000000008a100000, 0x000000008a100000| Untracked 
| 162|0x000000008a200000, 0x000000008a200000, 0x000000008a300000|  0%| F|  |TAMS 0x000000008a200000, 0x000000008a200000| Untracked 
| 163|0x000000008a300000, 0x000000008a300000, 0x000000008a400000|  0%| F|  |TAMS 0x000000008a300000, 0x000000008a300000| Untracked 
| 164|0x000000008a400000, 0x000000008a400000, 0x000000008a500000|  0%| F|  |TAMS 0x000000008a400000, 0x000000008a400000| Untracked 
| 165|0x000000008a500000, 0x000000008a500000, 0x000000008a600000|  0%| F|  |TAMS 0x000000008a500000, 0x000000008a500000| Untracked 
| 166|0x000000008a600000, 0x000000008a600000, 0x000000008a700000|  0%| F|  |TAMS 0x000000008a600000, 0x000000008a600000| Untracked 
| 167|0x000000008a700000, 0x000000008a700000, 0x000000008a800000|  0%| F|  |TAMS 0x000000008a700000, 0x000000008a700000| Untracked 
| 168|0x000000008a800000, 0x000000008a800000, 0x000000008a900000|  0%| F|  |TAMS 0x000000008a800000, 0x000000008a800000| Untracked 
| 169|0x000000008a900000, 0x000000008a900000, 0x000000008aa00000|  0%| F|  |TAMS 0x000000008a900000, 0x000000008a900000| Untracked 
| 170|0x000000008aa00000, 0x000000008aa00000, 0x000000008ab00000|  0%| F|  |TAMS 0x000000008aa00000, 0x000000008aa00000| Untracked 
| 171|0x000000008ab00000, 0x000000008ab00000, 0x000000008ac00000|  0%| F|  |TAMS 0x000000008ab00000, 0x000000008ab00000| Untracked 
| 172|0x000000008ac00000, 0x000000008ac00000, 0x000000008ad00000|  0%| F|  |TAMS 0x000000008ac00000, 0x000000008ac00000| Untracked 
| 173|0x000000008ad00000, 0x000000008ad34410, 0x000000008ae00000| 20%| S|CS|TAMS 0x000000008ad00000, 0x000000008ad00000| Complete 
| 174|0x000000008ae00000, 0x000000008af00000, 0x000000008af00000|100%| S|CS|TAMS 0x000000008ae00000, 0x000000008ae00000| Complete 
| 175|0x000000008af00000, 0x000000008af00000, 0x000000008b000000|  0%| F|  |TAMS 0x000000008af00000, 0x000000008af00000| Untracked 
| 176|0x000000008b000000, 0x000000008b000000, 0x000000008b100000|  0%| F|  |TAMS 0x000000008b000000, 0x000000008b000000| Untracked 
| 177|0x000000008b100000, 0x000000008b100000, 0x000000008b200000|  0%| F|  |TAMS 0x000000008b100000, 0x000000008b100000| Untracked 
| 178|0x000000008b200000, 0x000000008b200000, 0x000000008b300000|  0%| F|  |TAMS 0x000000008b200000, 0x000000008b200000| Untracked 
| 179|0x000000008b300000, 0x000000008b400000, 0x000000008b400000|100%| S|CS|TAMS 0x000000008b300000, 0x000000008b300000| Complete 
| 180|0x000000008b400000, 0x000000008b500000, 0x000000008b500000|100%| S|CS|TAMS 0x000000008b400000, 0x000000008b400000| Complete 
| 181|0x000000008b500000, 0x000000008b500000, 0x000000008b600000|  0%| F|  |TAMS 0x000000008b500000, 0x000000008b500000| Untracked 
| 182|0x000000008b600000, 0x000000008b600000, 0x000000008b700000|  0%| F|  |TAMS 0x000000008b600000, 0x000000008b600000| Untracked 
| 183|0x000000008b700000, 0x000000008b700000, 0x000000008b800000|  0%| F|  |TAMS 0x000000008b700000, 0x000000008b700000| Untracked 
| 184|0x000000008b800000, 0x000000008b800000, 0x000000008b900000|  0%| F|  |TAMS 0x000000008b800000, 0x000000008b800000| Untracked 
| 185|0x000000008b900000, 0x000000008b900000, 0x000000008ba00000|  0%| F|  |TAMS 0x000000008b900000, 0x000000008b900000| Untracked 
| 186|0x000000008ba00000, 0x000000008ba00000, 0x000000008bb00000|  0%| F|  |TAMS 0x000000008ba00000, 0x000000008ba00000| Untracked 
| 187|0x000000008bb00000, 0x000000008bb00000, 0x000000008bc00000|  0%| F|  |TAMS 0x000000008bb00000, 0x000000008bb00000| Untracked 
| 188|0x000000008bc00000, 0x000000008bc00000, 0x000000008bd00000|  0%| F|  |TAMS 0x000000008bc00000, 0x000000008bc00000| Untracked 
| 189|0x000000008bd00000, 0x000000008bd00000, 0x000000008be00000|  0%| F|  |TAMS 0x000000008bd00000, 0x000000008bd00000| Untracked 
| 190|0x000000008be00000, 0x000000008be00000, 0x000000008bf00000|  0%| F|  |TAMS 0x000000008be00000, 0x000000008be00000| Untracked 
| 191|0x000000008bf00000, 0x000000008bf00000, 0x000000008c000000|  0%| F|  |TAMS 0x000000008bf00000, 0x000000008bf00000| Untracked 
| 192|0x000000008c000000, 0x000000008c000000, 0x000000008c100000|  0%| F|  |TAMS 0x000000008c000000, 0x000000008c000000| Untracked 
| 193|0x000000008c100000, 0x000000008c100000, 0x000000008c200000|  0%| F|  |TAMS 0x000000008c100000, 0x000000008c100000| Untracked 
| 194|0x000000008c200000, 0x000000008c200000, 0x000000008c300000|  0%| F|  |TAMS 0x000000008c200000, 0x000000008c200000| Untracked 
| 195|0x000000008c300000, 0x000000008c300000, 0x000000008c400000|  0%| F|  |TAMS 0x000000008c300000, 0x000000008c300000| Untracked 
| 196|0x000000008c400000, 0x000000008c400000, 0x000000008c500000|  0%| F|  |TAMS 0x000000008c400000, 0x000000008c400000| Untracked 
| 197|0x000000008c500000, 0x000000008c500000, 0x000000008c600000|  0%| F|  |TAMS 0x000000008c500000, 0x000000008c500000| Untracked 
| 198|0x000000008c600000, 0x000000008c600000, 0x000000008c700000|  0%| F|  |TAMS 0x000000008c600000, 0x000000008c600000| Untracked 
| 199|0x000000008c700000, 0x000000008c700000, 0x000000008c800000|  0%| F|  |TAMS 0x000000008c700000, 0x000000008c700000| Untracked 
| 200|0x000000008c800000, 0x000000008c800000, 0x000000008c900000|  0%| F|  |TAMS 0x000000008c800000, 0x000000008c800000| Untracked 
| 201|0x000000008c900000, 0x000000008c900000, 0x000000008ca00000|  0%| F|  |TAMS 0x000000008c900000, 0x000000008c900000| Untracked 
| 202|0x000000008ca00000, 0x000000008ca00000, 0x000000008cb00000|  0%| F|  |TAMS 0x000000008ca00000, 0x000000008ca00000| Untracked 
| 203|0x000000008cb00000, 0x000000008cb00000, 0x000000008cc00000|  0%| F|  |TAMS 0x000000008cb00000, 0x000000008cb00000| Untracked 
| 204|0x000000008cc00000, 0x000000008cc00000, 0x000000008cd00000|  0%| F|  |TAMS 0x000000008cc00000, 0x000000008cc00000| Untracked 

Card table byte_map: [0x000001bfa2530000,0x000001bfa2930000] _byte_map_base: 0x000001bfa2130000

Marking Bits (Prev, Next): (CMBitMap*) 0x000001bf8f675cd0, (CMBitMap*) 0x000001bf8f675c90
 Prev Bits: [0x000001bfa4d30000, 0x000001bfa6d30000)
 Next Bits: [0x000001bfa2d30000, 0x000001bfa4d30000)

Polling page: 0x000001bf8f6d0000

Metaspace:

Usage:
  Non-class:     74.23 MB used.
      Class:     11.79 MB used.
       Both:     86.02 MB used.

Virtual space:
  Non-class space:       80.00 MB reserved,      74.62 MB ( 93%) committed,  10 nodes.
      Class space:        1.00 GB reserved,      12.12 MB (  1%) committed,  1 nodes.
             Both:        1.08 GB reserved,      86.75 MB (  8%) committed. 

Chunk freelists:
   Non-Class:  1.11 MB
       Class:  3.84 MB
        Both:  4.95 MB

MaxMetaspaceSize: unlimited
CompressedClassSpaceSize: 1.00 GB
Initial GC threshold: 21.00 MB
Current GC threshold: 137.50 MB
CDS: off
MetaspaceReclaimPolicy: balanced
 - commit_granule_bytes: 65536.
 - commit_granule_words: 8192.
 - virtual_space_node_default_size: 1048576.
 - enlarge_chunks_in_place: 1.
 - new_chunks_are_fully_committed: 0.
 - uncommit_free_chunks: 1.
 - use_allocation_guard: 0.
 - handle_deallocations: 1.


Internal statistics:

num_allocs_failed_limit: 3.
num_arena_births: 960.
num_arena_deaths: 0.
num_vsnodes_births: 11.
num_vsnodes_deaths: 0.
num_space_committed: 1388.
num_space_uncommitted: 0.
num_chunks_returned_to_freelist: 3.
num_chunks_taken_from_freelist: 4214.
num_chunk_merges: 3.
num_chunk_splits: 2788.
num_chunks_enlarged: 1845.
num_purges: 0.
num_inconsistent_stats: 0.

CodeHeap 'non-profiled nmethods': size=120000Kb used=4109Kb max_used=4109Kb free=115890Kb
 bounds [0x000001bf9a5d0000, 0x000001bf9a9e0000, 0x000001bfa1b00000]
CodeHeap 'profiled nmethods': size=120000Kb used=16046Kb max_used=16046Kb free=103953Kb
 bounds [0x000001bf92b00000, 0x000001bf93ab0000, 0x000001bf9a030000]
CodeHeap 'non-nmethods': size=5760Kb used=2389Kb max_used=2441Kb free=3370Kb
 bounds [0x000001bf9a030000, 0x000001bf9a2a0000, 0x000001bf9a5d0000]
 total_blobs=9277 nmethods=8351 adapters=838
 compilation: enabled
              stopped_count=0, restarted_count=0
 full_count=0

Compilation events (20 events):
Event: 35.938 Thread 0x000001bfa93cbcd0 9270       4       java.io.File::<init> (47 bytes)
Event: 35.947 Thread 0x000001bfa93cbcd0 nmethod 9270 0x000001bf9a9ce190 code [0x000001bf9a9ce340, 0x000001bf9a9ce8a8]
Event: 35.947 Thread 0x000001bfa93cbcd0 9273       4       sun.nio.fs.WindowsPath::getFileName (87 bytes)
Event: 35.977 Thread 0x000001bfa93cbcd0 nmethod 9273 0x000001bf9a9cec90 code [0x000001bf9a9cee60, 0x000001bf9a9cfb78]
Event: 35.977 Thread 0x000001bfa93cbcd0 9276       4       java.lang.Math::multiplyExact (74 bytes)
Event: 35.978 Thread 0x000001bfa93cbcd0 nmethod 9276 0x000001bf9a9d0090 code [0x000001bf9a9d0200, 0x000001bf9a9d0358]
Event: 35.978 Thread 0x000001bfa93cbcd0 9275       4       java.lang.Math::addExact (32 bytes)
Event: 35.979 Thread 0x000001bfa93cbcd0 nmethod 9275 0x000001bf9a9d0410 code [0x000001bf9a9d0580, 0x000001bf9a9d0618]
Event: 35.979 Thread 0x000001bfa93cbcd0 9274   !   4       java.io.WinNTFileSystem::resolve (362 bytes)
Event: 35.995 Thread 0x000001bfa93cbcd0 nmethod 9274 0x000001bf9a9d0710 code [0x000001bf9a9d0920, 0x000001bf9a9d14e0]
Event: 35.995 Thread 0x000001bfa93cbcd0 9277       4       com.google.common.cache.LocalCache$EntryFactory$2::newEntry (12 bytes)
Event: 36.005 Thread 0x000001bfa93cbcd0 nmethod 9277 0x000001bf9a9d1a10 code [0x000001bf9a9d1ba0, 0x000001bf9a9d2178]
Event: 36.015 Thread 0x000001bfa93cbcd0 9278       4       java.nio.file.attribute.FileTime::from (18 bytes)
Event: 36.017 Thread 0x000001bfa93cbcd0 nmethod 9278 0x000001bf9a9d2290 code [0x000001bf9a9d2420, 0x000001bf9a9d24f8]
Event: 36.017 Thread 0x000001bfa93cbcd0 9279   !   4       sun.nio.fs.WindowsFileAttributes::toFileTime (47 bytes)
Event: 36.020 Thread 0x000001bfa93cbcd0 nmethod 9279 0x000001bf9a9d2610 code [0x000001bf9a9d27a0, 0x000001bf9a9d2908]
Event: 36.020 Thread 0x000001bfa93cbcd0 9280       4       java.util.stream.Collectors::toList (26 bytes)
Event: 36.022 Thread 0x000001bfa93cbcd0 nmethod 9280 0x000001bf9a9d2a90 code [0x000001bf9a9d2c20, 0x000001bf9a9d2cf8]
Event: 36.050 Thread 0x000001bfa93cbcd0 9281       4       java.lang.String::encode (48 bytes)
Event: 36.053 Thread 0x000001bfa93cbcd0 nmethod 9281 0x000001bf9a9d2e10 code [0x000001bf9a9d2fc0, 0x000001bf9a9d32c8]

GC Heap History (20 events):
Event: 18.912 GC heap after
{Heap after GC invocations=29 (full 0):
 garbage-first heap   total 150528K, used 89308K [0x0000000080000000, 0x0000000100000000)
  region size 1024K, 1 young (1024K), 1 survivors (1024K)
 Metaspace       used 68241K, committed 68928K, reserved 1114112K
  class space    used 9123K, committed 9408K, reserved 1048576K
}
Event: 19.657 GC heap before
{Heap before GC invocations=29 (full 0):
 garbage-first heap   total 150528K, used 120028K [0x0000000080000000, 0x0000000100000000)
  region size 1024K, 31 young (31744K), 1 survivors (1024K)
 Metaspace       used 71199K, committed 71872K, reserved 1114112K
  class space    used 9529K, committed 9856K, reserved 1048576K
}
Event: 19.663 GC heap after
{Heap after GC invocations=30 (full 0):
 garbage-first heap   total 186368K, used 90730K [0x0000000080000000, 0x0000000100000000)
  region size 1024K, 3 young (3072K), 3 survivors (3072K)
 Metaspace       used 71199K, committed 71872K, reserved 1114112K
  class space    used 9529K, committed 9856K, reserved 1048576K
}
Event: 21.622 GC heap before
{Heap before GC invocations=31 (full 0):
 garbage-first heap   total 186368K, used 139882K [0x0000000080000000, 0x0000000100000000)
  region size 1024K, 52 young (53248K), 3 survivors (3072K)
 Metaspace       used 76261K, committed 76992K, reserved 1122304K
  class space    used 10196K, committed 10560K, reserved 1048576K
}
Event: 21.635 GC heap after
{Heap after GC invocations=32 (full 0):
 garbage-first heap   total 186368K, used 95209K [0x0000000080000000, 0x0000000100000000)
  region size 1024K, 7 young (7168K), 7 survivors (7168K)
 Metaspace       used 76261K, committed 76992K, reserved 1122304K
  class space    used 10196K, committed 10560K, reserved 1048576K
}
Event: 21.716 GC heap before
{Heap before GC invocations=32 (full 0):
 garbage-first heap   total 186368K, used 97257K [0x0000000080000000, 0x0000000100000000)
  region size 1024K, 9 young (9216K), 7 survivors (7168K)
 Metaspace       used 76501K, committed 77184K, reserved 1122304K
  class space    used 10235K, committed 10560K, reserved 1048576K
}
Event: 21.727 GC heap after
{Heap after GC invocations=33 (full 0):
 garbage-first heap   total 186368K, used 95577K [0x0000000080000000, 0x0000000100000000)
  region size 1024K, 1 young (1024K), 1 survivors (1024K)
 Metaspace       used 76501K, committed 77184K, reserved 1122304K
  class space    used 10235K, committed 10560K, reserved 1048576K
}
Event: 23.264 GC heap before
{Heap before GC invocations=33 (full 0):
 garbage-first heap   total 186368K, used 144729K [0x0000000080000000, 0x0000000100000000)
  region size 1024K, 49 young (50176K), 1 survivors (1024K)
 Metaspace       used 82138K, committed 82880K, reserved 1122304K
  class space    used 11212K, committed 11584K, reserved 1048576K
}
Event: 23.271 GC heap after
{Heap after GC invocations=34 (full 0):
 garbage-first heap   total 186368K, used 97448K [0x0000000080000000, 0x0000000100000000)
  region size 1024K, 3 young (3072K), 3 survivors (3072K)
 Metaspace       used 82138K, committed 82880K, reserved 1122304K
  class space    used 11212K, committed 11584K, reserved 1048576K
}
Event: 23.893 GC heap before
{Heap before GC invocations=34 (full 0):
 garbage-first heap   total 186368K, used 107688K [0x0000000080000000, 0x0000000100000000)
  region size 1024K, 14 young (14336K), 3 survivors (3072K)
 Metaspace       used 83740K, committed 84480K, reserved 1122304K
  class space    used 11429K, committed 11776K, reserved 1048576K
}
Event: 23.900 GC heap after
{Heap after GC invocations=35 (full 0):
 garbage-first heap   total 186368K, used 98565K [0x0000000080000000, 0x0000000100000000)
  region size 1024K, 4 young (4096K), 4 survivors (4096K)
 Metaspace       used 83740K, committed 84480K, reserved 1122304K
  class space    used 11429K, committed 11776K, reserved 1048576K
}
Event: 25.680 GC heap before
{Heap before GC invocations=36 (full 0):
 garbage-first heap   total 209920K, used 169221K [0x0000000080000000, 0x0000000100000000)
  region size 1024K, 52 young (53248K), 4 survivors (4096K)
 Metaspace       used 87283K, committed 88000K, reserved 1130496K
  class space    used 11964K, committed 12288K, reserved 1048576K
}
Event: 25.695 GC heap after
{Heap after GC invocations=37 (full 0):
 garbage-first heap   total 209920K, used 128385K [0x0000000080000000, 0x0000000100000000)
  region size 1024K, 7 young (7168K), 7 survivors (7168K)
 Metaspace       used 87283K, committed 88000K, reserved 1130496K
  class space    used 11964K, committed 12288K, reserved 1048576K
}
Event: 25.729 GC heap before
{Heap before GC invocations=37 (full 0):
 garbage-first heap   total 209920K, used 131457K [0x0000000080000000, 0x0000000100000000)
  region size 1024K, 10 young (10240K), 7 survivors (7168K)
 Metaspace       used 87363K, committed 88064K, reserved 1130496K
  class space    used 11977K, committed 12288K, reserved 1048576K
}
Event: 25.736 GC heap after
{Heap after GC invocations=38 (full 0):
 garbage-first heap   total 209920K, used 128246K [0x0000000080000000, 0x0000000100000000)
  region size 1024K, 1 young (1024K), 1 survivors (1024K)
 Metaspace       used 87363K, committed 88064K, reserved 1130496K
  class space    used 11977K, committed 12288K, reserved 1048576K
}
Event: 26.184 GC heap before
{Heap before GC invocations=38 (full 0):
 garbage-first heap   total 209920K, used 177398K [0x0000000080000000, 0x0000000100000000)
  region size 1024K, 45 young (46080K), 1 survivors (1024K)
 Metaspace       used 88045K, committed 88768K, reserved 1130496K
  class space    used 12067K, committed 12416K, reserved 1048576K
}
Event: 26.201 GC heap after
{Heap after GC invocations=39 (full 0):
 garbage-first heap   total 209920K, used 145299K [0x0000000080000000, 0x0000000100000000)
  region size 1024K, 6 young (6144K), 6 survivors (6144K)
 Metaspace       used 88045K, committed 88768K, reserved 1130496K
  class space    used 12067K, committed 12416K, reserved 1048576K
}
Event: 27.115 GC heap before
{Heap before GC invocations=39 (full 0):
 garbage-first heap   total 209920K, used 170899K [0x0000000080000000, 0x0000000100000000)
  region size 1024K, 32 young (32768K), 6 survivors (6144K)
 Metaspace       used 88067K, committed 88768K, reserved 1130496K
  class space    used 12067K, committed 12416K, reserved 1048576K
}
Event: 27.135 GC heap after
{Heap after GC invocations=40 (full 0):
 garbage-first heap   total 209920K, used 149504K [0x0000000080000000, 0x0000000100000000)
  region size 1024K, 4 young (4096K), 4 survivors (4096K)
 Metaspace       used 88067K, committed 88768K, reserved 1130496K
  class space    used 12067K, committed 12416K, reserved 1048576K
}
Event: 36.081 GC heap before
{Heap before GC invocations=40 (full 0):
 garbage-first heap   total 209920K, used 174080K [0x0000000080000000, 0x0000000100000000)
  region size 1024K, 28 young (28672K), 4 survivors (4096K)
 Metaspace       used 88082K, committed 88832K, reserved 1130496K
  class space    used 12068K, committed 12416K, reserved 1048576K
}

Dll operation events (2 events):
Event: 0.018 Loaded shared library C:\Program Files\Android\Android Studio\jbr\bin\java.dll
Event: 0.958 Loaded shared library C:\Program Files\Android\Android Studio\jbr\bin\verify.dll

Deoptimization events (20 events):
Event: 26.733 Thread 0x000001bfac5e4e80 Uncommon trap: trap_request=0xffffffc6 fr.pc=0x000001bf9a996790 relative=0x0000000000000a10
Event: 26.733 Thread 0x000001bfac5e4e80 Uncommon trap: reason=bimorphic_or_optimized_type_check action=maybe_recompile pc=0x000001bf9a996790 method=java.util.stream.ReduceOps$ReduceOp.evaluateSequential(Ljava/util/stream/PipelineHelper;Ljava/util/Spliterator;)Ljava/lang/Object; @ 6 c2
Event: 26.733 Thread 0x000001bfac5e4e80 DEOPT PACKING pc=0x000001bf9a996790 sp=0x000000b5544fef60
Event: 26.733 Thread 0x000001bfac5e4e80 DEOPT UNPACKING pc=0x000001bf9a0869a3 sp=0x000000b5544fef18 mode 2
Event: 26.873 Thread 0x000001bfacd430d0 DEOPT PACKING pc=0x000001bf935005f9 sp=0x000000b554ffe3d0
Event: 26.873 Thread 0x000001bfacd430d0 DEOPT UNPACKING pc=0x000001bf9a087143 sp=0x000000b554ffd838 mode 0
Event: 27.139 Thread 0x000001bfa9e429a0 DEOPT PACKING pc=0x000001bf93a69f17 sp=0x000000b555ffba80
Event: 27.139 Thread 0x000001bfa9e429a0 DEOPT UNPACKING pc=0x000001bf9a087143 sp=0x000000b555ffaf48 mode 0
Event: 27.732 Thread 0x000001bfac5e4e80 Uncommon trap: trap_request=0xffffffc6 fr.pc=0x000001bf9a996790 relative=0x0000000000000a10
Event: 27.732 Thread 0x000001bfac5e4e80 Uncommon trap: reason=bimorphic_or_optimized_type_check action=maybe_recompile pc=0x000001bf9a996790 method=java.util.stream.ReduceOps$ReduceOp.evaluateSequential(Ljava/util/stream/PipelineHelper;Ljava/util/Spliterator;)Ljava/lang/Object; @ 6 c2
Event: 27.732 Thread 0x000001bfac5e4e80 DEOPT PACKING pc=0x000001bf9a996790 sp=0x000000b5544fef60
Event: 27.732 Thread 0x000001bfac5e4e80 DEOPT UNPACKING pc=0x000001bf9a0869a3 sp=0x000000b5544fef18 mode 2
Event: 28.729 Thread 0x000001bfac5e4e80 Uncommon trap: trap_request=0xffffffc6 fr.pc=0x000001bf9a996790 relative=0x0000000000000a10
Event: 28.729 Thread 0x000001bfac5e4e80 Uncommon trap: reason=bimorphic_or_optimized_type_check action=maybe_recompile pc=0x000001bf9a996790 method=java.util.stream.ReduceOps$ReduceOp.evaluateSequential(Ljava/util/stream/PipelineHelper;Ljava/util/Spliterator;)Ljava/lang/Object; @ 6 c2
Event: 28.729 Thread 0x000001bfac5e4e80 DEOPT PACKING pc=0x000001bf9a996790 sp=0x000000b5544fef60
Event: 28.729 Thread 0x000001bfac5e4e80 DEOPT UNPACKING pc=0x000001bf9a0869a3 sp=0x000000b5544fef18 mode 2
Event: 29.727 Thread 0x000001bfac5e4e80 Uncommon trap: trap_request=0xffffffc6 fr.pc=0x000001bf9a996790 relative=0x0000000000000a10
Event: 29.727 Thread 0x000001bfac5e4e80 Uncommon trap: reason=bimorphic_or_optimized_type_check action=maybe_recompile pc=0x000001bf9a996790 method=java.util.stream.ReduceOps$ReduceOp.evaluateSequential(Ljava/util/stream/PipelineHelper;Ljava/util/Spliterator;)Ljava/lang/Object; @ 6 c2
Event: 29.727 Thread 0x000001bfac5e4e80 DEOPT PACKING pc=0x000001bf9a996790 sp=0x000000b5544fef60
Event: 29.727 Thread 0x000001bfac5e4e80 DEOPT UNPACKING pc=0x000001bf9a0869a3 sp=0x000000b5544fef18 mode 2

Classes unloaded (0 events):
No events

Classes redefined (0 events):
No events

Internal exceptions (20 events):
Event: 25.649 Thread 0x000001bfab6a20d0 Exception <a 'java/lang/ClassNotFoundException'{0x0000000089be6468}: org/gradle/internal/extensibility/ExtensionsStorage$ExtensionHolderBeanInfo> (0x0000000089be6468) 
thrown [s\src\hotspot\share\classfile\systemDictionary.cpp, line 256]
Event: 25.650 Thread 0x000001bfab6a20d0 Exception <a 'java/lang/ClassNotFoundException'{0x0000000089bee8c0}: org/gradle/internal/extensibility/ExtensionsStorage$ExtensionHolderCustomizer> (0x0000000089bee8c0) 
thrown [s\src\hotspot\share\classfile\systemDictionary.cpp, line 256]
Event: 25.665 Thread 0x000001bfab6a20d0 Exception <a 'java/lang/ClassNotFoundException'{0x0000000089a4c380}: org/gradle/internal/service/scopes/ProjectScopeServicesBeanInfo> (0x0000000089a4c380) 
thrown [s\src\hotspot\share\classfile\systemDictionary.cpp, line 256]
Event: 25.666 Thread 0x000001bfab6a20d0 Exception <a 'java/lang/ClassNotFoundException'{0x0000000089a546f8}: org/gradle/internal/service/scopes/ProjectScopeServicesCustomizer> (0x0000000089a546f8) 
thrown [s\src\hotspot\share\classfile\systemDictionary.cpp, line 256]
Event: 25.668 Thread 0x000001bfab6a20d0 Exception <a 'java/lang/ClassNotFoundException'{0x0000000089a751b8}: org/gradle/api/internal/catalog/DefaultDependenciesAccessorsBeanInfo> (0x0000000089a751b8) 
thrown [s\src\hotspot\share\classfile\systemDictionary.cpp, line 256]
Event: 25.668 Thread 0x000001bfab6a20d0 Exception <a 'java/lang/ClassNotFoundException'{0x0000000089a7f178}: org/gradle/api/internal/catalog/DefaultDependenciesAccessorsCustomizer> (0x0000000089a7f178) 
thrown [s\src\hotspot\share\classfile\systemDictionary.cpp, line 256]
Event: 25.672 Thread 0x000001bfab6a20d0 Exception <a 'java/lang/ClassNotFoundException'{0x000000008990a400}: org/gradle/internal/classpath/DefaultClassPathBeanInfo> (0x000000008990a400) 
thrown [s\src\hotspot\share\classfile\systemDictionary.cpp, line 256]
Event: 25.673 Thread 0x000001bfab6a20d0 Exception <a 'java/lang/ClassNotFoundException'{0x0000000089912500}: org/gradle/internal/classpath/DefaultClassPathCustomizer> (0x0000000089912500) 
thrown [s\src\hotspot\share\classfile\systemDictionary.cpp, line 256]
Event: 25.697 Thread 0x000001bfab6a20d0 Exception <a 'java/lang/ClassNotFoundException'{0x000000008cc295c8}: org/gradle/internal/classpath/DefaultClassPath$ImmutableUniqueListBeanInfo> (0x000000008cc295c8) 
thrown [s\src\hotspot\share\classfile\systemDictionary.cpp, line 256]
Event: 25.697 Thread 0x000001bfab6a20d0 Exception <a 'java/lang/ClassNotFoundException'{0x000000008cc2db68}: java/util/AbstractListBeanInfo> (0x000000008cc2db68) 
thrown [s\src\hotspot\share\classfile\systemDictionary.cpp, line 256]
Event: 25.697 Thread 0x000001bfab6a20d0 Exception <a 'java/lang/ClassNotFoundException'{0x000000008cc32358}: java/util/AbstractListCustomizer> (0x000000008cc32358) 
thrown [s\src\hotspot\share\classfile\systemDictionary.cpp, line 256]
Event: 25.698 Thread 0x000001bfab6a20d0 Exception <a 'java/lang/ClassNotFoundException'{0x000000008cc45e20}: org/gradle/internal/classpath/DefaultClassPath$ImmutableUniqueListCustomizer> (0x000000008cc45e20) 
thrown [s\src\hotspot\share\classfile\systemDictionary.cpp, line 256]
Event: 25.706 Thread 0x000001bfab6a20d0 Exception <a 'java/lang/ClassNotFoundException'{0x000000008cc89c88}: org/jetbrains/plugins/gradle/model/DefaultDependencyAccessorsModelBeanInfo> (0x000000008cc89c88) 
thrown [s\src\hotspot\share\classfile\systemDictionary.cpp, line 256]
Event: 25.706 Thread 0x000001bfab6a20d0 Exception <a 'java/lang/ClassNotFoundException'{0x000000008cc920e0}: org/jetbrains/plugins/gradle/model/DefaultDependencyAccessorsModelCustomizer> (0x000000008cc920e0) 
thrown [s\src\hotspot\share\classfile\systemDictionary.cpp, line 256]
Event: 25.714 Thread 0x000001bfb13c6d90 Exception <a 'java/lang/NoSuchMethodError'{0x000000008cce7aa8}: static Lorg/jetbrains/plugins/gradle/tooling/internal/VersionCatalogsModelImpl;.<clinit>()V> (0x000000008cce7aa8) 
thrown [s\src\hotspot\share\prims\jni.cpp, line 1108]
Event: 25.727 Thread 0x000001bfab6a20d0 Exception <a 'java/lang/ClassNotFoundException'{0x000000008caf00c8}: org/gradle/api/internal/tasks/DefaultSourceSetContainer_DecoratedBeanInfo> (0x000000008caf00c8) 
thrown [s\src\hotspot\share\classfile\systemDictionary.cpp, line 256]
Event: 25.728 Thread 0x000001bfab6a20d0 Exception <a 'java/lang/ClassNotFoundException'{0x000000008cafa2b8}: org/gradle/api/internal/tasks/DefaultSourceSetContainerBeanInfo> (0x000000008cafa2b8) 
thrown [s\src\hotspot\share\classfile\systemDictionary.cpp, line 256]
Event: 25.737 Thread 0x000001bfab6a20d0 Exception <a 'java/lang/ClassNotFoundException'{0x000000008cc04958}: org/gradle/api/internal/tasks/DefaultSourceSetContainerCustomizer> (0x000000008cc04958) 
thrown [s\src\hotspot\share\classfile\systemDictionary.cpp, line 256]
Event: 25.739 Thread 0x000001bfab6a20d0 Exception <a 'java/lang/ClassNotFoundException'{0x000000008cc1a000}: org/gradle/api/internal/tasks/DefaultSourceSetContainer_DecoratedCustomizer> (0x000000008cc1a000) 
thrown [s\src\hotspot\share\classfile\systemDictionary.cpp, line 256]
Event: 25.930 Thread 0x000001bfa9e429a0 Exception <a 'java/lang/NoSuchMethodError'{0x000000008c578d88}: 'java.lang.Object java.lang.invoke.DirectMethodHandle$Holder.invokeSpecialIFC(java.lang.Object, java.lang.Object, java.lang.Object)'> (0x000000008c578d88) 
thrown [s\src\hotspot\share\interpreter\linkResolver.cpp, line 771]

VM Operations (20 events):
Event: 25.259 Executing VM operation: HandshakeAllThreads done
Event: 25.680 Executing VM operation: G1CollectForAllocation
Event: 25.695 Executing VM operation: G1CollectForAllocation done
Event: 25.729 Executing VM operation: G1CollectForAllocation
Event: 25.736 Executing VM operation: G1CollectForAllocation done
Event: 25.891 Executing VM operation: HandshakeAllThreads
Event: 25.891 Executing VM operation: HandshakeAllThreads done
Event: 25.913 Executing VM operation: HandshakeAllThreads
Event: 25.913 Executing VM operation: HandshakeAllThreads done
Event: 26.184 Executing VM operation: G1CollectForAllocation
Event: 26.201 Executing VM operation: G1CollectForAllocation done
Event: 27.115 Executing VM operation: G1CollectForAllocation
Event: 27.135 Executing VM operation: G1CollectForAllocation done
Event: 28.137 Executing VM operation: Cleanup
Event: 28.138 Executing VM operation: Cleanup done
Event: 29.147 Executing VM operation: Cleanup
Event: 29.148 Executing VM operation: Cleanup done
Event: 35.195 Executing VM operation: Cleanup
Event: 35.195 Executing VM operation: Cleanup done
Event: 36.081 Executing VM operation: G1CollectForAllocation

Events (20 events):
Event: 25.626 loading class java/lang/NumberCustomizer
Event: 25.626 loading class java/lang/NumberCustomizer done
Event: 25.626 loading class java/lang/NumberCustomizer
Event: 25.626 loading class java/lang/NumberCustomizer done
Event: 25.627 loading class java/lang/IntegerCustomizer
Event: 25.627 loading class java/lang/IntegerCustomizer done
Event: 25.628 loading class java/lang/IntegerCustomizer
Event: 25.628 loading class java/lang/IntegerCustomizer done
Event: 25.628 loading class jdk/internal/ValueBased
Event: 25.628 loading class jdk/internal/ValueBased done
Event: 25.697 loading class java/util/AbstractListBeanInfo
Event: 25.697 loading class java/util/AbstractListBeanInfo done
Event: 25.697 loading class java/util/AbstractListBeanInfo
Event: 25.697 loading class java/util/AbstractListBeanInfo done
Event: 25.697 loading class java/util/AbstractListCustomizer
Event: 25.697 loading class java/util/AbstractListCustomizer done
Event: 25.697 loading class java/util/AbstractListCustomizer
Event: 25.697 loading class java/util/AbstractListCustomizer done
Event: 28.759 loading class jdk/internal/access/foreign/MemorySegmentProxy
Event: 28.759 loading class jdk/internal/access/foreign/MemorySegmentProxy done


Dynamic libraries:
0x00007ff6f9c20000 - 0x00007ff6f9c2a000 	C:\Program Files\Android\Android Studio\jbr\bin\java.exe
0x00007ffe056d0000 - 0x00007ffe05908000 	C:\WINDOWS\SYSTEM32\ntdll.dll
0x00007ffe03b60000 - 0x00007ffe03c29000 	C:\WINDOWS\System32\KERNEL32.DLL
0x00007ffe02d40000 - 0x00007ffe0309b000 	C:\WINDOWS\System32\KERNELBASE.dll
0x00007ffdff990000 - 0x00007ffdffa30000 	C:\WINDOWS\SYSTEM32\apphelp.dll
0x00007ffe02b40000 - 0x00007ffe02c7c000 	C:\WINDOWS\System32\ucrtbase.dll
0x00007ffdf4240000 - 0x00007ffdf425b000 	C:\Program Files\Android\Android Studio\jbr\bin\VCRUNTIME140.dll
0x00007ffdec170000 - 0x00007ffdec187000 	C:\Program Files\Android\Android Studio\jbr\bin\jli.dll
0x00007ffe04020000 - 0x00007ffe041e0000 	C:\WINDOWS\System32\USER32.dll
0x00007ffe02c80000 - 0x00007ffe02ca7000 	C:\WINDOWS\System32\win32u.dll
0x00007ffdf3e70000 - 0x00007ffdf4102000 	C:\WINDOWS\WinSxS\amd64_microsoft.windows.common-controls_6595b64144ccf1df_6.0.25997.1000_none_8786e03de04a2fab\COMCTL32.dll
0x00007ffe04b80000 - 0x00007ffe04baa000 	C:\WINDOWS\System32\GDI32.dll
0x00007ffe03220000 - 0x00007ffe0333f000 	C:\WINDOWS\System32\gdi32full.dll
0x00007ffe02a90000 - 0x00007ffe02b35000 	C:\WINDOWS\System32\msvcp_win.dll
0x00007ffe03490000 - 0x00007ffe03537000 	C:\WINDOWS\System32\msvcrt.dll
0x00007ffe03fe0000 - 0x00007ffe04011000 	C:\WINDOWS\System32\IMM32.DLL
0x00007ffdf4e90000 - 0x00007ffdf4e9c000 	C:\Program Files\Android\Android Studio\jbr\bin\vcruntime140_1.dll
0x00007ffde0c20000 - 0x00007ffde0cad000 	C:\Program Files\Android\Android Studio\jbr\bin\msvcp140.dll
0x00007ffdb8d40000 - 0x00007ffdb99ae000 	C:\Program Files\Android\Android Studio\jbr\bin\server\jvm.dll
0x00007ffe049c0000 - 0x00007ffe04a70000 	C:\WINDOWS\System32\ADVAPI32.dll
0x00007ffe05580000 - 0x00007ffe05623000 	C:\WINDOWS\System32\sechost.dll
0x00007ffe03a20000 - 0x00007ffe03b46000 	C:\WINDOWS\System32\RPCRT4.dll
0x00007ffdf6f50000 - 0x00007ffdf6f85000 	C:\WINDOWS\SYSTEM32\WINMM.dll
0x00007ffde7700000 - 0x00007ffde770a000 	C:\WINDOWS\SYSTEM32\WSOCK32.dll
0x00007ffe03f10000 - 0x00007ffe03f84000 	C:\WINDOWS\System32\WS2_32.dll
0x00007ffdf4680000 - 0x00007ffdf468b000 	C:\WINDOWS\SYSTEM32\VERSION.dll
0x00007ffe01930000 - 0x00007ffe01949000 	C:\WINDOWS\SYSTEM32\kernel.appcore.dll
0x00007ffdfd660000 - 0x00007ffdfd66a000 	C:\Program Files\Android\Android Studio\jbr\bin\jimage.dll
0x00007ffe00490000 - 0x00007ffe006c6000 	C:\WINDOWS\SYSTEM32\DBGHELP.DLL
0x00007ffe04bb0000 - 0x00007ffe04f24000 	C:\WINDOWS\System32\combase.dll
0x00007ffe054a0000 - 0x00007ffe05576000 	C:\WINDOWS\System32\OLEAUT32.dll
0x00007ffdf4a70000 - 0x00007ffdf4aa9000 	C:\WINDOWS\SYSTEM32\dbgcore.DLL
0x00007ffe02cb0000 - 0x00007ffe02d30000 	C:\WINDOWS\System32\bcryptPrimitives.dll
0x00007ffdfca30000 - 0x00007ffdfca55000 	C:\Program Files\Android\Android Studio\jbr\bin\java.dll
0x00007ffdefe40000 - 0x00007ffdefe58000 	C:\Program Files\Android\Android Studio\jbr\bin\zip.dll
0x00007ffe041f0000 - 0x00007ffe049bc000 	C:\WINDOWS\System32\SHELL32.dll
0x00007ffe00850000 - 0x00007ffe010b5000 	C:\WINDOWS\SYSTEM32\windows.storage.dll
0x00007ffe051d0000 - 0x00007ffe052a7000 	C:\WINDOWS\System32\SHCORE.dll
0x00007ffe05630000 - 0x00007ffe0568d000 	C:\WINDOWS\System32\shlwapi.dll
0x00007ffe029b0000 - 0x00007ffe029d4000 	C:\WINDOWS\SYSTEM32\profapi.dll
0x00007ffdee530000 - 0x00007ffdee549000 	C:\Program Files\Android\Android Studio\jbr\bin\net.dll
0x00007ffdf72e0000 - 0x00007ffdf73fd000 	C:\WINDOWS\SYSTEM32\WINHTTP.dll
0x00007ffe01dd0000 - 0x00007ffe01e39000 	C:\WINDOWS\system32\mswsock.dll
0x00007ffdedd80000 - 0x00007ffdedd96000 	C:\Program Files\Android\Android Studio\jbr\bin\nio.dll
0x00007ffdfd650000 - 0x00007ffdfd660000 	C:\Program Files\Android\Android Studio\jbr\bin\verify.dll
0x00007ffdef650000 - 0x00007ffdef677000 	C:\Users\ASUS\.gradle\native\68d5fa5c4cc2d200863cafc0d521ce42e7d3e7ee720ec0a83991735586a16f82\windows-amd64\native-platform.dll
0x00007ffdbf050000 - 0x00007ffdbf194000 	C:\Users\ASUS\.gradle\native\e376f236ea51e6404a007f0833ffe2c6e607c4080706a723a18a27aeea778392\windows-amd64\native-platform-file-events.dll
0x00007ffdfd590000 - 0x00007ffdfd599000 	C:\Program Files\Android\Android Studio\jbr\bin\management.dll
0x00007ffdf7da0000 - 0x00007ffdf7dab000 	C:\Program Files\Android\Android Studio\jbr\bin\management_ext.dll
0x00007ffe04b70000 - 0x00007ffe04b78000 	C:\WINDOWS\System32\PSAPI.DLL
0x00007ffe020a0000 - 0x00007ffe020bc000 	C:\WINDOWS\SYSTEM32\CRYPTSP.dll
0x00007ffe01890000 - 0x00007ffe018c8000 	C:\WINDOWS\system32\rsaenh.dll
0x00007ffe01eb0000 - 0x00007ffe01edb000 	C:\WINDOWS\SYSTEM32\USERENV.dll
0x00007ffe022f0000 - 0x00007ffe02319000 	C:\WINDOWS\SYSTEM32\bcrypt.dll
0x00007ffe020c0000 - 0x00007ffe020cc000 	C:\WINDOWS\SYSTEM32\CRYPTBASE.dll
0x00007ffe01350000 - 0x00007ffe01380000 	C:\WINDOWS\SYSTEM32\IPHLPAPI.DLL
0x00007ffe03cb0000 - 0x00007ffe03cba000 	C:\WINDOWS\System32\NSI.dll
0x00007ffdf6f30000 - 0x00007ffdf6f4b000 	C:\WINDOWS\SYSTEM32\dhcpcsvc6.DLL
0x00007ffdf6f00000 - 0x00007ffdf6f20000 	C:\WINDOWS\SYSTEM32\dhcpcsvc.DLL
0x00007ffe01430000 - 0x00007ffe01544000 	C:\WINDOWS\SYSTEM32\DNSAPI.dll
0x00007ffdefee0000 - 0x00007ffdefee8000 	C:\WINDOWS\system32\wshunix.dll

dbghelp: loaded successfully - version: 4.0.5 - missing functions: none
symbol engine: initialized successfully - sym options: 0x614 - pdb path: .;C:\Program Files\Android\Android Studio\jbr\bin;C:\WINDOWS\SYSTEM32;C:\WINDOWS\WinSxS\amd64_microsoft.windows.common-controls_6595b64144ccf1df_6.0.25997.1000_none_8786e03de04a2fab;C:\Program Files\Android\Android Studio\jbr\bin\server;C:\Users\ASUS\.gradle\native\68d5fa5c4cc2d200863cafc0d521ce42e7d3e7ee720ec0a83991735586a16f82\windows-amd64;C:\Users\ASUS\.gradle\native\e376f236ea51e6404a007f0833ffe2c6e607c4080706a723a18a27aeea778392\windows-amd64

VM Arguments:
jvm_args: --add-opens=java.base/java.util=ALL-UNNAMED --add-opens=java.base/java.lang=ALL-UNNAMED --add-opens=java.base/java.lang.invoke=ALL-UNNAMED --add-opens=java.prefs/java.util.prefs=ALL-UNNAMED --add-opens=java.base/java.nio.charset=ALL-UNNAMED --add-opens=java.base/java.net=ALL-UNNAMED --add-opens=java.base/java.util.concurrent.atomic=ALL-UNNAMED -Xmx2048m -Dfile.encoding=UTF-8 -Duser.country=US -Duser.language=en -Duser.variant 
java_command: org.gradle.launcher.daemon.bootstrap.GradleDaemon 8.0
java_class_path (initial): C:\Users\ASUS\.gradle\wrapper\dists\gradle-8.0-bin\ca5e32bp14vu59qr306oxotwh\gradle-8.0\lib\gradle-launcher-8.0.jar
Launcher Type: SUN_STANDARD

[Global flags]
     intx CICompilerCount                          = 3                                         {product} {ergonomic}
     uint ConcGCThreads                            = 1                                         {product} {ergonomic}
     uint G1ConcRefinementThreads                  = 4                                         {product} {ergonomic}
   size_t G1HeapRegionSize                         = 1048576                                   {product} {ergonomic}
    uintx GCDrainStackTargetSize                   = 64                                        {product} {ergonomic}
   size_t InitialHeapSize                          = 134217728                                 {product} {ergonomic}
   size_t MarkStackSize                            = 4194304                                   {product} {ergonomic}
   size_t MaxHeapSize                              = 2147483648                                {product} {command line}
   size_t MaxNewSize                               = 1287651328                                {product} {ergonomic}
   size_t MinHeapDeltaBytes                        = 1048576                                   {product} {ergonomic}
   size_t MinHeapSize                              = 8388608                                   {product} {ergonomic}
    uintx NonNMethodCodeHeapSize                   = 5832780                                {pd product} {ergonomic}
    uintx NonProfiledCodeHeapSize                  = 122912730                              {pd product} {ergonomic}
    uintx ProfiledCodeHeapSize                     = 122912730                              {pd product} {ergonomic}
    uintx ReservedCodeCacheSize                    = 251658240                              {pd product} {ergonomic}
     bool SegmentedCodeCache                       = true                                      {product} {ergonomic}
   size_t SoftMaxHeapSize                          = 2147483648                             {manageable} {ergonomic}
     bool UseCompressedClassPointers               = true                           {product lp64_product} {ergonomic}
     bool UseCompressedOops                        = true                           {product lp64_product} {ergonomic}
     bool UseG1GC                                  = true                                      {product} {ergonomic}
     bool UseLargePagesIndividualAllocation        = false                                  {pd product} {ergonomic}

Logging:
Log output configuration:
 #0: stdout all=warning uptime,level,tags
 #1: stderr all=off uptime,level,tags

Environment Variables:
PATH=C:\Program Files\Common Files\Oracle\Java\javapath;C:\Program Files (x86)\Intel\iCLS Client\;C:\Program Files\Intel\iCLS Client\;C:\Windows\system32;C:\Windows;C:\Windows\System32\Wbem;C:\Windows\System32\WindowsPowerShell\v1.0\;C:\Program Files (x86)\NVIDIA Corporation\PhysX\Common;C:\Program Files (x86)\Intel\Intel(R) Management Engine Components\DAL;C:\Program Files\Intel\Intel(R) Management Engine Components\DAL;C:\Program Files (x86)\Intel\Intel(R) Management Engine Components\IPT;C:\Program Files\Intel\Intel(R) Management Engine Components\IPT;C:\WINDOWS\system32;C:\WINDOWS;C:\WINDOWS\System32\Wbem;C:\WINDOWS\System32\WindowsPowerShell\v1.0\;C:\WINDOWS\System32\OpenSSH\;C:\Users\ASUS\AppData\Local\Microsoft\WindowsApps;
USERNAME=ASAPYON
OS=Windows_NT
PROCESSOR_IDENTIFIER=Intel64 Family 6 Model 78 Stepping 3, GenuineIntel
TMP=C:\Users\ASUS\AppData\Local\Temp
TEMP=C:\Users\ASUS\AppData\Local\Temp


JNI global refs:
JNI global refs: 24, weak refs: 0

JNI global refs memory usage: 843, weak refs: 841


---------------  S Y S T E M  ---------------

OS:
 Windows 11 , 64 bit Build 25997 (10.0.25997.1000)
OS uptime: 1 days 7:59 hours
Hyper-V role detected

CPU: total 4 (initial active 4) (2 cores per cpu, 2 threads per core) family 6 model 78 stepping 3 microcode 0xd6, cx8, cmov, fxsr, ht, mmx, 3dnowpref, sse, sse2, sse3, ssse3, sse4.1, sse4.2, popcnt, lzcnt, tsc, tscinvbit, avx, avx2, aes, erms, clmul, bmi1, bmi2, adx, fma, vzeroupper, clflush, clflushopt, hv

Memory: 4k page, system-wide physical 8088M (272M free)
TotalPageFile size 16088M (AvailPageFile size 77M)
current process WorkingSet (physical memory assigned to process): 419M, peak: 427M
current process commit charge ("private bytes"): 443M, peak: 638M

vm_info: OpenJDK 64-Bit Server VM (17.0.6+0-b2043.56-10027231) for windows-amd64 JRE (17.0.6+0-b2043.56-10027231), built on Apr 28 2023 00:43:19 by "androidbuild" with MS VC++ 16.10 / 16.11 (VS2019)

END.
